Wed, 15 Feb 2023 13:14:10-root-loger.py-[line:123]-INFO-[日志信息]: 数据更新时间:2023-02-15 13:14:10
Wed, 15 Feb 2023 13:14:10-root-loger.py-[line:123]-INFO-[日志信息]: 数据库连接成功
Wed, 15 Feb 2023 13:14:19-root-loger.py-[line:123]-INFO-[日志信息]: close
Wed, 15 Feb 2023 13:14:19-root-loger.py-[line:123]-INFO-[日志信息]: shutdown
Wed, 15 Feb 2023 13:14:19-root-loger.py-[line:123]-INFO-[日志信息]: 退出程序
Wed, 15 Feb 2023 13:16:54-root-loger.py-[line:123]-INFO-[日志信息]: 数据更新时间:2023-02-15 13:16:54
Wed, 15 Feb 2023 13:16:54-root-loger.py-[line:123]-INFO-[日志信息]: 数据库连接成功
Wed, 15 Feb 2023 13:16:59-root-loger.py-[line:125]-DEBUG-[日志信息]: sql connection close
Wed, 15 Feb 2023 13:16:59-root-loger.py-[line:125]-DEBUG-[日志信息]: scheduler shutdown
Wed, 15 Feb 2023 13:16:59-root-loger.py-[line:123]-INFO-[日志信息]: 退出程序
Wed, 15 Feb 2023 13:21:59-root-loger.py-[line:123]-INFO-[日志信息]: 数据更新时间:2023-02-15 13:21:59
Wed, 15 Feb 2023 13:21:59-root-loger.py-[line:123]-INFO-[日志信息]: 数据库连接成功
Wed, 15 Feb 2023 13:22:14-root-loger.py-[line:125]-DEBUG-[日志信息]: _keep_alive
Wed, 15 Feb 2023 13:22:19-root-loger.py-[line:125]-DEBUG-[日志信息]: _keep_alive
Wed, 15 Feb 2023 13:22:20-root-loger.py-[line:125]-DEBUG-[日志信息]: sql connection close
Wed, 15 Feb 2023 13:22:20-root-loger.py-[line:125]-DEBUG-[日志信息]: scheduler shutdown
Wed, 15 Feb 2023 13:22:20-root-loger.py-[line:123]-INFO-[日志信息]: 退出程序
Wed, 15 Feb 2023 13:25:31-root-loger.py-[line:123]-INFO-[日志信息]: 数据更新时间:2023-02-15 13:25:31
Wed, 15 Feb 2023 13:25:31-root-loger.py-[line:123]-INFO-[日志信息]: 数据库连接成功
Wed, 15 Feb 2023 13:25:34-root-loger.py-[line:125]-DEBUG-[日志信息]: sql connection close
Wed, 15 Feb 2023 13:25:34-root-loger.py-[line:125]-DEBUG-[日志信息]: scheduler shutdown
Wed, 15 Feb 2023 13:25:34-root-loger.py-[line:123]-INFO-[日志信息]: 退出程序
Wed, 15 Feb 2023 13:25:58-root-loger.py-[line:123]-INFO-[日志信息]: 数据更新时间:2023-02-15 13:25:58
Wed, 15 Feb 2023 13:25:58-root-loger.py-[line:123]-INFO-[日志信息]: 数据库连接成功
Wed, 15 Feb 2023 13:26:13-root-loger.py-[line:125]-DEBUG-[日志信息]: _keep_alive
Wed, 15 Feb 2023 13:26:18-root-loger.py-[line:125]-DEBUG-[日志信息]: _keep_alive
Wed, 15 Feb 2023 13:26:23-root-loger.py-[line:125]-DEBUG-[日志信息]: _keep_alive
Wed, 15 Feb 2023 13:26:28-root-loger.py-[line:125]-DEBUG-[日志信息]: _keep_alive
Wed, 15 Feb 2023 13:26:33-root-loger.py-[line:125]-DEBUG-[日志信息]: _keep_alive
Wed, 15 Feb 2023 13:26:38-root-loger.py-[line:125]-DEBUG-[日志信息]: _keep_alive
Wed, 15 Feb 2023 13:26:43-root-loger.py-[line:125]-DEBUG-[日志信息]: _keep_alive
Wed, 15 Feb 2023 13:26:48-root-loger.py-[line:125]-DEBUG-[日志信息]: _keep_alive
Wed, 15 Feb 2023 13:26:53-root-loger.py-[line:125]-DEBUG-[日志信息]: _keep_alive
Wed, 15 Feb 2023 13:26:58-root-loger.py-[line:125]-DEBUG-[日志信息]: _keep_alive
Wed, 15 Feb 2023 13:27:03-root-loger.py-[line:125]-DEBUG-[日志信息]: _keep_alive
Wed, 15 Feb 2023 13:27:08-root-loger.py-[line:125]-DEBUG-[日志信息]: _keep_alive
Wed, 15 Feb 2023 13:27:13-root-loger.py-[line:125]-DEBUG-[日志信息]: _keep_alive
Wed, 15 Feb 2023 13:27:18-root-loger.py-[line:125]-DEBUG-[日志信息]: _keep_alive
Wed, 15 Feb 2023 13:27:23-root-loger.py-[line:125]-DEBUG-[日志信息]: _keep_alive
Wed, 15 Feb 2023 13:27:28-root-loger.py-[line:125]-DEBUG-[日志信息]: _keep_alive
Wed, 15 Feb 2023 13:27:33-root-loger.py-[line:125]-DEBUG-[日志信息]: _keep_alive
Wed, 15 Feb 2023 13:27:38-root-loger.py-[line:125]-DEBUG-[日志信息]: _keep_alive
Wed, 15 Feb 2023 13:27:43-root-loger.py-[line:125]-DEBUG-[日志信息]: _keep_alive
Wed, 15 Feb 2023 13:27:48-root-loger.py-[line:125]-DEBUG-[日志信息]: _keep_alive
Wed, 15 Feb 2023 13:27:53-root-loger.py-[line:125]-DEBUG-[日志信息]: _keep_alive
Wed, 15 Feb 2023 13:27:58-root-loger.py-[line:125]-DEBUG-[日志信息]: _keep_alive
Wed, 15 Feb 2023 13:28:03-root-loger.py-[line:125]-DEBUG-[日志信息]: _keep_alive
Wed, 15 Feb 2023 13:28:08-root-loger.py-[line:125]-DEBUG-[日志信息]: _keep_alive
Wed, 15 Feb 2023 13:28:13-root-loger.py-[line:125]-DEBUG-[日志信息]: _keep_alive
Wed, 15 Feb 2023 13:28:18-root-loger.py-[line:125]-DEBUG-[日志信息]: _keep_alive
Wed, 15 Feb 2023 13:28:23-root-loger.py-[line:125]-DEBUG-[日志信息]: _keep_alive
Wed, 15 Feb 2023 13:28:28-root-loger.py-[line:125]-DEBUG-[日志信息]: _keep_alive
Wed, 15 Feb 2023 13:28:33-root-loger.py-[line:125]-DEBUG-[日志信息]: _keep_alive
Wed, 15 Feb 2023 13:28:38-root-loger.py-[line:125]-DEBUG-[日志信息]: _keep_alive
Wed, 15 Feb 2023 13:28:43-root-loger.py-[line:125]-DEBUG-[日志信息]: _keep_alive
Wed, 15 Feb 2023 13:28:48-root-loger.py-[line:125]-DEBUG-[日志信息]: _keep_alive
Wed, 15 Feb 2023 13:28:53-root-loger.py-[line:125]-DEBUG-[日志信息]: _keep_alive
Wed, 15 Feb 2023 13:28:58-root-loger.py-[line:125]-DEBUG-[日志信息]: _keep_alive
Wed, 15 Feb 2023 13:29:02-root-loger.py-[line:125]-DEBUG-[日志信息]: sql connection close
Wed, 15 Feb 2023 13:29:02-root-loger.py-[line:125]-DEBUG-[日志信息]: scheduler shutdown
Wed, 15 Feb 2023 13:29:02-root-loger.py-[line:123]-INFO-[日志信息]: 退出程序
Wed, 15 Feb 2023 13:30:54-root-loger.py-[line:123]-INFO-[日志信息]: 数据更新时间:2023-02-15 13:30:54
Wed, 15 Feb 2023 13:30:54-root-loger.py-[line:123]-INFO-[日志信息]: 数据库连接成功
Wed, 15 Feb 2023 13:31:01-root-loger.py-[line:125]-DEBUG-[日志信息]: sql connection close
Wed, 15 Feb 2023 13:31:01-root-loger.py-[line:125]-DEBUG-[日志信息]: scheduler shutdown
Wed, 15 Feb 2023 13:31:01-root-loger.py-[line:123]-INFO-[日志信息]: 退出程序
Wed, 15 Feb 2023 13:31:09-root-loger.py-[line:123]-INFO-[日志信息]: 数据更新时间:2023-02-15 13:31:09
Wed, 15 Feb 2023 13:31:09-root-loger.py-[line:123]-INFO-[日志信息]: 数据库连接成功
Wed, 15 Feb 2023 13:31:20-root-loger.py-[line:125]-DEBUG-[日志信息]: sql connection close
Wed, 15 Feb 2023 13:31:20-root-loger.py-[line:125]-DEBUG-[日志信息]: scheduler shutdown
Wed, 15 Feb 2023 13:31:20-root-loger.py-[line:123]-INFO-[日志信息]: 退出程序
Wed, 15 Feb 2023 13:31:27-root-loger.py-[line:123]-INFO-[日志信息]: 数据更新时间:2023-02-15 13:31:27
Wed, 15 Feb 2023 13:31:27-root-loger.py-[line:123]-INFO-[日志信息]: 数据库连接成功
Wed, 15 Feb 2023 13:31:35-root-loger.py-[line:125]-DEBUG-[日志信息]: sql connection close
Wed, 15 Feb 2023 13:31:35-root-loger.py-[line:125]-DEBUG-[日志信息]: scheduler shutdown
Wed, 15 Feb 2023 13:31:35-root-loger.py-[line:123]-INFO-[日志信息]: 退出程序
Wed, 15 Feb 2023 13:31:55-root-loger.py-[line:123]-INFO-[日志信息]: 数据更新时间:2023-02-15 13:31:55
Wed, 15 Feb 2023 13:31:55-root-loger.py-[line:123]-INFO-[日志信息]: 数据库连接成功
Wed, 15 Feb 2023 13:32:07-root-loger.py-[line:125]-DEBUG-[日志信息]: sql connection close
Wed, 15 Feb 2023 13:32:07-root-loger.py-[line:125]-DEBUG-[日志信息]: scheduler shutdown
Wed, 15 Feb 2023 13:32:07-root-loger.py-[line:123]-INFO-[日志信息]: 退出程序
Wed, 15 Feb 2023 13:32:14-root-loger.py-[line:123]-INFO-[日志信息]: 数据更新时间:2023-02-15 13:32:14
Wed, 15 Feb 2023 13:32:14-root-loger.py-[line:123]-INFO-[日志信息]: 数据库连接成功
Wed, 15 Feb 2023 13:32:31-root-loger.py-[line:125]-DEBUG-[日志信息]: sql connection close
Wed, 15 Feb 2023 13:32:31-root-loger.py-[line:125]-DEBUG-[日志信息]: scheduler shutdown
Wed, 15 Feb 2023 13:32:31-root-loger.py-[line:123]-INFO-[日志信息]: 退出程序
Wed, 15 Feb 2023 13:32:45-root-loger.py-[line:123]-INFO-[日志信息]: 数据更新时间:2023-02-15 13:32:45
Wed, 15 Feb 2023 13:32:45-root-loger.py-[line:123]-INFO-[日志信息]: 数据库连接成功
Wed, 15 Feb 2023 13:33:13-root-loger.py-[line:125]-DEBUG-[日志信息]: sql connection close
Wed, 15 Feb 2023 13:33:13-root-loger.py-[line:125]-DEBUG-[日志信息]: scheduler shutdown
Wed, 15 Feb 2023 13:33:13-root-loger.py-[line:123]-INFO-[日志信息]: 退出程序
Wed, 15 Feb 2023 13:33:16-root-loger.py-[line:123]-INFO-[日志信息]: 数据更新时间:2023-02-15 13:33:16
Wed, 15 Feb 2023 13:33:16-root-loger.py-[line:123]-INFO-[日志信息]: 数据库连接成功
Wed, 15 Feb 2023 13:33:40-root-loger.py-[line:125]-DEBUG-[日志信息]: sql connection close
Wed, 15 Feb 2023 13:33:40-root-loger.py-[line:125]-DEBUG-[日志信息]: scheduler shutdown
Wed, 15 Feb 2023 13:33:40-root-loger.py-[line:123]-INFO-[日志信息]: 退出程序
Wed, 15 Feb 2023 13:33:42-root-loger.py-[line:123]-INFO-[日志信息]: 数据更新时间:2023-02-15 13:33:42
Wed, 15 Feb 2023 13:33:42-root-loger.py-[line:123]-INFO-[日志信息]: 数据库连接成功
Wed, 15 Feb 2023 13:33:57-root-loger.py-[line:125]-DEBUG-[日志信息]: _keep_alive
Wed, 15 Feb 2023 13:34:01-root-loger.py-[line:125]-DEBUG-[日志信息]: sql connection close
Wed, 15 Feb 2023 13:34:01-root-loger.py-[line:125]-DEBUG-[日志信息]: scheduler shutdown
Wed, 15 Feb 2023 13:34:01-root-loger.py-[line:123]-INFO-[日志信息]: 退出程序
Wed, 15 Feb 2023 13:34:04-root-loger.py-[line:123]-INFO-[日志信息]: 数据更新时间:2023-02-15 13:34:04
Wed, 15 Feb 2023 13:34:04-root-loger.py-[line:123]-INFO-[日志信息]: 数据库连接成功
Wed, 15 Feb 2023 13:34:17-root-loger.py-[line:125]-DEBUG-[日志信息]: sql connection close
Wed, 15 Feb 2023 13:34:17-root-loger.py-[line:125]-DEBUG-[日志信息]: scheduler shutdown
Wed, 15 Feb 2023 13:34:17-root-loger.py-[line:123]-INFO-[日志信息]: 退出程序
Wed, 15 Feb 2023 13:35:25-root-loger.py-[line:123]-INFO-[日志信息]: 数据更新时间:2023-02-15 13:35:25
Wed, 15 Feb 2023 13:35:25-root-loger.py-[line:123]-INFO-[日志信息]: 数据库连接成功
Wed, 15 Feb 2023 13:35:40-root-loger.py-[line:125]-DEBUG-[日志信息]: _keep_alive
Wed, 15 Feb 2023 13:35:45-root-loger.py-[line:125]-DEBUG-[日志信息]: _keep_alive
Wed, 15 Feb 2023 13:35:50-root-loger.py-[line:125]-DEBUG-[日志信息]: _keep_alive
Wed, 15 Feb 2023 13:35:55-root-loger.py-[line:125]-DEBUG-[日志信息]: _keep_alive
Wed, 15 Feb 2023 13:36:00-root-loger.py-[line:125]-DEBUG-[日志信息]: _keep_alive
Wed, 15 Feb 2023 13:36:05-root-loger.py-[line:125]-DEBUG-[日志信息]: _keep_alive
Wed, 15 Feb 2023 13:36:10-root-loger.py-[line:125]-DEBUG-[日志信息]: _keep_alive
Wed, 15 Feb 2023 13:36:15-root-loger.py-[line:125]-DEBUG-[日志信息]: _keep_alive
Wed, 15 Feb 2023 13:36:20-root-loger.py-[line:125]-DEBUG-[日志信息]: _keep_alive
Wed, 15 Feb 2023 13:36:23-root-loger.py-[line:125]-DEBUG-[日志信息]: sql connection close
Wed, 15 Feb 2023 13:36:23-root-loger.py-[line:125]-DEBUG-[日志信息]: scheduler shutdown
Wed, 15 Feb 2023 13:36:23-root-loger.py-[line:123]-INFO-[日志信息]: 退出程序
Wed, 15 Feb 2023 13:36:24-root-loger.py-[line:123]-INFO-[日志信息]: 数据更新时间:2023-02-15 13:36:24
Wed, 15 Feb 2023 13:36:24-root-loger.py-[line:123]-INFO-[日志信息]: 数据库连接成功
Wed, 15 Feb 2023 13:36:39-root-loger.py-[line:125]-DEBUG-[日志信息]: _keep_alive
Wed, 15 Feb 2023 13:36:44-root-loger.py-[line:125]-DEBUG-[日志信息]: _keep_alive
Wed, 15 Feb 2023 13:36:49-root-loger.py-[line:125]-DEBUG-[日志信息]: _keep_alive
Wed, 15 Feb 2023 13:36:54-root-loger.py-[line:125]-DEBUG-[日志信息]: _keep_alive
Wed, 15 Feb 2023 13:36:59-root-loger.py-[line:125]-DEBUG-[日志信息]: _keep_alive
Wed, 15 Feb 2023 13:37:03-root-loger.py-[line:125]-DEBUG-[日志信息]: sql connection close
Wed, 15 Feb 2023 13:37:03-root-loger.py-[line:125]-DEBUG-[日志信息]: scheduler shutdown
Wed, 15 Feb 2023 13:37:03-root-loger.py-[line:123]-INFO-[日志信息]: 退出程序
Wed, 15 Feb 2023 13:37:05-root-loger.py-[line:123]-INFO-[日志信息]: 数据更新时间:2023-02-15 13:37:05
Wed, 15 Feb 2023 13:37:05-root-loger.py-[line:123]-INFO-[日志信息]: 数据库连接成功
Wed, 15 Feb 2023 13:37:11-root-loger.py-[line:125]-DEBUG-[日志信息]: sql connection close
Wed, 15 Feb 2023 13:37:11-root-loger.py-[line:125]-DEBUG-[日志信息]: scheduler shutdown
Wed, 15 Feb 2023 13:37:11-root-loger.py-[line:123]-INFO-[日志信息]: 退出程序
Wed, 15 Feb 2023 13:49:41-root-loger.py-[line:123]-INFO-[日志信息]: 数据更新时间:2023-02-15 13:49:41
Wed, 15 Feb 2023 13:49:41-root-loger.py-[line:123]-INFO-[日志信息]: 数据库连接成功
Wed, 15 Feb 2023 13:49:46-root-loger.py-[line:125]-DEBUG-[日志信息]: sql connection close
Wed, 15 Feb 2023 13:49:46-root-loger.py-[line:125]-DEBUG-[日志信息]: scheduler shutdown
Wed, 15 Feb 2023 13:49:46-root-loger.py-[line:123]-INFO-[日志信息]: 退出程序
Wed, 15 Feb 2023 13:52:02-root-loger.py-[line:123]-INFO-[日志信息]: 数据更新时间:2023-02-15 13:52:02
Wed, 15 Feb 2023 13:52:02-root-loger.py-[line:123]-INFO-[日志信息]: 数据库连接成功
Wed, 15 Feb 2023 13:52:14-root-loger.py-[line:125]-DEBUG-[日志信息]: sql connection close
Wed, 15 Feb 2023 13:52:14-root-loger.py-[line:125]-DEBUG-[日志信息]: scheduler shutdown
Wed, 15 Feb 2023 13:52:14-root-loger.py-[line:123]-INFO-[日志信息]: 退出程序
Wed, 15 Feb 2023 13:52:18-root-loger.py-[line:123]-INFO-[日志信息]: 数据更新时间:2023-02-15 13:52:18
Wed, 15 Feb 2023 13:52:18-root-loger.py-[line:123]-INFO-[日志信息]: 数据库连接成功
Wed, 15 Feb 2023 13:52:28-root-loger.py-[line:125]-DEBUG-[日志信息]: _keep_alive
Wed, 15 Feb 2023 13:52:33-root-loger.py-[line:125]-DEBUG-[日志信息]: _keep_alive
Wed, 15 Feb 2023 13:52:38-root-loger.py-[line:125]-DEBUG-[日志信息]: _keep_alive
Wed, 15 Feb 2023 13:52:43-root-loger.py-[line:125]-DEBUG-[日志信息]: _keep_alive
Wed, 15 Feb 2023 13:52:48-root-loger.py-[line:125]-DEBUG-[日志信息]: sql connection close
Wed, 15 Feb 2023 13:52:48-root-loger.py-[line:125]-DEBUG-[日志信息]: _keep_alive
Wed, 15 Feb 2023 13:52:48-root-loger.py-[line:125]-DEBUG-[日志信息]: scheduler shutdown
Wed, 15 Feb 2023 13:52:48-root-loger.py-[line:123]-INFO-[日志信息]: 退出程序
Wed, 15 Feb 2023 13:52:50-root-loger.py-[line:123]-INFO-[日志信息]: 数据更新时间:2023-02-15 13:52:50
Wed, 15 Feb 2023 13:52:50-root-loger.py-[line:123]-INFO-[日志信息]: 数据库连接成功
Wed, 15 Feb 2023 13:53:00-root-loger.py-[line:125]-DEBUG-[日志信息]: sql connection close
Wed, 15 Feb 2023 13:53:00-root-loger.py-[line:125]-DEBUG-[日志信息]: scheduler shutdown
Wed, 15 Feb 2023 13:53:00-root-loger.py-[line:123]-INFO-[日志信息]: 退出程序
Wed, 15 Feb 2023 13:53:02-root-loger.py-[line:123]-INFO-[日志信息]: 数据更新时间:2023-02-15 13:53:02
Wed, 15 Feb 2023 13:53:02-root-loger.py-[line:123]-INFO-[日志信息]: 数据库连接成功
Wed, 15 Feb 2023 13:53:12-root-loger.py-[line:125]-DEBUG-[日志信息]: _keep_alive
Wed, 15 Feb 2023 13:53:17-root-loger.py-[line:125]-DEBUG-[日志信息]: sql connection close
Wed, 15 Feb 2023 13:53:17-root-loger.py-[line:125]-DEBUG-[日志信息]: scheduler shutdown
Wed, 15 Feb 2023 13:53:17-root-loger.py-[line:123]-INFO-[日志信息]: 退出程序
Wed, 15 Feb 2023 13:55:14-root-loger.py-[line:123]-INFO-[日志信息]: 数据更新时间:2023-02-15 13:55:14
Wed, 15 Feb 2023 13:55:14-root-loger.py-[line:123]-INFO-[日志信息]: 数据库连接成功
Wed, 15 Feb 2023 13:55:24-root-loger.py-[line:125]-DEBUG-[日志信息]: _keep_alive
Wed, 15 Feb 2023 13:55:29-root-loger.py-[line:125]-DEBUG-[日志信息]: _keep_alive
Wed, 15 Feb 2023 13:55:34-root-loger.py-[line:125]-DEBUG-[日志信息]: _keep_alive
Wed, 15 Feb 2023 13:55:39-root-loger.py-[line:125]-DEBUG-[日志信息]: _keep_alive
Wed, 15 Feb 2023 13:55:44-root-loger.py-[line:125]-DEBUG-[日志信息]: _keep_alive
Wed, 15 Feb 2023 13:55:49-root-loger.py-[line:125]-DEBUG-[日志信息]: _keep_alive
Wed, 15 Feb 2023 13:55:54-root-loger.py-[line:125]-DEBUG-[日志信息]: _keep_alive
Wed, 15 Feb 2023 13:55:59-root-loger.py-[line:125]-DEBUG-[日志信息]: _keep_alive
Wed, 15 Feb 2023 13:56:04-root-loger.py-[line:125]-DEBUG-[日志信息]: _keep_alive
Wed, 15 Feb 2023 13:56:09-root-loger.py-[line:125]-DEBUG-[日志信息]: _keep_alive
Wed, 15 Feb 2023 13:56:14-root-loger.py-[line:125]-DEBUG-[日志信息]: _keep_alive
Wed, 15 Feb 2023 13:56:19-root-loger.py-[line:125]-DEBUG-[日志信息]: _keep_alive
Wed, 15 Feb 2023 13:56:24-root-loger.py-[line:125]-DEBUG-[日志信息]: _keep_alive
Wed, 15 Feb 2023 13:56:29-root-loger.py-[line:125]-DEBUG-[日志信息]: _keep_alive
Wed, 15 Feb 2023 13:56:34-root-loger.py-[line:125]-DEBUG-[日志信息]: _keep_alive
Wed, 15 Feb 2023 13:56:36-root-loger.py-[line:125]-DEBUG-[日志信息]: sql connection close
Wed, 15 Feb 2023 13:56:36-root-loger.py-[line:125]-DEBUG-[日志信息]: scheduler shutdown
Wed, 15 Feb 2023 13:56:36-root-loger.py-[line:123]-INFO-[日志信息]: 退出程序
Wed, 15 Feb 2023 14:08:59-root-loger.py-[line:123]-INFO-[日志信息]: 数据更新时间:2023-02-15 14:08:59
Wed, 15 Feb 2023 14:08:59-root-loger.py-[line:123]-INFO-[日志信息]: 数据库连接成功
Wed, 15 Feb 2023 14:09:05-root-loger.py-[line:125]-DEBUG-[日志信息]: sql connection close
Wed, 15 Feb 2023 14:09:05-root-loger.py-[line:125]-DEBUG-[日志信息]: scheduler shutdown
Wed, 15 Feb 2023 14:09:05-root-loger.py-[line:123]-INFO-[日志信息]: 退出程序
Wed, 15 Feb 2023 14:11:28-root-loger.py-[line:123]-INFO-[日志信息]: 数据更新时间:2023-02-15 14:11:28
Wed, 15 Feb 2023 14:11:28-root-loger.py-[line:123]-INFO-[日志信息]: 数据库连接成功
Wed, 15 Feb 2023 14:11:43-root-loger.py-[line:125]-DEBUG-[日志信息]: _keep_alive
Wed, 15 Feb 2023 14:11:44-root-loger.py-[line:125]-DEBUG-[日志信息]: sql connection close
Wed, 15 Feb 2023 14:11:44-root-loger.py-[line:125]-DEBUG-[日志信息]: scheduler shutdown
Wed, 15 Feb 2023 14:11:44-root-loger.py-[line:123]-INFO-[日志信息]: 退出程序
Wed, 15 Feb 2023 14:11:45-root-loger.py-[line:123]-INFO-[日志信息]: 数据更新时间:2023-02-15 14:11:45
Wed, 15 Feb 2023 14:11:45-root-loger.py-[line:123]-INFO-[日志信息]: 数据库连接成功
Wed, 15 Feb 2023 14:11:49-root-loger.py-[line:125]-DEBUG-[日志信息]: sql connection close
Wed, 15 Feb 2023 14:11:49-root-loger.py-[line:125]-DEBUG-[日志信息]: scheduler shutdown
Wed, 15 Feb 2023 14:11:49-root-loger.py-[line:123]-INFO-[日志信息]: 退出程序
Wed, 15 Feb 2023 14:12:08-root-loger.py-[line:123]-INFO-[日志信息]: 数据更新时间:2023-02-15 14:12:08
Wed, 15 Feb 2023 14:12:08-root-loger.py-[line:123]-INFO-[日志信息]: 数据库连接成功
Wed, 15 Feb 2023 14:12:18-root-loger.py-[line:125]-DEBUG-[日志信息]: _keep_alive
Wed, 15 Feb 2023 14:12:23-root-loger.py-[line:125]-DEBUG-[日志信息]: _keep_alive
Wed, 15 Feb 2023 14:12:23-root-loger.py-[line:125]-DEBUG-[日志信息]: sql connection close
Wed, 15 Feb 2023 14:12:23-root-loger.py-[line:125]-DEBUG-[日志信息]: scheduler shutdown
Wed, 15 Feb 2023 14:12:23-root-loger.py-[line:123]-INFO-[日志信息]: 退出程序
Wed, 15 Feb 2023 14:12:25-root-loger.py-[line:123]-INFO-[日志信息]: 数据更新时间:2023-02-15 14:12:25
Wed, 15 Feb 2023 14:12:25-root-loger.py-[line:123]-INFO-[日志信息]: 数据库连接成功
Wed, 15 Feb 2023 14:12:40-root-loger.py-[line:125]-DEBUG-[日志信息]: _keep_alive
Wed, 15 Feb 2023 14:12:45-root-loger.py-[line:125]-DEBUG-[日志信息]: _keep_alive
Wed, 15 Feb 2023 14:12:50-root-loger.py-[line:125]-DEBUG-[日志信息]: _keep_alive
Wed, 15 Feb 2023 14:12:55-root-loger.py-[line:125]-DEBUG-[日志信息]: _keep_alive
Wed, 15 Feb 2023 14:13:00-root-loger.py-[line:125]-DEBUG-[日志信息]: _keep_alive
Wed, 15 Feb 2023 14:13:05-root-loger.py-[line:125]-DEBUG-[日志信息]: _keep_alive
Wed, 15 Feb 2023 14:13:10-root-loger.py-[line:125]-DEBUG-[日志信息]: _keep_alive
Wed, 15 Feb 2023 14:13:15-root-loger.py-[line:125]-DEBUG-[日志信息]: _keep_alive
Wed, 15 Feb 2023 14:13:20-root-loger.py-[line:125]-DEBUG-[日志信息]: _keep_alive
Wed, 15 Feb 2023 14:13:25-root-loger.py-[line:125]-DEBUG-[日志信息]: _keep_alive
Wed, 15 Feb 2023 14:13:30-root-loger.py-[line:125]-DEBUG-[日志信息]: _keep_alive
Wed, 15 Feb 2023 14:13:35-root-loger.py-[line:125]-DEBUG-[日志信息]: _keep_alive
Wed, 15 Feb 2023 14:13:40-root-loger.py-[line:125]-DEBUG-[日志信息]: _keep_alive
Wed, 15 Feb 2023 14:13:45-root-loger.py-[line:125]-DEBUG-[日志信息]: _keep_alive
Wed, 15 Feb 2023 14:13:50-root-loger.py-[line:125]-DEBUG-[日志信息]: _keep_alive
Wed, 15 Feb 2023 14:13:52-root-loger.py-[line:125]-DEBUG-[日志信息]: sql connection close
Wed, 15 Feb 2023 14:13:52-root-loger.py-[line:125]-DEBUG-[日志信息]: scheduler shutdown
Wed, 15 Feb 2023 14:13:52-root-loger.py-[line:123]-INFO-[日志信息]: 退出程序
Wed, 15 Feb 2023 14:18:39-root-loger.py-[line:123]-INFO-[日志信息]: 数据更新时间:2023-02-15 14:18:39
Wed, 15 Feb 2023 14:18:39-root-loger.py-[line:123]-INFO-[日志信息]: 数据库连接成功
Wed, 15 Feb 2023 14:18:59-root-loger.py-[line:125]-DEBUG-[日志信息]: _keep_alive
Wed, 15 Feb 2023 14:19:09-root-loger.py-[line:125]-DEBUG-[日志信息]: _keep_alive
Wed, 15 Feb 2023 14:19:19-root-loger.py-[line:125]-DEBUG-[日志信息]: _keep_alive
Wed, 15 Feb 2023 14:19:29-root-loger.py-[line:125]-DEBUG-[日志信息]: _keep_alive
Wed, 15 Feb 2023 14:19:39-root-loger.py-[line:125]-DEBUG-[日志信息]: _keep_alive
Wed, 15 Feb 2023 14:19:48-root-loger.py-[line:125]-DEBUG-[日志信息]: sql connection close
Wed, 15 Feb 2023 14:19:48-root-loger.py-[line:125]-DEBUG-[日志信息]: scheduler shutdown
Wed, 15 Feb 2023 14:19:48-root-loger.py-[line:123]-INFO-[日志信息]: 退出程序
Wed, 15 Feb 2023 14:20:59-root-loger.py-[line:123]-INFO-[日志信息]: 数据更新时间:2023-02-15 14:20:59
Wed, 15 Feb 2023 14:20:59-root-loger.py-[line:123]-INFO-[日志信息]: 数据库连接成功
Wed, 15 Feb 2023 14:21:07-root-loger.py-[line:125]-DEBUG-[日志信息]: sql connection close
Wed, 15 Feb 2023 14:21:07-root-loger.py-[line:125]-DEBUG-[日志信息]: scheduler shutdown
Wed, 15 Feb 2023 14:21:07-root-loger.py-[line:123]-INFO-[日志信息]: 退出程序
Wed, 15 Feb 2023 14:21:44-root-loger.py-[line:123]-INFO-[日志信息]: 数据更新时间:2023-02-15 14:21:44
Wed, 15 Feb 2023 14:21:44-root-loger.py-[line:123]-INFO-[日志信息]: 数据库连接成功
Wed, 15 Feb 2023 14:22:00-root-loger.py-[line:125]-DEBUG-[日志信息]: sql connection close
Wed, 15 Feb 2023 14:22:00-root-loger.py-[line:125]-DEBUG-[日志信息]: scheduler shutdown
Wed, 15 Feb 2023 14:22:00-root-loger.py-[line:123]-INFO-[日志信息]: 退出程序
Wed, 15 Feb 2023 14:22:04-root-loger.py-[line:123]-INFO-[日志信息]: 数据更新时间:2023-02-15 14:22:04
Wed, 15 Feb 2023 14:22:04-root-loger.py-[line:123]-INFO-[日志信息]: 数据库连接成功
Wed, 15 Feb 2023 14:22:21-root-loger.py-[line:125]-DEBUG-[日志信息]: sql connection close
Wed, 15 Feb 2023 14:22:21-root-loger.py-[line:125]-DEBUG-[日志信息]: scheduler shutdown
Wed, 15 Feb 2023 14:22:21-root-loger.py-[line:123]-INFO-[日志信息]: 退出程序
Wed, 15 Feb 2023 14:22:23-root-loger.py-[line:123]-INFO-[日志信息]: 数据更新时间:2023-02-15 14:22:23
Wed, 15 Feb 2023 14:22:23-root-loger.py-[line:123]-INFO-[日志信息]: 数据库连接成功
Wed, 15 Feb 2023 14:22:43-root-loger.py-[line:125]-DEBUG-[日志信息]: _keep_alive
Wed, 15 Feb 2023 14:22:53-root-loger.py-[line:125]-DEBUG-[日志信息]: _keep_alive
Wed, 15 Feb 2023 14:23:03-root-loger.py-[line:125]-DEBUG-[日志信息]: _keep_alive
Wed, 15 Feb 2023 14:23:11-root-loger.py-[line:125]-DEBUG-[日志信息]: sql connection close
Wed, 15 Feb 2023 14:23:11-root-loger.py-[line:125]-DEBUG-[日志信息]: scheduler shutdown
Wed, 15 Feb 2023 14:23:11-root-loger.py-[line:123]-INFO-[日志信息]: 退出程序
Wed, 15 Feb 2023 14:23:13-root-loger.py-[line:123]-INFO-[日志信息]: 数据更新时间:2023-02-15 14:23:13
Wed, 15 Feb 2023 14:23:13-root-loger.py-[line:123]-INFO-[日志信息]: 数据库连接成功
Wed, 15 Feb 2023 14:23:27-root-loger.py-[line:125]-DEBUG-[日志信息]: sql connection close
Wed, 15 Feb 2023 14:23:27-root-loger.py-[line:125]-DEBUG-[日志信息]: scheduler shutdown
Wed, 15 Feb 2023 14:23:27-root-loger.py-[line:123]-INFO-[日志信息]: 退出程序
Wed, 15 Feb 2023 14:23:28-root-loger.py-[line:123]-INFO-[日志信息]: 数据更新时间:2023-02-15 14:23:28
Wed, 15 Feb 2023 14:23:28-root-loger.py-[line:123]-INFO-[日志信息]: 数据库连接成功
Wed, 15 Feb 2023 14:23:31-root-loger.py-[line:125]-DEBUG-[日志信息]: sql connection close
Wed, 15 Feb 2023 14:23:31-root-loger.py-[line:125]-DEBUG-[日志信息]: scheduler shutdown
Wed, 15 Feb 2023 14:23:31-root-loger.py-[line:123]-INFO-[日志信息]: 退出程序
Wed, 15 Feb 2023 14:23:43-root-loger.py-[line:123]-INFO-[日志信息]: 数据更新时间:2023-02-15 14:23:43
Wed, 15 Feb 2023 14:23:43-root-loger.py-[line:123]-INFO-[日志信息]: 数据库连接成功
Wed, 15 Feb 2023 14:24:03-root-loger.py-[line:125]-DEBUG-[日志信息]: _keep_alive
Wed, 15 Feb 2023 14:24:13-root-loger.py-[line:125]-DEBUG-[日志信息]: _keep_alive
Wed, 15 Feb 2023 14:24:21-root-loger.py-[line:125]-DEBUG-[日志信息]: sql connection close
Wed, 15 Feb 2023 14:24:21-root-loger.py-[line:125]-DEBUG-[日志信息]: scheduler shutdown
Wed, 15 Feb 2023 14:24:21-root-loger.py-[line:123]-INFO-[日志信息]: 退出程序
Wed, 15 Feb 2023 14:24:29-root-loger.py-[line:123]-INFO-[日志信息]: 数据更新时间:2023-02-15 14:24:29
Wed, 15 Feb 2023 14:24:29-root-loger.py-[line:123]-INFO-[日志信息]: 数据库连接成功
Wed, 15 Feb 2023 14:24:35-root-loger.py-[line:125]-DEBUG-[日志信息]: sql connection close
Wed, 15 Feb 2023 14:24:35-root-loger.py-[line:125]-DEBUG-[日志信息]: scheduler shutdown
Wed, 15 Feb 2023 14:24:35-root-loger.py-[line:123]-INFO-[日志信息]: 退出程序
Wed, 15 Feb 2023 14:24:41-root-loger.py-[line:123]-INFO-[日志信息]: 数据更新时间:2023-02-15 14:24:41
Wed, 15 Feb 2023 14:24:41-root-loger.py-[line:123]-INFO-[日志信息]: 数据库连接成功
Wed, 15 Feb 2023 14:24:59-root-loger.py-[line:125]-DEBUG-[日志信息]: sql connection close
Wed, 15 Feb 2023 14:24:59-root-loger.py-[line:125]-DEBUG-[日志信息]: scheduler shutdown
Wed, 15 Feb 2023 14:24:59-root-loger.py-[line:123]-INFO-[日志信息]: 退出程序
Wed, 15 Feb 2023 14:25:01-root-loger.py-[line:123]-INFO-[日志信息]: 数据更新时间:2023-02-15 14:25:01
Wed, 15 Feb 2023 14:25:01-root-loger.py-[line:123]-INFO-[日志信息]: 数据库连接成功
Wed, 15 Feb 2023 14:25:15-root-loger.py-[line:125]-DEBUG-[日志信息]: sql connection close
Wed, 15 Feb 2023 14:25:15-root-loger.py-[line:125]-DEBUG-[日志信息]: scheduler shutdown
Wed, 15 Feb 2023 14:25:15-root-loger.py-[line:123]-INFO-[日志信息]: 退出程序
Wed, 15 Feb 2023 14:25:16-root-loger.py-[line:123]-INFO-[日志信息]: 数据更新时间:2023-02-15 14:25:16
Wed, 15 Feb 2023 14:25:16-root-loger.py-[line:123]-INFO-[日志信息]: 数据库连接成功
Wed, 15 Feb 2023 14:25:36-root-loger.py-[line:125]-DEBUG-[日志信息]: sql connection close
Wed, 15 Feb 2023 14:25:36-root-loger.py-[line:125]-DEBUG-[日志信息]: scheduler shutdown
Wed, 15 Feb 2023 14:25:36-root-loger.py-[line:123]-INFO-[日志信息]: 退出程序
Wed, 15 Feb 2023 14:25:38-root-loger.py-[line:123]-INFO-[日志信息]: 数据更新时间:2023-02-15 14:25:38
Wed, 15 Feb 2023 14:25:38-root-loger.py-[line:123]-INFO-[日志信息]: 数据库连接成功
Wed, 15 Feb 2023 14:25:47-root-loger.py-[line:125]-DEBUG-[日志信息]: sql connection close
Wed, 15 Feb 2023 14:25:47-root-loger.py-[line:125]-DEBUG-[日志信息]: scheduler shutdown
Wed, 15 Feb 2023 14:25:47-root-loger.py-[line:123]-INFO-[日志信息]: 退出程序
Wed, 15 Feb 2023 14:26:55-root-loger.py-[line:123]-INFO-[日志信息]: 数据更新时间:2023-02-15 14:26:55
Wed, 15 Feb 2023 14:26:55-root-loger.py-[line:123]-INFO-[日志信息]: 数据库连接成功
Wed, 15 Feb 2023 14:27:00-root-loger.py-[line:125]-DEBUG-[日志信息]: sql connection close
Wed, 15 Feb 2023 14:27:00-root-loger.py-[line:125]-DEBUG-[日志信息]: scheduler shutdown
Wed, 15 Feb 2023 14:27:00-root-loger.py-[line:123]-INFO-[日志信息]: 退出程序
Wed, 15 Feb 2023 14:27:55-root-loger.py-[line:123]-INFO-[日志信息]: 数据更新时间:2023-02-15 14:27:55
Wed, 15 Feb 2023 14:27:55-root-loger.py-[line:123]-INFO-[日志信息]: 数据库连接成功
Wed, 15 Feb 2023 14:28:15-root-loger.py-[line:125]-DEBUG-[日志信息]: _keep_alive
Wed, 15 Feb 2023 14:28:24-root-loger.py-[line:125]-DEBUG-[日志信息]: sql connection close
Wed, 15 Feb 2023 14:28:24-root-loger.py-[line:125]-DEBUG-[日志信息]: scheduler shutdown
Wed, 15 Feb 2023 14:28:24-root-loger.py-[line:123]-INFO-[日志信息]: 退出程序
Wed, 15 Feb 2023 14:28:26-root-loger.py-[line:123]-INFO-[日志信息]: 数据更新时间:2023-02-15 14:28:26
Wed, 15 Feb 2023 14:28:26-root-loger.py-[line:123]-INFO-[日志信息]: 数据库连接成功
Wed, 15 Feb 2023 14:28:41-root-loger.py-[line:125]-DEBUG-[日志信息]: sql connection close
Wed, 15 Feb 2023 14:28:41-root-loger.py-[line:125]-DEBUG-[日志信息]: scheduler shutdown
Wed, 15 Feb 2023 14:28:41-root-loger.py-[line:123]-INFO-[日志信息]: 退出程序
Wed, 15 Feb 2023 14:28:43-root-loger.py-[line:123]-INFO-[日志信息]: 数据更新时间:2023-02-15 14:28:43
Wed, 15 Feb 2023 14:28:43-root-loger.py-[line:123]-INFO-[日志信息]: 数据库连接成功
Wed, 15 Feb 2023 14:29:03-root-loger.py-[line:125]-DEBUG-[日志信息]: _keep_alive
Wed, 15 Feb 2023 14:29:07-root-loger.py-[line:125]-DEBUG-[日志信息]: sql connection close
Wed, 15 Feb 2023 14:29:07-root-loger.py-[line:125]-DEBUG-[日志信息]: scheduler shutdown
Wed, 15 Feb 2023 14:29:07-root-loger.py-[line:123]-INFO-[日志信息]: 退出程序
Wed, 15 Feb 2023 14:29:08-root-loger.py-[line:123]-INFO-[日志信息]: 数据更新时间:2023-02-15 14:29:08
Wed, 15 Feb 2023 14:29:08-root-loger.py-[line:123]-INFO-[日志信息]: 数据库连接成功
Wed, 15 Feb 2023 14:29:28-root-loger.py-[line:125]-DEBUG-[日志信息]: _keep_alive
Wed, 15 Feb 2023 14:29:38-root-loger.py-[line:125]-DEBUG-[日志信息]: _keep_alive
Wed, 15 Feb 2023 14:29:48-root-loger.py-[line:125]-DEBUG-[日志信息]: _keep_alive
Wed, 15 Feb 2023 14:29:58-root-loger.py-[line:125]-DEBUG-[日志信息]: _keep_alive
Wed, 15 Feb 2023 14:30:08-root-loger.py-[line:125]-DEBUG-[日志信息]: _keep_alive
Wed, 15 Feb 2023 14:30:18-root-loger.py-[line:125]-DEBUG-[日志信息]: _keep_alive
Wed, 15 Feb 2023 14:30:28-root-loger.py-[line:125]-DEBUG-[日志信息]: _keep_alive
Wed, 15 Feb 2023 14:30:38-root-loger.py-[line:125]-DEBUG-[日志信息]: _keep_alive
Wed, 15 Feb 2023 14:30:48-root-loger.py-[line:125]-DEBUG-[日志信息]: _keep_alive
Wed, 15 Feb 2023 14:30:58-root-loger.py-[line:125]-DEBUG-[日志信息]: _keep_alive
Wed, 15 Feb 2023 14:31:08-root-loger.py-[line:125]-DEBUG-[日志信息]: _keep_alive
Wed, 15 Feb 2023 14:31:18-root-loger.py-[line:125]-DEBUG-[日志信息]: _keep_alive
Wed, 15 Feb 2023 14:31:28-root-loger.py-[line:125]-DEBUG-[日志信息]: _keep_alive
Wed, 15 Feb 2023 14:31:38-root-loger.py-[line:125]-DEBUG-[日志信息]: _keep_alive
Wed, 15 Feb 2023 14:31:48-root-loger.py-[line:125]-DEBUG-[日志信息]: _keep_alive
Wed, 15 Feb 2023 14:31:54-root-loger.py-[line:125]-DEBUG-[日志信息]: sql connection close
Wed, 15 Feb 2023 14:31:54-root-loger.py-[line:125]-DEBUG-[日志信息]: scheduler shutdown
Wed, 15 Feb 2023 14:31:54-root-loger.py-[line:123]-INFO-[日志信息]: 退出程序
Wed, 15 Feb 2023 14:31:56-root-loger.py-[line:123]-INFO-[日志信息]: 数据更新时间:2023-02-15 14:31:56
Wed, 15 Feb 2023 14:31:56-root-loger.py-[line:123]-INFO-[日志信息]: 数据库连接成功
Wed, 15 Feb 2023 14:32:16-root-loger.py-[line:125]-DEBUG-[日志信息]: _keep_alive
Wed, 15 Feb 2023 14:32:22-root-loger.py-[line:125]-DEBUG-[日志信息]: sql connection close
Wed, 15 Feb 2023 14:32:22-root-loger.py-[line:125]-DEBUG-[日志信息]: scheduler shutdown
Wed, 15 Feb 2023 14:32:22-root-loger.py-[line:123]-INFO-[日志信息]: 退出程序
Wed, 15 Feb 2023 14:32:55-root-loger.py-[line:123]-INFO-[日志信息]: 数据更新时间:2023-02-15 14:32:55
Wed, 15 Feb 2023 14:32:55-root-loger.py-[line:123]-INFO-[日志信息]: 数据库连接成功
Wed, 15 Feb 2023 14:33:15-root-loger.py-[line:125]-DEBUG-[日志信息]: _keep_alive
Wed, 15 Feb 2023 14:33:25-root-loger.py-[line:125]-DEBUG-[日志信息]: _keep_alive
Wed, 15 Feb 2023 14:33:35-root-loger.py-[line:125]-DEBUG-[日志信息]: _keep_alive
Wed, 15 Feb 2023 14:33:45-root-loger.py-[line:125]-DEBUG-[日志信息]: _keep_alive
Wed, 15 Feb 2023 14:33:55-root-loger.py-[line:125]-DEBUG-[日志信息]: _keep_alive
Wed, 15 Feb 2023 14:34:05-root-loger.py-[line:125]-DEBUG-[日志信息]: _keep_alive
Wed, 15 Feb 2023 14:34:15-root-loger.py-[line:125]-DEBUG-[日志信息]: _keep_alive
Wed, 15 Feb 2023 14:34:25-root-loger.py-[line:125]-DEBUG-[日志信息]: _keep_alive
Wed, 15 Feb 2023 14:34:35-root-loger.py-[line:125]-DEBUG-[日志信息]: _keep_alive
Wed, 15 Feb 2023 14:34:45-root-loger.py-[line:125]-DEBUG-[日志信息]: _keep_alive
Wed, 15 Feb 2023 14:34:55-root-loger.py-[line:125]-DEBUG-[日志信息]: _keep_alive
Wed, 15 Feb 2023 14:35:05-root-loger.py-[line:125]-DEBUG-[日志信息]: _keep_alive
Wed, 15 Feb 2023 14:35:15-root-loger.py-[line:125]-DEBUG-[日志信息]: _keep_alive
Wed, 15 Feb 2023 14:35:25-root-loger.py-[line:125]-DEBUG-[日志信息]: _keep_alive
Wed, 15 Feb 2023 14:35:35-root-loger.py-[line:125]-DEBUG-[日志信息]: _keep_alive
Wed, 15 Feb 2023 14:35:45-root-loger.py-[line:125]-DEBUG-[日志信息]: _keep_alive
Wed, 15 Feb 2023 14:35:55-root-loger.py-[line:125]-DEBUG-[日志信息]: _keep_alive
Wed, 15 Feb 2023 14:36:05-root-loger.py-[line:125]-DEBUG-[日志信息]: _keep_alive
Wed, 15 Feb 2023 14:36:15-root-loger.py-[line:125]-DEBUG-[日志信息]: _keep_alive
Wed, 15 Feb 2023 14:36:25-root-loger.py-[line:125]-DEBUG-[日志信息]: _keep_alive
Wed, 15 Feb 2023 14:36:35-root-loger.py-[line:125]-DEBUG-[日志信息]: _keep_alive
Wed, 15 Feb 2023 14:36:45-root-loger.py-[line:125]-DEBUG-[日志信息]: _keep_alive
Wed, 15 Feb 2023 14:36:55-root-loger.py-[line:125]-DEBUG-[日志信息]: _keep_alive
Wed, 15 Feb 2023 14:37:05-root-loger.py-[line:125]-DEBUG-[日志信息]: _keep_alive
Wed, 15 Feb 2023 14:37:15-root-loger.py-[line:125]-DEBUG-[日志信息]: _keep_alive
Wed, 15 Feb 2023 14:37:25-root-loger.py-[line:125]-DEBUG-[日志信息]: _keep_alive
Wed, 15 Feb 2023 14:37:35-root-loger.py-[line:125]-DEBUG-[日志信息]: _keep_alive
Wed, 15 Feb 2023 14:37:45-root-loger.py-[line:125]-DEBUG-[日志信息]: _keep_alive
Wed, 15 Feb 2023 14:37:55-root-loger.py-[line:125]-DEBUG-[日志信息]: _keep_alive
Wed, 15 Feb 2023 14:38:05-root-loger.py-[line:125]-DEBUG-[日志信息]: _keep_alive
Wed, 15 Feb 2023 14:38:15-root-loger.py-[line:125]-DEBUG-[日志信息]: _keep_alive
Wed, 15 Feb 2023 14:38:25-root-loger.py-[line:125]-DEBUG-[日志信息]: _keep_alive
Wed, 15 Feb 2023 14:43:36-root-loger.py-[line:123]-INFO-[日志信息]: 数据更新时间:2023-02-15 14:43:36
Wed, 15 Feb 2023 14:43:36-root-loger.py-[line:123]-INFO-[日志信息]: 数据库连接成功
Wed, 15 Feb 2023 14:43:56-root-loger.py-[line:125]-DEBUG-[日志信息]: _keep_alive
Wed, 15 Feb 2023 14:44:03-root-loger.py-[line:125]-DEBUG-[日志信息]: sql connection close
Wed, 15 Feb 2023 14:44:03-root-loger.py-[line:125]-DEBUG-[日志信息]: scheduler shutdown
Wed, 15 Feb 2023 14:44:03-root-loger.py-[line:123]-INFO-[日志信息]: 退出程序
Wed, 15 Feb 2023 14:44:06-root-loger.py-[line:123]-INFO-[日志信息]: 数据更新时间:2023-02-15 14:44:06
Wed, 15 Feb 2023 14:44:06-root-loger.py-[line:123]-INFO-[日志信息]: 数据库连接成功
Wed, 15 Feb 2023 14:44:24-root-loger.py-[line:125]-DEBUG-[日志信息]: sql connection close
Wed, 15 Feb 2023 14:44:24-root-loger.py-[line:125]-DEBUG-[日志信息]: scheduler shutdown
Wed, 15 Feb 2023 14:44:24-root-loger.py-[line:123]-INFO-[日志信息]: 退出程序
Wed, 15 Feb 2023 14:44:25-root-loger.py-[line:123]-INFO-[日志信息]: 数据更新时间:2023-02-15 14:44:25
Wed, 15 Feb 2023 14:44:25-root-loger.py-[line:123]-INFO-[日志信息]: 数据库连接成功
Wed, 15 Feb 2023 14:44:31-root-loger.py-[line:125]-DEBUG-[日志信息]: sql connection close
Wed, 15 Feb 2023 14:44:31-root-loger.py-[line:125]-DEBUG-[日志信息]: scheduler shutdown
Wed, 15 Feb 2023 14:44:31-root-loger.py-[line:123]-INFO-[日志信息]: 退出程序
Wed, 15 Feb 2023 14:44:49-root-loger.py-[line:123]-INFO-[日志信息]: 数据更新时间:2023-02-15 14:44:49
Wed, 15 Feb 2023 14:44:49-root-loger.py-[line:123]-INFO-[日志信息]: 数据库连接成功
Wed, 15 Feb 2023 14:44:57-root-loger.py-[line:125]-DEBUG-[日志信息]: sql connection close
Wed, 15 Feb 2023 14:44:57-root-loger.py-[line:125]-DEBUG-[日志信息]: scheduler shutdown
Wed, 15 Feb 2023 14:44:57-root-loger.py-[line:123]-INFO-[日志信息]: 退出程序
Wed, 15 Feb 2023 14:45:06-root-loger.py-[line:123]-INFO-[日志信息]: 数据更新时间:2023-02-15 14:45:06
Wed, 15 Feb 2023 14:45:06-root-loger.py-[line:123]-INFO-[日志信息]: 数据库连接成功
Wed, 15 Feb 2023 14:45:26-root-loger.py-[line:125]-DEBUG-[日志信息]: _keep_alive
Wed, 15 Feb 2023 14:45:36-root-loger.py-[line:125]-DEBUG-[日志信息]: _keep_alive
Wed, 15 Feb 2023 14:45:43-root-loger.py-[line:125]-DEBUG-[日志信息]: sql connection close
Wed, 15 Feb 2023 14:45:43-root-loger.py-[line:125]-DEBUG-[日志信息]: scheduler shutdown
Wed, 15 Feb 2023 14:45:43-root-loger.py-[line:123]-INFO-[日志信息]: 退出程序
Wed, 15 Feb 2023 14:49:35-root-loger.py-[line:123]-INFO-[日志信息]: 数据更新时间:2023-02-15 14:49:35
Wed, 15 Feb 2023 14:49:35-root-loger.py-[line:123]-INFO-[日志信息]: 数据库连接成功
Wed, 15 Feb 2023 14:49:53-root-loger.py-[line:125]-DEBUG-[日志信息]: sql connection close
Wed, 15 Feb 2023 14:49:53-root-loger.py-[line:125]-DEBUG-[日志信息]: scheduler shutdown
Wed, 15 Feb 2023 14:49:53-root-loger.py-[line:123]-INFO-[日志信息]: 退出程序
Wed, 15 Feb 2023 14:50:01-root-loger.py-[line:123]-INFO-[日志信息]: 数据更新时间:2023-02-15 14:50:01
Wed, 15 Feb 2023 14:50:01-root-loger.py-[line:123]-INFO-[日志信息]: 数据库连接成功
Wed, 15 Feb 2023 14:50:12-root-loger.py-[line:125]-DEBUG-[日志信息]: sql connection close
Wed, 15 Feb 2023 14:50:12-root-loger.py-[line:125]-DEBUG-[日志信息]: scheduler shutdown
Wed, 15 Feb 2023 14:50:12-root-loger.py-[line:123]-INFO-[日志信息]: 退出程序
Wed, 15 Feb 2023 14:50:15-root-loger.py-[line:123]-INFO-[日志信息]: 数据更新时间:2023-02-15 14:50:15
Wed, 15 Feb 2023 14:50:15-root-loger.py-[line:123]-INFO-[日志信息]: 数据库连接成功
Wed, 15 Feb 2023 14:50:35-root-loger.py-[line:125]-DEBUG-[日志信息]: _keep_alive
Wed, 15 Feb 2023 14:50:45-root-loger.py-[line:125]-DEBUG-[日志信息]: sql connection close
Wed, 15 Feb 2023 14:50:45-root-loger.py-[line:125]-DEBUG-[日志信息]: scheduler shutdown
Wed, 15 Feb 2023 14:50:45-root-loger.py-[line:123]-INFO-[日志信息]: 退出程序
Wed, 15 Feb 2023 14:50:46-root-loger.py-[line:123]-INFO-[日志信息]: 数据更新时间:2023-02-15 14:50:46
Wed, 15 Feb 2023 14:50:46-root-loger.py-[line:123]-INFO-[日志信息]: 数据库连接成功
Wed, 15 Feb 2023 14:51:06-root-loger.py-[line:125]-DEBUG-[日志信息]: _keep_alive
Wed, 15 Feb 2023 14:51:16-root-loger.py-[line:125]-DEBUG-[日志信息]: _keep_alive
Wed, 15 Feb 2023 14:51:26-root-loger.py-[line:125]-DEBUG-[日志信息]: _keep_alive
Wed, 15 Feb 2023 14:51:36-root-loger.py-[line:125]-DEBUG-[日志信息]: _keep_alive
Wed, 15 Feb 2023 14:51:46-root-loger.py-[line:125]-DEBUG-[日志信息]: _keep_alive
Wed, 15 Feb 2023 14:51:56-root-loger.py-[line:125]-DEBUG-[日志信息]: _keep_alive
Wed, 15 Feb 2023 14:52:05-root-loger.py-[line:125]-DEBUG-[日志信息]: sql connection close
Wed, 15 Feb 2023 14:52:05-root-loger.py-[line:125]-DEBUG-[日志信息]: scheduler shutdown
Wed, 15 Feb 2023 14:52:05-root-loger.py-[line:123]-INFO-[日志信息]: 退出程序
Wed, 15 Feb 2023 14:52:06-root-loger.py-[line:123]-INFO-[日志信息]: 数据更新时间:2023-02-15 14:52:06
Wed, 15 Feb 2023 14:52:06-root-loger.py-[line:123]-INFO-[日志信息]: 数据库连接成功
Wed, 15 Feb 2023 14:52:26-root-loger.py-[line:125]-DEBUG-[日志信息]: _keep_alive
Wed, 15 Feb 2023 14:52:29-root-loger.py-[line:125]-DEBUG-[日志信息]: sql connection close
Wed, 15 Feb 2023 14:52:29-root-loger.py-[line:125]-DEBUG-[日志信息]: scheduler shutdown
Wed, 15 Feb 2023 14:52:29-root-loger.py-[line:123]-INFO-[日志信息]: 退出程序
Wed, 15 Feb 2023 14:55:09-root-loger.py-[line:123]-INFO-[日志信息]: 数据更新时间:2023-02-15 14:55:09
Wed, 15 Feb 2023 14:55:09-root-loger.py-[line:123]-INFO-[日志信息]: 数据库连接成功
Wed, 15 Feb 2023 14:55:29-root-loger.py-[line:125]-DEBUG-[日志信息]: _keep_alive
Wed, 15 Feb 2023 14:55:39-root-loger.py-[line:125]-DEBUG-[日志信息]: _keep_alive
Wed, 15 Feb 2023 14:55:49-root-loger.py-[line:125]-DEBUG-[日志信息]: _keep_alive
Wed, 15 Feb 2023 14:55:59-root-loger.py-[line:125]-DEBUG-[日志信息]: _keep_alive
Wed, 15 Feb 2023 14:56:09-root-loger.py-[line:125]-DEBUG-[日志信息]: _keep_alive
Wed, 15 Feb 2023 14:56:19-root-loger.py-[line:125]-DEBUG-[日志信息]: _keep_alive
Wed, 15 Feb 2023 14:56:29-root-loger.py-[line:125]-DEBUG-[日志信息]: _keep_alive
Wed, 15 Feb 2023 14:56:39-root-loger.py-[line:125]-DEBUG-[日志信息]: _keep_alive
Wed, 15 Feb 2023 14:56:49-root-loger.py-[line:125]-DEBUG-[日志信息]: _keep_alive
Wed, 15 Feb 2023 14:56:59-root-loger.py-[line:125]-DEBUG-[日志信息]: _keep_alive
Wed, 15 Feb 2023 14:57:09-root-loger.py-[line:125]-DEBUG-[日志信息]: _keep_alive
Wed, 15 Feb 2023 14:57:19-root-loger.py-[line:125]-DEBUG-[日志信息]: _keep_alive
Wed, 15 Feb 2023 14:57:23-root-loger.py-[line:125]-DEBUG-[日志信息]: sql connection close
Wed, 15 Feb 2023 14:57:23-root-loger.py-[line:125]-DEBUG-[日志信息]: scheduler shutdown
Wed, 15 Feb 2023 14:57:23-root-loger.py-[line:123]-INFO-[日志信息]: 退出程序
Wed, 15 Feb 2023 14:57:24-root-loger.py-[line:123]-INFO-[日志信息]: 数据更新时间:2023-02-15 14:57:24
Wed, 15 Feb 2023 14:57:24-root-loger.py-[line:123]-INFO-[日志信息]: 数据库连接成功
Wed, 15 Feb 2023 14:57:25-root-loger.py-[line:125]-DEBUG-[日志信息]: sql connection close
Wed, 15 Feb 2023 14:57:25-root-loger.py-[line:125]-DEBUG-[日志信息]: scheduler shutdown
Wed, 15 Feb 2023 14:57:25-root-loger.py-[line:123]-INFO-[日志信息]: 退出程序
Wed, 15 Feb 2023 14:57:28-root-loger.py-[line:123]-INFO-[日志信息]: 数据更新时间:2023-02-15 14:57:28
Wed, 15 Feb 2023 14:57:28-root-loger.py-[line:123]-INFO-[日志信息]: 数据库连接成功
Wed, 15 Feb 2023 14:57:48-root-loger.py-[line:125]-DEBUG-[日志信息]: _keep_alive
Wed, 15 Feb 2023 14:57:58-root-loger.py-[line:125]-DEBUG-[日志信息]: _keep_alive
Wed, 15 Feb 2023 14:58:08-root-loger.py-[line:125]-DEBUG-[日志信息]: _keep_alive
Wed, 15 Feb 2023 14:58:18-root-loger.py-[line:125]-DEBUG-[日志信息]: _keep_alive
Wed, 15 Feb 2023 14:58:28-root-loger.py-[line:125]-DEBUG-[日志信息]: _keep_alive
Wed, 15 Feb 2023 14:58:38-root-loger.py-[line:125]-DEBUG-[日志信息]: _keep_alive
Wed, 15 Feb 2023 14:58:48-root-loger.py-[line:125]-DEBUG-[日志信息]: _keep_alive
Wed, 15 Feb 2023 14:58:58-root-loger.py-[line:125]-DEBUG-[日志信息]: _keep_alive
Wed, 15 Feb 2023 14:59:08-root-loger.py-[line:125]-DEBUG-[日志信息]: _keep_alive
Wed, 15 Feb 2023 14:59:18-root-loger.py-[line:125]-DEBUG-[日志信息]: _keep_alive
Wed, 15 Feb 2023 14:59:28-root-loger.py-[line:125]-DEBUG-[日志信息]: _keep_alive
Wed, 15 Feb 2023 14:59:38-root-loger.py-[line:125]-DEBUG-[日志信息]: _keep_alive
Wed, 15 Feb 2023 14:59:48-root-loger.py-[line:125]-DEBUG-[日志信息]: _keep_alive
Wed, 15 Feb 2023 14:59:58-root-loger.py-[line:125]-DEBUG-[日志信息]: _keep_alive
Wed, 15 Feb 2023 15:00:08-root-loger.py-[line:125]-DEBUG-[日志信息]: _keep_alive
Wed, 15 Feb 2023 15:00:18-root-loger.py-[line:125]-DEBUG-[日志信息]: _keep_alive
Wed, 15 Feb 2023 15:00:28-root-loger.py-[line:125]-DEBUG-[日志信息]: _keep_alive
Wed, 15 Feb 2023 15:00:38-root-loger.py-[line:125]-DEBUG-[日志信息]: _keep_alive
Wed, 15 Feb 2023 15:00:48-root-loger.py-[line:125]-DEBUG-[日志信息]: _keep_alive
Wed, 15 Feb 2023 15:00:58-root-loger.py-[line:125]-DEBUG-[日志信息]: _keep_alive
Wed, 15 Feb 2023 15:01:08-root-loger.py-[line:125]-DEBUG-[日志信息]: _keep_alive
Wed, 15 Feb 2023 15:01:18-root-loger.py-[line:125]-DEBUG-[日志信息]: _keep_alive
Wed, 15 Feb 2023 15:01:28-root-loger.py-[line:125]-DEBUG-[日志信息]: _keep_alive
Wed, 15 Feb 2023 15:01:38-root-loger.py-[line:125]-DEBUG-[日志信息]: _keep_alive
Wed, 15 Feb 2023 15:01:48-root-loger.py-[line:125]-DEBUG-[日志信息]: _keep_alive
Wed, 15 Feb 2023 15:01:58-root-loger.py-[line:125]-DEBUG-[日志信息]: _keep_alive
Wed, 15 Feb 2023 15:02:08-root-loger.py-[line:125]-DEBUG-[日志信息]: _keep_alive
Wed, 15 Feb 2023 15:02:12-root-loger.py-[line:125]-DEBUG-[日志信息]: sql connection close
Wed, 15 Feb 2023 15:02:12-root-loger.py-[line:125]-DEBUG-[日志信息]: scheduler shutdown
Wed, 15 Feb 2023 15:02:12-root-loger.py-[line:123]-INFO-[日志信息]: 退出程序
Wed, 15 Feb 2023 15:03:48-root-loger.py-[line:123]-INFO-[日志信息]: 数据更新时间:2023-02-15 15:03:48
Wed, 15 Feb 2023 15:03:48-root-loger.py-[line:123]-INFO-[日志信息]: 数据库连接成功
Wed, 15 Feb 2023 15:03:54-root-loger.py-[line:125]-DEBUG-[日志信息]: sql connection close
Wed, 15 Feb 2023 15:03:54-root-loger.py-[line:125]-DEBUG-[日志信息]: scheduler shutdown
Wed, 15 Feb 2023 15:03:54-root-loger.py-[line:123]-INFO-[日志信息]: 退出程序
Wed, 15 Feb 2023 15:04:00-root-loger.py-[line:123]-INFO-[日志信息]: 数据更新时间:2023-02-15 15:04:00
Wed, 15 Feb 2023 15:04:00-root-loger.py-[line:123]-INFO-[日志信息]: 数据库连接成功
Wed, 15 Feb 2023 15:04:03-root-loger.py-[line:125]-DEBUG-[日志信息]: sql connection close
Wed, 15 Feb 2023 15:04:03-root-loger.py-[line:125]-DEBUG-[日志信息]: scheduler shutdown
Wed, 15 Feb 2023 15:04:03-root-loger.py-[line:123]-INFO-[日志信息]: 退出程序
Wed, 15 Feb 2023 15:04:10-root-loger.py-[line:123]-INFO-[日志信息]: 数据更新时间:2023-02-15 15:04:10
Wed, 15 Feb 2023 15:04:10-root-loger.py-[line:123]-INFO-[日志信息]: 数据库连接成功
Wed, 15 Feb 2023 15:04:13-root-loger.py-[line:125]-DEBUG-[日志信息]: sql connection close
Wed, 15 Feb 2023 15:04:13-root-loger.py-[line:125]-DEBUG-[日志信息]: scheduler shutdown
Wed, 15 Feb 2023 15:04:13-root-loger.py-[line:123]-INFO-[日志信息]: 退出程序
Wed, 15 Feb 2023 15:05:45-root-loger.py-[line:123]-INFO-[日志信息]: 数据更新时间:2023-02-15 15:05:45
Wed, 15 Feb 2023 15:05:45-root-loger.py-[line:123]-INFO-[日志信息]: 数据库连接成功
Wed, 15 Feb 2023 15:05:51-root-loger.py-[line:125]-DEBUG-[日志信息]: sql connection close
Wed, 15 Feb 2023 15:05:51-root-loger.py-[line:125]-DEBUG-[日志信息]: scheduler shutdown
Wed, 15 Feb 2023 15:05:51-root-loger.py-[line:123]-INFO-[日志信息]: 退出程序
Wed, 15 Feb 2023 15:06:29-root-loger.py-[line:123]-INFO-[日志信息]: 数据更新时间:2023-02-15 15:06:29
Wed, 15 Feb 2023 15:06:29-root-loger.py-[line:123]-INFO-[日志信息]: 数据库连接成功
Wed, 15 Feb 2023 15:06:49-root-loger.py-[line:125]-DEBUG-[日志信息]: _keep_alive
Wed, 15 Feb 2023 15:06:59-root-loger.py-[line:125]-DEBUG-[日志信息]: _keep_alive
Wed, 15 Feb 2023 15:07:09-root-loger.py-[line:125]-DEBUG-[日志信息]: _keep_alive
Wed, 15 Feb 2023 15:07:19-root-loger.py-[line:125]-DEBUG-[日志信息]: _keep_alive
Wed, 15 Feb 2023 15:07:24-root-loger.py-[line:125]-DEBUG-[日志信息]: sql connection close
Wed, 15 Feb 2023 15:07:24-root-loger.py-[line:125]-DEBUG-[日志信息]: scheduler shutdown
Wed, 15 Feb 2023 15:07:24-root-loger.py-[line:123]-INFO-[日志信息]: 退出程序
Wed, 15 Feb 2023 15:07:52-root-loger.py-[line:123]-INFO-[日志信息]: 数据更新时间:2023-02-15 15:07:52
Wed, 15 Feb 2023 15:07:52-root-loger.py-[line:123]-INFO-[日志信息]: 数据库连接成功
Wed, 15 Feb 2023 15:07:58-root-loger.py-[line:125]-DEBUG-[日志信息]: sql connection close
Wed, 15 Feb 2023 15:07:58-root-loger.py-[line:125]-DEBUG-[日志信息]: scheduler shutdown
Wed, 15 Feb 2023 15:07:58-root-loger.py-[line:123]-INFO-[日志信息]: 退出程序
Wed, 15 Feb 2023 15:08:08-root-loger.py-[line:123]-INFO-[日志信息]: 数据更新时间:2023-02-15 15:08:08
Wed, 15 Feb 2023 15:08:08-root-loger.py-[line:123]-INFO-[日志信息]: 数据库连接成功
Wed, 15 Feb 2023 15:08:28-root-loger.py-[line:125]-DEBUG-[日志信息]: _keep_alive
Wed, 15 Feb 2023 15:08:38-root-loger.py-[line:125]-DEBUG-[日志信息]: _keep_alive
Wed, 15 Feb 2023 15:08:40-root-loger.py-[line:125]-DEBUG-[日志信息]: sql connection close
Wed, 15 Feb 2023 15:08:40-root-loger.py-[line:125]-DEBUG-[日志信息]: scheduler shutdown
Wed, 15 Feb 2023 15:08:40-root-loger.py-[line:123]-INFO-[日志信息]: 退出程序
Wed, 15 Feb 2023 15:08:42-root-loger.py-[line:123]-INFO-[日志信息]: 数据更新时间:2023-02-15 15:08:42
Wed, 15 Feb 2023 15:08:42-root-loger.py-[line:123]-INFO-[日志信息]: 数据库连接成功
Wed, 15 Feb 2023 15:09:02-root-loger.py-[line:125]-DEBUG-[日志信息]: _keep_alive
Wed, 15 Feb 2023 15:09:12-root-loger.py-[line:125]-DEBUG-[日志信息]: _keep_alive
Wed, 15 Feb 2023 15:09:22-root-loger.py-[line:125]-DEBUG-[日志信息]: _keep_alive
Wed, 15 Feb 2023 15:09:32-root-loger.py-[line:125]-DEBUG-[日志信息]: _keep_alive
Wed, 15 Feb 2023 15:09:42-root-loger.py-[line:125]-DEBUG-[日志信息]: _keep_alive
Wed, 15 Feb 2023 15:09:52-root-loger.py-[line:125]-DEBUG-[日志信息]: _keep_alive
Wed, 15 Feb 2023 15:10:02-root-loger.py-[line:125]-DEBUG-[日志信息]: _keep_alive
Wed, 15 Feb 2023 15:10:12-root-loger.py-[line:125]-DEBUG-[日志信息]: _keep_alive
Wed, 15 Feb 2023 15:10:22-root-loger.py-[line:125]-DEBUG-[日志信息]: _keep_alive
Wed, 15 Feb 2023 15:10:32-root-loger.py-[line:125]-DEBUG-[日志信息]: _keep_alive
Wed, 15 Feb 2023 15:10:42-root-loger.py-[line:125]-DEBUG-[日志信息]: _keep_alive
Wed, 15 Feb 2023 15:10:52-root-loger.py-[line:125]-DEBUG-[日志信息]: _keep_alive
Wed, 15 Feb 2023 15:11:02-root-loger.py-[line:125]-DEBUG-[日志信息]: _keep_alive
Wed, 15 Feb 2023 15:11:12-root-loger.py-[line:125]-DEBUG-[日志信息]: _keep_alive
Wed, 15 Feb 2023 15:11:22-root-loger.py-[line:125]-DEBUG-[日志信息]: _keep_alive
Wed, 15 Feb 2023 15:11:32-root-loger.py-[line:125]-DEBUG-[日志信息]: _keep_alive
Wed, 15 Feb 2023 15:11:42-root-loger.py-[line:125]-DEBUG-[日志信息]: _keep_alive
Wed, 15 Feb 2023 15:11:52-root-loger.py-[line:125]-DEBUG-[日志信息]: _keep_alive
Wed, 15 Feb 2023 15:12:02-root-loger.py-[line:125]-DEBUG-[日志信息]: _keep_alive
Wed, 15 Feb 2023 15:12:12-root-loger.py-[line:125]-DEBUG-[日志信息]: _keep_alive
Wed, 15 Feb 2023 15:12:22-root-loger.py-[line:125]-DEBUG-[日志信息]: _keep_alive
Wed, 15 Feb 2023 15:12:32-root-loger.py-[line:125]-DEBUG-[日志信息]: _keep_alive
Wed, 15 Feb 2023 15:12:42-root-loger.py-[line:125]-DEBUG-[日志信息]: _keep_alive
Wed, 15 Feb 2023 15:12:52-root-loger.py-[line:125]-DEBUG-[日志信息]: _keep_alive
Wed, 15 Feb 2023 15:13:02-root-loger.py-[line:125]-DEBUG-[日志信息]: _keep_alive
Wed, 15 Feb 2023 15:13:12-root-loger.py-[line:125]-DEBUG-[日志信息]: _keep_alive
Wed, 15 Feb 2023 15:13:22-root-loger.py-[line:125]-DEBUG-[日志信息]: _keep_alive
Wed, 15 Feb 2023 15:13:32-root-loger.py-[line:125]-DEBUG-[日志信息]: _keep_alive
Wed, 15 Feb 2023 15:13:42-root-loger.py-[line:125]-DEBUG-[日志信息]: _keep_alive
Wed, 15 Feb 2023 15:13:52-root-loger.py-[line:125]-DEBUG-[日志信息]: _keep_alive
Wed, 15 Feb 2023 15:14:02-root-loger.py-[line:125]-DEBUG-[日志信息]: _keep_alive
Wed, 15 Feb 2023 15:14:08-root-loger.py-[line:125]-DEBUG-[日志信息]: sql connection close
Wed, 15 Feb 2023 15:14:08-root-loger.py-[line:125]-DEBUG-[日志信息]: scheduler shutdown
Wed, 15 Feb 2023 15:14:08-root-loger.py-[line:123]-INFO-[日志信息]: 退出程序
Wed, 15 Feb 2023 15:14:10-root-loger.py-[line:123]-INFO-[日志信息]: 数据更新时间:2023-02-15 15:14:10
Wed, 15 Feb 2023 15:14:10-root-loger.py-[line:123]-INFO-[日志信息]: 数据库连接成功
Wed, 15 Feb 2023 15:14:30-root-loger.py-[line:125]-DEBUG-[日志信息]: _keep_alive
Wed, 15 Feb 2023 15:14:40-root-loger.py-[line:125]-DEBUG-[日志信息]: _keep_alive
Wed, 15 Feb 2023 15:14:50-root-loger.py-[line:125]-DEBUG-[日志信息]: _keep_alive
Wed, 15 Feb 2023 15:15:00-root-loger.py-[line:125]-DEBUG-[日志信息]: _keep_alive
