Tue, 14 Feb 2023 10:38:19-root-loger.py-[line:123]-INFO-[日志信息]: 数据更新时间:2023-02-14 10:38:19
Tue, 14 Feb 2023 10:38:19-root-loger.py-[line:123]-INFO-[日志信息]: 数据库连接成功
Tue, 14 Feb 2023 10:38:21-root-loger.py-[line:123]-INFO-[日志信息]: close
Tue, 14 Feb 2023 10:38:21-root-loger.py-[line:123]-INFO-[日志信息]: shutdown
Tue, 14 Feb 2023 10:38:21-root-loger.py-[line:123]-INFO-[日志信息]: 退出程序
Tue, 14 Feb 2023 10:38:42-root-loger.py-[line:123]-INFO-[日志信息]: 数据更新时间:2023-02-14 10:38:42
Tue, 14 Feb 2023 10:38:42-root-loger.py-[line:123]-INFO-[日志信息]: 数据库连接成功
Tue, 14 Feb 2023 10:38:47-root-loger.py-[line:123]-INFO-[日志信息]: close
Tue, 14 Feb 2023 10:38:47-root-loger.py-[line:123]-INFO-[日志信息]: shutdown
Tue, 14 Feb 2023 10:38:47-root-loger.py-[line:123]-INFO-[日志信息]: 退出程序
Tue, 14 Feb 2023 10:43:10-root-loger.py-[line:123]-INFO-[日志信息]: 数据更新时间:2023-02-14 10:43:10
Tue, 14 Feb 2023 10:43:10-root-loger.py-[line:123]-INFO-[日志信息]: 数据库连接成功
Tue, 14 Feb 2023 10:43:19-root-loger.py-[line:123]-INFO-[日志信息]: close
Tue, 14 Feb 2023 10:43:19-root-loger.py-[line:123]-INFO-[日志信息]: shutdown
Tue, 14 Feb 2023 10:43:19-root-loger.py-[line:123]-INFO-[日志信息]: 退出程序
Tue, 14 Feb 2023 10:44:16-root-loger.py-[line:123]-INFO-[日志信息]: 数据更新时间:2023-02-14 10:44:16
Tue, 14 Feb 2023 10:44:16-root-loger.py-[line:123]-INFO-[日志信息]: 数据库连接成功
Tue, 14 Feb 2023 10:44:17-root-loger.py-[line:123]-INFO-[日志信息]: close
Tue, 14 Feb 2023 10:44:17-root-loger.py-[line:123]-INFO-[日志信息]: shutdown
Tue, 14 Feb 2023 10:44:17-root-loger.py-[line:123]-INFO-[日志信息]: 退出程序
Tue, 14 Feb 2023 10:44:33-root-loger.py-[line:123]-INFO-[日志信息]: 数据更新时间:2023-02-14 10:44:33
Tue, 14 Feb 2023 10:44:33-root-loger.py-[line:123]-INFO-[日志信息]: 数据库连接成功
Tue, 14 Feb 2023 10:44:36-root-loger.py-[line:123]-INFO-[日志信息]: close
Tue, 14 Feb 2023 10:44:36-root-loger.py-[line:123]-INFO-[日志信息]: shutdown
Tue, 14 Feb 2023 10:44:36-root-loger.py-[line:123]-INFO-[日志信息]: 退出程序
Tue, 14 Feb 2023 10:44:56-root-loger.py-[line:123]-INFO-[日志信息]: 数据更新时间:2023-02-14 10:44:56
Tue, 14 Feb 2023 10:44:56-root-loger.py-[line:123]-INFO-[日志信息]: 数据库连接成功
Tue, 14 Feb 2023 10:45:04-root-loger.py-[line:123]-INFO-[日志信息]: close
Tue, 14 Feb 2023 10:45:04-root-loger.py-[line:123]-INFO-[日志信息]: shutdown
Tue, 14 Feb 2023 10:45:04-root-loger.py-[line:123]-INFO-[日志信息]: 退出程序
Tue, 14 Feb 2023 10:45:12-root-loger.py-[line:123]-INFO-[日志信息]: 数据更新时间:2023-02-14 10:45:12
Tue, 14 Feb 2023 10:45:12-root-loger.py-[line:123]-INFO-[日志信息]: 数据库连接成功
Tue, 14 Feb 2023 10:45:22-root-loger.py-[line:123]-INFO-[日志信息]: close
Tue, 14 Feb 2023 10:45:22-root-loger.py-[line:123]-INFO-[日志信息]: shutdown
Tue, 14 Feb 2023 10:45:22-root-loger.py-[line:123]-INFO-[日志信息]: 退出程序
Tue, 14 Feb 2023 10:48:46-root-loger.py-[line:123]-INFO-[日志信息]: 数据更新时间:2023-02-14 10:48:46
Tue, 14 Feb 2023 10:48:46-root-loger.py-[line:123]-INFO-[日志信息]: 数据库连接成功
Tue, 14 Feb 2023 10:48:49-root-loger.py-[line:123]-INFO-[日志信息]: close
Tue, 14 Feb 2023 10:48:49-root-loger.py-[line:123]-INFO-[日志信息]: shutdown
Tue, 14 Feb 2023 10:48:49-root-loger.py-[line:123]-INFO-[日志信息]: 退出程序
Tue, 14 Feb 2023 10:48:58-root-loger.py-[line:123]-INFO-[日志信息]: 数据更新时间:2023-02-14 10:48:58
Tue, 14 Feb 2023 10:48:58-root-loger.py-[line:123]-INFO-[日志信息]: 数据库连接成功
Tue, 14 Feb 2023 10:49:06-root-loger.py-[line:123]-INFO-[日志信息]: close
Tue, 14 Feb 2023 10:49:06-root-loger.py-[line:123]-INFO-[日志信息]: shutdown
Tue, 14 Feb 2023 10:49:06-root-loger.py-[line:123]-INFO-[日志信息]: 退出程序
Tue, 14 Feb 2023 10:50:07-root-loger.py-[line:123]-INFO-[日志信息]: 数据更新时间:2023-02-14 10:50:07
Tue, 14 Feb 2023 10:50:07-root-loger.py-[line:123]-INFO-[日志信息]: 数据库连接成功
Tue, 14 Feb 2023 10:50:13-root-loger.py-[line:123]-INFO-[日志信息]: close
Tue, 14 Feb 2023 10:50:13-root-loger.py-[line:123]-INFO-[日志信息]: shutdown
Tue, 14 Feb 2023 10:50:13-root-loger.py-[line:123]-INFO-[日志信息]: 退出程序
Tue, 14 Feb 2023 10:50:19-root-loger.py-[line:123]-INFO-[日志信息]: 数据更新时间:2023-02-14 10:50:19
Tue, 14 Feb 2023 10:50:19-root-loger.py-[line:123]-INFO-[日志信息]: 数据库连接成功
Tue, 14 Feb 2023 10:50:21-root-loger.py-[line:123]-INFO-[日志信息]: close
Tue, 14 Feb 2023 10:50:21-root-loger.py-[line:123]-INFO-[日志信息]: shutdown
Tue, 14 Feb 2023 10:50:21-root-loger.py-[line:123]-INFO-[日志信息]: 退出程序
Tue, 14 Feb 2023 10:50:50-root-loger.py-[line:123]-INFO-[日志信息]: 数据更新时间:2023-02-14 10:50:50
Tue, 14 Feb 2023 10:50:50-root-loger.py-[line:123]-INFO-[日志信息]: 数据库连接成功
Tue, 14 Feb 2023 10:50:52-root-loger.py-[line:123]-INFO-[日志信息]: close
Tue, 14 Feb 2023 10:50:52-root-loger.py-[line:123]-INFO-[日志信息]: shutdown
Tue, 14 Feb 2023 10:50:52-root-loger.py-[line:123]-INFO-[日志信息]: 退出程序
Tue, 14 Feb 2023 10:51:02-root-loger.py-[line:123]-INFO-[日志信息]: 数据更新时间:2023-02-14 10:51:02
Tue, 14 Feb 2023 10:51:02-root-loger.py-[line:123]-INFO-[日志信息]: 数据库连接成功
Tue, 14 Feb 2023 10:51:09-root-loger.py-[line:123]-INFO-[日志信息]: close
Tue, 14 Feb 2023 10:51:09-root-loger.py-[line:123]-INFO-[日志信息]: shutdown
Tue, 14 Feb 2023 10:51:09-root-loger.py-[line:123]-INFO-[日志信息]: 退出程序
Tue, 14 Feb 2023 10:51:43-root-loger.py-[line:123]-INFO-[日志信息]: 数据更新时间:2023-02-14 10:51:43
Tue, 14 Feb 2023 10:51:43-root-loger.py-[line:123]-INFO-[日志信息]: 数据库连接成功
Tue, 14 Feb 2023 10:51:48-root-loger.py-[line:123]-INFO-[日志信息]: close
Tue, 14 Feb 2023 10:51:48-root-loger.py-[line:123]-INFO-[日志信息]: shutdown
Tue, 14 Feb 2023 10:51:48-root-loger.py-[line:123]-INFO-[日志信息]: 退出程序
Tue, 14 Feb 2023 10:51:58-root-loger.py-[line:123]-INFO-[日志信息]: 数据更新时间:2023-02-14 10:51:58
Tue, 14 Feb 2023 10:51:58-root-loger.py-[line:123]-INFO-[日志信息]: 数据库连接成功
Tue, 14 Feb 2023 10:52:08-root-loger.py-[line:123]-INFO-[日志信息]: close
Tue, 14 Feb 2023 10:52:08-root-loger.py-[line:123]-INFO-[日志信息]: shutdown
Tue, 14 Feb 2023 10:52:08-root-loger.py-[line:123]-INFO-[日志信息]: 退出程序
Tue, 14 Feb 2023 10:52:15-root-loger.py-[line:123]-INFO-[日志信息]: 数据更新时间:2023-02-14 10:52:15
Tue, 14 Feb 2023 10:52:15-root-loger.py-[line:123]-INFO-[日志信息]: 数据库连接成功
Tue, 14 Feb 2023 10:52:17-root-loger.py-[line:123]-INFO-[日志信息]: close
Tue, 14 Feb 2023 10:52:17-root-loger.py-[line:123]-INFO-[日志信息]: shutdown
Tue, 14 Feb 2023 10:52:17-root-loger.py-[line:123]-INFO-[日志信息]: 退出程序
Tue, 14 Feb 2023 10:59:06-root-loger.py-[line:123]-INFO-[日志信息]: 数据更新时间:2023-02-14 10:59:06
Tue, 14 Feb 2023 10:59:06-root-loger.py-[line:123]-INFO-[日志信息]: 数据库连接成功
Tue, 14 Feb 2023 10:59:21-root-loger.py-[line:125]-DEBUG-[日志信息]: _keep_alive
Tue, 14 Feb 2023 10:59:26-root-loger.py-[line:125]-DEBUG-[日志信息]: _keep_alive
Tue, 14 Feb 2023 10:59:30-root-loger.py-[line:123]-INFO-[日志信息]: close
Tue, 14 Feb 2023 10:59:30-root-loger.py-[line:123]-INFO-[日志信息]: shutdown
Tue, 14 Feb 2023 10:59:30-root-loger.py-[line:123]-INFO-[日志信息]: 退出程序
Tue, 14 Feb 2023 10:59:35-root-loger.py-[line:123]-INFO-[日志信息]: 数据更新时间:2023-02-14 10:59:35
Tue, 14 Feb 2023 10:59:35-root-loger.py-[line:123]-INFO-[日志信息]: 数据库连接成功
Tue, 14 Feb 2023 10:59:38-root-loger.py-[line:123]-INFO-[日志信息]: close
Tue, 14 Feb 2023 10:59:38-root-loger.py-[line:123]-INFO-[日志信息]: shutdown
Tue, 14 Feb 2023 10:59:38-root-loger.py-[line:123]-INFO-[日志信息]: 退出程序
Tue, 14 Feb 2023 10:59:49-root-loger.py-[line:123]-INFO-[日志信息]: 数据更新时间:2023-02-14 10:59:49
Tue, 14 Feb 2023 10:59:49-root-loger.py-[line:123]-INFO-[日志信息]: 数据库连接成功
Tue, 14 Feb 2023 10:59:53-root-loger.py-[line:123]-INFO-[日志信息]: close
Tue, 14 Feb 2023 10:59:53-root-loger.py-[line:123]-INFO-[日志信息]: shutdown
Tue, 14 Feb 2023 10:59:53-root-loger.py-[line:123]-INFO-[日志信息]: 退出程序
Tue, 14 Feb 2023 11:00:47-root-loger.py-[line:123]-INFO-[日志信息]: 数据更新时间:2023-02-14 11:00:47
Tue, 14 Feb 2023 11:00:47-root-loger.py-[line:123]-INFO-[日志信息]: 数据库连接成功
Tue, 14 Feb 2023 11:01:02-root-loger.py-[line:125]-DEBUG-[日志信息]: _keep_alive
Tue, 14 Feb 2023 11:01:07-root-loger.py-[line:125]-DEBUG-[日志信息]: _keep_alive
Tue, 14 Feb 2023 11:01:12-root-loger.py-[line:125]-DEBUG-[日志信息]: _keep_alive
Tue, 14 Feb 2023 11:01:17-root-loger.py-[line:125]-DEBUG-[日志信息]: _keep_alive
Tue, 14 Feb 2023 11:01:22-root-loger.py-[line:125]-DEBUG-[日志信息]: _keep_alive
Tue, 14 Feb 2023 11:01:27-root-loger.py-[line:125]-DEBUG-[日志信息]: _keep_alive
Tue, 14 Feb 2023 11:01:32-root-loger.py-[line:125]-DEBUG-[日志信息]: _keep_alive
Tue, 14 Feb 2023 11:01:37-root-loger.py-[line:125]-DEBUG-[日志信息]: _keep_alive
Tue, 14 Feb 2023 11:01:42-root-loger.py-[line:125]-DEBUG-[日志信息]: _keep_alive
Tue, 14 Feb 2023 11:01:47-root-loger.py-[line:125]-DEBUG-[日志信息]: _keep_alive
Tue, 14 Feb 2023 11:01:52-root-loger.py-[line:125]-DEBUG-[日志信息]: _keep_alive
Tue, 14 Feb 2023 11:01:57-root-loger.py-[line:125]-DEBUG-[日志信息]: _keep_alive
Tue, 14 Feb 2023 11:02:02-root-loger.py-[line:125]-DEBUG-[日志信息]: _keep_alive
Tue, 14 Feb 2023 11:02:07-root-loger.py-[line:125]-DEBUG-[日志信息]: _keep_alive
Tue, 14 Feb 2023 11:02:12-root-loger.py-[line:125]-DEBUG-[日志信息]: _keep_alive
Tue, 14 Feb 2023 11:02:17-root-loger.py-[line:125]-DEBUG-[日志信息]: _keep_alive
Tue, 14 Feb 2023 11:02:22-root-loger.py-[line:125]-DEBUG-[日志信息]: _keep_alive
Tue, 14 Feb 2023 11:02:27-root-loger.py-[line:125]-DEBUG-[日志信息]: _keep_alive
Tue, 14 Feb 2023 11:02:32-root-loger.py-[line:123]-INFO-[日志信息]: close
Tue, 14 Feb 2023 11:02:32-root-loger.py-[line:123]-INFO-[日志信息]: shutdown
Tue, 14 Feb 2023 11:02:32-root-loger.py-[line:123]-INFO-[日志信息]: 退出程序
Tue, 14 Feb 2023 11:02:34-root-loger.py-[line:123]-INFO-[日志信息]: 数据更新时间:2023-02-14 11:02:34
Tue, 14 Feb 2023 11:02:34-root-loger.py-[line:123]-INFO-[日志信息]: 数据库连接成功
Tue, 14 Feb 2023 11:02:44-root-loger.py-[line:125]-DEBUG-[日志信息]: _keep_alive
Tue, 14 Feb 2023 11:02:49-root-loger.py-[line:125]-DEBUG-[日志信息]: _keep_alive
Tue, 14 Feb 2023 11:02:54-root-loger.py-[line:125]-DEBUG-[日志信息]: _keep_alive
Tue, 14 Feb 2023 11:02:59-root-loger.py-[line:125]-DEBUG-[日志信息]: _keep_alive
Tue, 14 Feb 2023 11:03:04-root-loger.py-[line:125]-DEBUG-[日志信息]: _keep_alive
Tue, 14 Feb 2023 11:03:09-root-loger.py-[line:125]-DEBUG-[日志信息]: _keep_alive
Tue, 14 Feb 2023 11:03:14-root-loger.py-[line:125]-DEBUG-[日志信息]: _keep_alive
Tue, 14 Feb 2023 11:03:19-root-loger.py-[line:125]-DEBUG-[日志信息]: _keep_alive
Tue, 14 Feb 2023 11:03:21-root-loger.py-[line:123]-INFO-[日志信息]: close
Tue, 14 Feb 2023 11:03:21-root-loger.py-[line:123]-INFO-[日志信息]: shutdown
Tue, 14 Feb 2023 11:03:21-root-loger.py-[line:123]-INFO-[日志信息]: 退出程序
Tue, 14 Feb 2023 11:03:24-root-loger.py-[line:123]-INFO-[日志信息]: 数据更新时间:2023-02-14 11:03:24
Tue, 14 Feb 2023 11:03:24-root-loger.py-[line:123]-INFO-[日志信息]: 数据库连接成功
Tue, 14 Feb 2023 11:03:30-root-loger.py-[line:123]-INFO-[日志信息]: close
Tue, 14 Feb 2023 11:03:30-root-loger.py-[line:123]-INFO-[日志信息]: shutdown
Tue, 14 Feb 2023 11:03:30-root-loger.py-[line:123]-INFO-[日志信息]: 退出程序
Tue, 14 Feb 2023 11:03:35-root-loger.py-[line:123]-INFO-[日志信息]: 数据更新时间:2023-02-14 11:03:35
Tue, 14 Feb 2023 11:03:35-root-loger.py-[line:123]-INFO-[日志信息]: 数据库连接成功
Tue, 14 Feb 2023 11:03:45-root-loger.py-[line:125]-DEBUG-[日志信息]: _keep_alive
Tue, 14 Feb 2023 11:03:50-root-loger.py-[line:125]-DEBUG-[日志信息]: _keep_alive
Tue, 14 Feb 2023 11:03:55-root-loger.py-[line:125]-DEBUG-[日志信息]: _keep_alive
Tue, 14 Feb 2023 11:04:00-root-loger.py-[line:125]-DEBUG-[日志信息]: _keep_alive
Tue, 14 Feb 2023 11:04:00-root-loger.py-[line:123]-INFO-[日志信息]: close
Tue, 14 Feb 2023 11:04:00-root-loger.py-[line:123]-INFO-[日志信息]: shutdown
Tue, 14 Feb 2023 11:04:00-root-loger.py-[line:123]-INFO-[日志信息]: 退出程序
Tue, 14 Feb 2023 11:04:02-root-loger.py-[line:123]-INFO-[日志信息]: 数据更新时间:2023-02-14 11:04:02
Tue, 14 Feb 2023 11:04:02-root-loger.py-[line:123]-INFO-[日志信息]: 数据库连接成功
Tue, 14 Feb 2023 11:04:17-root-loger.py-[line:125]-DEBUG-[日志信息]: _keep_alive
Tue, 14 Feb 2023 11:04:22-root-loger.py-[line:125]-DEBUG-[日志信息]: _keep_alive
Tue, 14 Feb 2023 11:04:22-root-loger.py-[line:123]-INFO-[日志信息]: close
Tue, 14 Feb 2023 11:04:22-root-loger.py-[line:123]-INFO-[日志信息]: shutdown
Tue, 14 Feb 2023 11:04:22-root-loger.py-[line:123]-INFO-[日志信息]: 退出程序
Tue, 14 Feb 2023 11:04:24-root-loger.py-[line:123]-INFO-[日志信息]: 数据更新时间:2023-02-14 11:04:24
Tue, 14 Feb 2023 11:04:24-root-loger.py-[line:123]-INFO-[日志信息]: 数据库连接成功
Tue, 14 Feb 2023 11:04:34-root-loger.py-[line:125]-DEBUG-[日志信息]: _keep_alive
Tue, 14 Feb 2023 11:18:27-root-loger.py-[line:123]-INFO-[日志信息]: 数据更新时间:2023-02-14 11:18:27
Tue, 14 Feb 2023 11:18:27-root-loger.py-[line:123]-INFO-[日志信息]: 数据库连接成功
Tue, 14 Feb 2023 11:18:35-root-loger.py-[line:123]-INFO-[日志信息]: close
Tue, 14 Feb 2023 11:18:35-root-loger.py-[line:123]-INFO-[日志信息]: shutdown
Tue, 14 Feb 2023 11:18:35-root-loger.py-[line:123]-INFO-[日志信息]: 退出程序
Tue, 14 Feb 2023 11:19:32-root-loger.py-[line:123]-INFO-[日志信息]: 数据更新时间:2023-02-14 11:19:32
Tue, 14 Feb 2023 11:19:32-root-loger.py-[line:123]-INFO-[日志信息]: 数据库连接成功
Tue, 14 Feb 2023 11:19:43-root-loger.py-[line:123]-INFO-[日志信息]: close
Tue, 14 Feb 2023 11:19:43-root-loger.py-[line:123]-INFO-[日志信息]: shutdown
Tue, 14 Feb 2023 11:19:43-root-loger.py-[line:123]-INFO-[日志信息]: 退出程序
Tue, 14 Feb 2023 11:19:46-root-loger.py-[line:123]-INFO-[日志信息]: 数据更新时间:2023-02-14 11:19:46
Tue, 14 Feb 2023 11:19:46-root-loger.py-[line:123]-INFO-[日志信息]: 数据库连接成功
Tue, 14 Feb 2023 11:19:54-root-loger.py-[line:123]-INFO-[日志信息]: close
Tue, 14 Feb 2023 11:19:54-root-loger.py-[line:123]-INFO-[日志信息]: shutdown
Tue, 14 Feb 2023 11:19:54-root-loger.py-[line:123]-INFO-[日志信息]: 退出程序
Tue, 14 Feb 2023 11:20:03-root-loger.py-[line:123]-INFO-[日志信息]: 数据更新时间:2023-02-14 11:20:03
Tue, 14 Feb 2023 11:20:03-root-loger.py-[line:123]-INFO-[日志信息]: 数据库连接成功
Tue, 14 Feb 2023 11:20:13-root-loger.py-[line:125]-DEBUG-[日志信息]: _keep_alive
Tue, 14 Feb 2023 11:20:18-root-loger.py-[line:125]-DEBUG-[日志信息]: _keep_alive
Tue, 14 Feb 2023 11:20:23-root-loger.py-[line:125]-DEBUG-[日志信息]: _keep_alive
Tue, 14 Feb 2023 11:20:28-root-loger.py-[line:125]-DEBUG-[日志信息]: _keep_alive
Tue, 14 Feb 2023 11:20:33-root-loger.py-[line:125]-DEBUG-[日志信息]: _keep_alive
Tue, 14 Feb 2023 11:20:38-root-loger.py-[line:125]-DEBUG-[日志信息]: _keep_alive
Tue, 14 Feb 2023 11:20:43-root-loger.py-[line:125]-DEBUG-[日志信息]: _keep_alive
Tue, 14 Feb 2023 11:20:48-root-loger.py-[line:125]-DEBUG-[日志信息]: _keep_alive
Tue, 14 Feb 2023 11:20:51-root-loger.py-[line:123]-INFO-[日志信息]: close
Tue, 14 Feb 2023 11:20:51-root-loger.py-[line:123]-INFO-[日志信息]: shutdown
Tue, 14 Feb 2023 11:20:51-root-loger.py-[line:123]-INFO-[日志信息]: 退出程序
Tue, 14 Feb 2023 11:20:52-root-loger.py-[line:123]-INFO-[日志信息]: 数据更新时间:2023-02-14 11:20:52
Tue, 14 Feb 2023 11:20:52-root-loger.py-[line:123]-INFO-[日志信息]: 数据库连接成功
Tue, 14 Feb 2023 11:21:02-root-loger.py-[line:125]-DEBUG-[日志信息]: _keep_alive
Tue, 14 Feb 2023 11:21:07-root-loger.py-[line:125]-DEBUG-[日志信息]: _keep_alive
Tue, 14 Feb 2023 11:21:12-root-loger.py-[line:125]-DEBUG-[日志信息]: _keep_alive
Tue, 14 Feb 2023 11:21:17-root-loger.py-[line:125]-DEBUG-[日志信息]: _keep_alive
Tue, 14 Feb 2023 11:21:22-root-loger.py-[line:125]-DEBUG-[日志信息]: _keep_alive
Tue, 14 Feb 2023 11:21:27-root-loger.py-[line:125]-DEBUG-[日志信息]: _keep_alive
Tue, 14 Feb 2023 11:21:32-root-loger.py-[line:125]-DEBUG-[日志信息]: _keep_alive
Tue, 14 Feb 2023 11:21:37-root-loger.py-[line:125]-DEBUG-[日志信息]: _keep_alive
Tue, 14 Feb 2023 11:21:42-root-loger.py-[line:125]-DEBUG-[日志信息]: _keep_alive
Tue, 14 Feb 2023 11:21:47-root-loger.py-[line:125]-DEBUG-[日志信息]: _keep_alive
Tue, 14 Feb 2023 11:21:52-root-loger.py-[line:125]-DEBUG-[日志信息]: _keep_alive
Tue, 14 Feb 2023 11:21:57-root-loger.py-[line:125]-DEBUG-[日志信息]: _keep_alive
Tue, 14 Feb 2023 11:22:02-root-loger.py-[line:125]-DEBUG-[日志信息]: _keep_alive
Tue, 14 Feb 2023 11:22:07-root-loger.py-[line:125]-DEBUG-[日志信息]: _keep_alive
Tue, 14 Feb 2023 11:22:12-root-loger.py-[line:125]-DEBUG-[日志信息]: _keep_alive
Tue, 14 Feb 2023 11:22:17-root-loger.py-[line:125]-DEBUG-[日志信息]: _keep_alive
Tue, 14 Feb 2023 11:22:22-root-loger.py-[line:125]-DEBUG-[日志信息]: _keep_alive
Tue, 14 Feb 2023 11:22:27-root-loger.py-[line:125]-DEBUG-[日志信息]: _keep_alive
Tue, 14 Feb 2023 11:22:28-root-loger.py-[line:123]-INFO-[日志信息]: close
Tue, 14 Feb 2023 11:22:28-root-loger.py-[line:123]-INFO-[日志信息]: shutdown
Tue, 14 Feb 2023 11:22:28-root-loger.py-[line:123]-INFO-[日志信息]: 退出程序
Tue, 14 Feb 2023 11:24:14-root-loger.py-[line:123]-INFO-[日志信息]: 数据更新时间:2023-02-14 11:24:14
Tue, 14 Feb 2023 11:24:14-root-loger.py-[line:123]-INFO-[日志信息]: 数据库连接成功
Tue, 14 Feb 2023 11:24:24-root-loger.py-[line:125]-DEBUG-[日志信息]: _keep_alive
Tue, 14 Feb 2023 11:24:29-root-loger.py-[line:125]-DEBUG-[日志信息]: _keep_alive
Tue, 14 Feb 2023 11:24:34-root-loger.py-[line:125]-DEBUG-[日志信息]: _keep_alive
Tue, 14 Feb 2023 11:24:39-root-loger.py-[line:125]-DEBUG-[日志信息]: _keep_alive
Tue, 14 Feb 2023 11:24:44-root-loger.py-[line:125]-DEBUG-[日志信息]: _keep_alive
Tue, 14 Feb 2023 11:24:49-root-loger.py-[line:125]-DEBUG-[日志信息]: _keep_alive
Tue, 14 Feb 2023 11:24:55-root-loger.py-[line:123]-INFO-[日志信息]: 数据更新时间:2023-02-14 11:24:55
Tue, 14 Feb 2023 11:24:55-root-loger.py-[line:123]-INFO-[日志信息]: 数据库连接成功
Tue, 14 Feb 2023 11:24:57-root-loger.py-[line:123]-INFO-[日志信息]: close
Tue, 14 Feb 2023 11:24:57-root-loger.py-[line:123]-INFO-[日志信息]: shutdown
Tue, 14 Feb 2023 11:24:57-root-loger.py-[line:123]-INFO-[日志信息]: 退出程序
Tue, 14 Feb 2023 11:25:34-root-loger.py-[line:123]-INFO-[日志信息]: 数据更新时间:2023-02-14 11:25:34
Tue, 14 Feb 2023 11:25:34-root-loger.py-[line:123]-INFO-[日志信息]: 数据库连接成功
Tue, 14 Feb 2023 11:25:49-root-loger.py-[line:125]-DEBUG-[日志信息]: _keep_alive
Tue, 14 Feb 2023 11:25:54-root-loger.py-[line:125]-DEBUG-[日志信息]: _keep_alive
Tue, 14 Feb 2023 11:25:59-root-loger.py-[line:125]-DEBUG-[日志信息]: _keep_alive
Tue, 14 Feb 2023 11:26:04-root-loger.py-[line:125]-DEBUG-[日志信息]: _keep_alive
Tue, 14 Feb 2023 11:26:09-root-loger.py-[line:125]-DEBUG-[日志信息]: _keep_alive
Tue, 14 Feb 2023 11:26:14-root-loger.py-[line:125]-DEBUG-[日志信息]: _keep_alive
Tue, 14 Feb 2023 11:26:19-root-loger.py-[line:125]-DEBUG-[日志信息]: _keep_alive
Tue, 14 Feb 2023 11:26:24-root-loger.py-[line:125]-DEBUG-[日志信息]: _keep_alive
Tue, 14 Feb 2023 11:26:29-root-loger.py-[line:125]-DEBUG-[日志信息]: _keep_alive
Tue, 14 Feb 2023 11:26:34-root-loger.py-[line:125]-DEBUG-[日志信息]: _keep_alive
Tue, 14 Feb 2023 11:26:39-root-loger.py-[line:125]-DEBUG-[日志信息]: _keep_alive
Tue, 14 Feb 2023 11:26:44-root-loger.py-[line:125]-DEBUG-[日志信息]: _keep_alive
Tue, 14 Feb 2023 11:26:49-root-loger.py-[line:125]-DEBUG-[日志信息]: _keep_alive
Tue, 14 Feb 2023 11:26:54-root-loger.py-[line:125]-DEBUG-[日志信息]: _keep_alive
Tue, 14 Feb 2023 11:26:59-root-loger.py-[line:125]-DEBUG-[日志信息]: _keep_alive
Tue, 14 Feb 2023 11:27:03-root-loger.py-[line:123]-INFO-[日志信息]: close
Tue, 14 Feb 2023 11:27:03-root-loger.py-[line:123]-INFO-[日志信息]: shutdown
Tue, 14 Feb 2023 11:27:03-root-loger.py-[line:123]-INFO-[日志信息]: 退出程序
Tue, 14 Feb 2023 11:29:41-root-loger.py-[line:123]-INFO-[日志信息]: 数据更新时间:2023-02-14 11:29:41
Tue, 14 Feb 2023 11:29:41-root-loger.py-[line:123]-INFO-[日志信息]: 数据库连接成功
Tue, 14 Feb 2023 11:29:44-root-loger.py-[line:123]-INFO-[日志信息]: close
Tue, 14 Feb 2023 11:29:44-root-loger.py-[line:123]-INFO-[日志信息]: shutdown
Tue, 14 Feb 2023 11:29:44-root-loger.py-[line:123]-INFO-[日志信息]: 退出程序
Tue, 14 Feb 2023 11:29:51-root-loger.py-[line:123]-INFO-[日志信息]: 数据更新时间:2023-02-14 11:29:51
Tue, 14 Feb 2023 11:29:51-root-loger.py-[line:123]-INFO-[日志信息]: 数据库连接成功
Tue, 14 Feb 2023 11:29:56-root-loger.py-[line:123]-INFO-[日志信息]: close
Tue, 14 Feb 2023 11:29:56-root-loger.py-[line:123]-INFO-[日志信息]: shutdown
Tue, 14 Feb 2023 11:29:56-root-loger.py-[line:123]-INFO-[日志信息]: 退出程序
Tue, 14 Feb 2023 11:30:01-root-loger.py-[line:123]-INFO-[日志信息]: 数据更新时间:2023-02-14 11:30:01
Tue, 14 Feb 2023 11:30:01-root-loger.py-[line:123]-INFO-[日志信息]: 数据库连接成功
Tue, 14 Feb 2023 11:30:11-root-loger.py-[line:123]-INFO-[日志信息]: close
Tue, 14 Feb 2023 11:30:11-root-loger.py-[line:123]-INFO-[日志信息]: shutdown
Tue, 14 Feb 2023 11:30:11-root-loger.py-[line:123]-INFO-[日志信息]: 退出程序
Tue, 14 Feb 2023 11:30:18-root-loger.py-[line:123]-INFO-[日志信息]: 数据更新时间:2023-02-14 11:30:18
Tue, 14 Feb 2023 11:30:18-root-loger.py-[line:123]-INFO-[日志信息]: 数据库连接成功
Tue, 14 Feb 2023 11:30:21-root-loger.py-[line:123]-INFO-[日志信息]: close
Tue, 14 Feb 2023 11:30:21-root-loger.py-[line:123]-INFO-[日志信息]: shutdown
Tue, 14 Feb 2023 11:30:21-root-loger.py-[line:123]-INFO-[日志信息]: 退出程序
Tue, 14 Feb 2023 11:30:27-root-loger.py-[line:123]-INFO-[日志信息]: 数据更新时间:2023-02-14 11:30:27
Tue, 14 Feb 2023 11:30:27-root-loger.py-[line:123]-INFO-[日志信息]: 数据库连接成功
Tue, 14 Feb 2023 11:30:28-root-loger.py-[line:123]-INFO-[日志信息]: close
Tue, 14 Feb 2023 11:30:28-root-loger.py-[line:123]-INFO-[日志信息]: shutdown
Tue, 14 Feb 2023 11:30:28-root-loger.py-[line:123]-INFO-[日志信息]: 退出程序
Tue, 14 Feb 2023 11:30:34-root-loger.py-[line:123]-INFO-[日志信息]: 数据更新时间:2023-02-14 11:30:34
Tue, 14 Feb 2023 11:30:34-root-loger.py-[line:123]-INFO-[日志信息]: 数据库连接成功
Tue, 14 Feb 2023 11:30:40-root-loger.py-[line:123]-INFO-[日志信息]: close
Tue, 14 Feb 2023 11:30:40-root-loger.py-[line:123]-INFO-[日志信息]: shutdown
Tue, 14 Feb 2023 11:30:40-root-loger.py-[line:123]-INFO-[日志信息]: 退出程序
Tue, 14 Feb 2023 11:31:19-root-loger.py-[line:123]-INFO-[日志信息]: 数据更新时间:2023-02-14 11:31:19
Tue, 14 Feb 2023 11:31:19-root-loger.py-[line:123]-INFO-[日志信息]: 数据库连接成功
Tue, 14 Feb 2023 11:31:34-root-loger.py-[line:125]-DEBUG-[日志信息]: _keep_alive
Tue, 14 Feb 2023 11:31:52-root-loger.py-[line:123]-INFO-[日志信息]: 数据更新时间:2023-02-14 11:31:52
Tue, 14 Feb 2023 11:31:52-root-loger.py-[line:123]-INFO-[日志信息]: 数据库连接成功
Tue, 14 Feb 2023 11:34:11-root-loger.py-[line:123]-INFO-[日志信息]: 数据更新时间:2023-02-14 11:34:11
Tue, 14 Feb 2023 11:34:11-root-loger.py-[line:123]-INFO-[日志信息]: 数据库连接成功
Tue, 14 Feb 2023 11:34:26-root-loger.py-[line:125]-DEBUG-[日志信息]: _keep_alive
Tue, 14 Feb 2023 11:34:31-root-loger.py-[line:125]-DEBUG-[日志信息]: _keep_alive
Tue, 14 Feb 2023 11:34:36-root-loger.py-[line:125]-DEBUG-[日志信息]: _keep_alive
Tue, 14 Feb 2023 11:34:41-root-loger.py-[line:125]-DEBUG-[日志信息]: _keep_alive
Tue, 14 Feb 2023 11:34:46-root-loger.py-[line:125]-DEBUG-[日志信息]: _keep_alive
Tue, 14 Feb 2023 11:34:51-root-loger.py-[line:125]-DEBUG-[日志信息]: _keep_alive
Tue, 14 Feb 2023 11:34:54-root-loger.py-[line:123]-INFO-[日志信息]: close
Tue, 14 Feb 2023 11:34:54-root-loger.py-[line:123]-INFO-[日志信息]: shutdown
Tue, 14 Feb 2023 11:34:54-root-loger.py-[line:123]-INFO-[日志信息]: 退出程序
Tue, 14 Feb 2023 11:38:38-root-loger.py-[line:123]-INFO-[日志信息]: 数据更新时间:2023-02-14 11:38:38
Tue, 14 Feb 2023 11:38:38-root-loger.py-[line:123]-INFO-[日志信息]: 数据库连接成功
Tue, 14 Feb 2023 11:38:53-root-loger.py-[line:125]-DEBUG-[日志信息]: _keep_alive
Tue, 14 Feb 2023 11:38:56-root-loger.py-[line:123]-INFO-[日志信息]: close
Tue, 14 Feb 2023 11:38:56-root-loger.py-[line:123]-INFO-[日志信息]: shutdown
Tue, 14 Feb 2023 11:38:56-root-loger.py-[line:123]-INFO-[日志信息]: 退出程序
Tue, 14 Feb 2023 11:38:59-root-loger.py-[line:123]-INFO-[日志信息]: 数据更新时间:2023-02-14 11:38:59
Tue, 14 Feb 2023 11:38:59-root-loger.py-[line:123]-INFO-[日志信息]: 数据库连接成功
Tue, 14 Feb 2023 11:39:14-root-loger.py-[line:125]-DEBUG-[日志信息]: _keep_alive
Tue, 14 Feb 2023 11:39:19-root-loger.py-[line:125]-DEBUG-[日志信息]: _keep_alive
Tue, 14 Feb 2023 11:39:24-root-loger.py-[line:125]-DEBUG-[日志信息]: _keep_alive
Tue, 14 Feb 2023 11:39:29-root-loger.py-[line:125]-DEBUG-[日志信息]: _keep_alive
Tue, 14 Feb 2023 11:39:34-root-loger.py-[line:125]-DEBUG-[日志信息]: _keep_alive
Tue, 14 Feb 2023 11:39:39-root-loger.py-[line:125]-DEBUG-[日志信息]: _keep_alive
Tue, 14 Feb 2023 11:39:44-root-loger.py-[line:125]-DEBUG-[日志信息]: _keep_alive
Tue, 14 Feb 2023 11:39:49-root-loger.py-[line:125]-DEBUG-[日志信息]: _keep_alive
Tue, 14 Feb 2023 11:39:54-root-loger.py-[line:125]-DEBUG-[日志信息]: _keep_alive
Tue, 14 Feb 2023 11:39:59-root-loger.py-[line:125]-DEBUG-[日志信息]: _keep_alive
Tue, 14 Feb 2023 11:40:04-root-loger.py-[line:125]-DEBUG-[日志信息]: _keep_alive
Tue, 14 Feb 2023 11:40:09-root-loger.py-[line:125]-DEBUG-[日志信息]: _keep_alive
Tue, 14 Feb 2023 11:40:14-root-loger.py-[line:125]-DEBUG-[日志信息]: _keep_alive
Tue, 14 Feb 2023 11:40:19-root-loger.py-[line:125]-DEBUG-[日志信息]: _keep_alive
Tue, 14 Feb 2023 11:40:24-root-loger.py-[line:125]-DEBUG-[日志信息]: _keep_alive
Tue, 14 Feb 2023 11:40:29-root-loger.py-[line:125]-DEBUG-[日志信息]: _keep_alive
Tue, 14 Feb 2023 11:40:34-root-loger.py-[line:125]-DEBUG-[日志信息]: _keep_alive
Tue, 14 Feb 2023 11:40:39-root-loger.py-[line:125]-DEBUG-[日志信息]: _keep_alive
Tue, 14 Feb 2023 11:40:44-root-loger.py-[line:125]-DEBUG-[日志信息]: _keep_alive
Tue, 14 Feb 2023 11:40:49-root-loger.py-[line:125]-DEBUG-[日志信息]: _keep_alive
Tue, 14 Feb 2023 11:40:54-root-loger.py-[line:125]-DEBUG-[日志信息]: _keep_alive
Tue, 14 Feb 2023 11:40:59-root-loger.py-[line:125]-DEBUG-[日志信息]: _keep_alive
Tue, 14 Feb 2023 11:41:04-root-loger.py-[line:125]-DEBUG-[日志信息]: _keep_alive
Tue, 14 Feb 2023 11:41:09-root-loger.py-[line:125]-DEBUG-[日志信息]: _keep_alive
Tue, 14 Feb 2023 11:41:14-root-loger.py-[line:125]-DEBUG-[日志信息]: _keep_alive
Tue, 14 Feb 2023 11:41:19-root-loger.py-[line:125]-DEBUG-[日志信息]: _keep_alive
Tue, 14 Feb 2023 12:15:10-root-loger.py-[line:123]-INFO-[日志信息]: 数据更新时间:2023-02-14 12:15:10
Tue, 14 Feb 2023 12:15:10-root-loger.py-[line:123]-INFO-[日志信息]: 数据库连接成功
Tue, 14 Feb 2023 12:15:25-root-loger.py-[line:125]-DEBUG-[日志信息]: _keep_alive
Tue, 14 Feb 2023 12:15:30-root-loger.py-[line:125]-DEBUG-[日志信息]: _keep_alive
Tue, 14 Feb 2023 12:15:35-root-loger.py-[line:125]-DEBUG-[日志信息]: _keep_alive
Tue, 14 Feb 2023 12:15:40-root-loger.py-[line:125]-DEBUG-[日志信息]: _keep_alive
Tue, 14 Feb 2023 12:15:45-root-loger.py-[line:125]-DEBUG-[日志信息]: _keep_alive
Tue, 14 Feb 2023 12:15:50-root-loger.py-[line:125]-DEBUG-[日志信息]: _keep_alive
Tue, 14 Feb 2023 12:15:55-root-loger.py-[line:125]-DEBUG-[日志信息]: _keep_alive
Tue, 14 Feb 2023 12:40:06-root-loger.py-[line:123]-INFO-[日志信息]: 数据更新时间:2023-02-14 12:40:06
Tue, 14 Feb 2023 12:40:06-root-loger.py-[line:123]-INFO-[日志信息]: 数据库连接成功
Tue, 14 Feb 2023 12:40:21-root-loger.py-[line:125]-DEBUG-[日志信息]: _keep_alive
Tue, 14 Feb 2023 12:40:26-root-loger.py-[line:125]-DEBUG-[日志信息]: _keep_alive
Tue, 14 Feb 2023 12:40:31-root-loger.py-[line:125]-DEBUG-[日志信息]: _keep_alive
Tue, 14 Feb 2023 12:40:36-root-loger.py-[line:125]-DEBUG-[日志信息]: _keep_alive
Tue, 14 Feb 2023 12:40:40-root-loger.py-[line:123]-INFO-[日志信息]: close
Tue, 14 Feb 2023 12:40:40-root-loger.py-[line:123]-INFO-[日志信息]: shutdown
Tue, 14 Feb 2023 12:40:40-root-loger.py-[line:123]-INFO-[日志信息]: 退出程序
Tue, 14 Feb 2023 12:40:42-root-loger.py-[line:123]-INFO-[日志信息]: 数据更新时间:2023-02-14 12:40:42
Tue, 14 Feb 2023 12:40:42-root-loger.py-[line:123]-INFO-[日志信息]: 数据库连接成功
Tue, 14 Feb 2023 12:40:47-root-loger.py-[line:123]-INFO-[日志信息]: close
Tue, 14 Feb 2023 12:40:47-root-loger.py-[line:123]-INFO-[日志信息]: shutdown
Tue, 14 Feb 2023 12:40:47-root-loger.py-[line:123]-INFO-[日志信息]: 退出程序
Tue, 14 Feb 2023 12:40:59-root-loger.py-[line:123]-INFO-[日志信息]: 数据更新时间:2023-02-14 12:40:59
Tue, 14 Feb 2023 12:40:59-root-loger.py-[line:123]-INFO-[日志信息]: 数据库连接成功
Tue, 14 Feb 2023 12:41:06-root-loger.py-[line:123]-INFO-[日志信息]: close
Tue, 14 Feb 2023 12:41:06-root-loger.py-[line:123]-INFO-[日志信息]: shutdown
Tue, 14 Feb 2023 12:41:06-root-loger.py-[line:123]-INFO-[日志信息]: 退出程序
Tue, 14 Feb 2023 12:43:07-root-loger.py-[line:123]-INFO-[日志信息]: 数据更新时间:2023-02-14 12:43:07
Tue, 14 Feb 2023 12:43:07-root-loger.py-[line:123]-INFO-[日志信息]: 数据库连接成功
Tue, 14 Feb 2023 12:43:17-root-loger.py-[line:125]-DEBUG-[日志信息]: _keep_alive
Tue, 14 Feb 2023 12:43:22-root-loger.py-[line:123]-INFO-[日志信息]: close
Tue, 14 Feb 2023 12:43:22-root-loger.py-[line:123]-INFO-[日志信息]: shutdown
Tue, 14 Feb 2023 12:43:22-root-loger.py-[line:123]-INFO-[日志信息]: 退出程序
Tue, 14 Feb 2023 13:04:58-root-loger.py-[line:123]-INFO-[日志信息]: 数据更新时间:2023-02-14 13:04:58
Tue, 14 Feb 2023 13:04:58-root-loger.py-[line:123]-INFO-[日志信息]: 数据库连接成功
Tue, 14 Feb 2023 13:05:13-root-loger.py-[line:125]-DEBUG-[日志信息]: _keep_alive
Tue, 14 Feb 2023 13:05:18-root-loger.py-[line:125]-DEBUG-[日志信息]: _keep_alive
Tue, 14 Feb 2023 13:05:23-root-loger.py-[line:125]-DEBUG-[日志信息]: _keep_alive
Tue, 14 Feb 2023 13:05:28-root-loger.py-[line:125]-DEBUG-[日志信息]: _keep_alive
Tue, 14 Feb 2023 13:05:33-root-loger.py-[line:125]-DEBUG-[日志信息]: _keep_alive
Tue, 14 Feb 2023 13:05:38-root-loger.py-[line:125]-DEBUG-[日志信息]: _keep_alive
Tue, 14 Feb 2023 13:05:43-root-loger.py-[line:125]-DEBUG-[日志信息]: _keep_alive
Tue, 14 Feb 2023 13:05:48-root-loger.py-[line:125]-DEBUG-[日志信息]: _keep_alive
Tue, 14 Feb 2023 13:05:53-root-loger.py-[line:125]-DEBUG-[日志信息]: _keep_alive
Tue, 14 Feb 2023 13:05:58-root-loger.py-[line:125]-DEBUG-[日志信息]: _keep_alive
Tue, 14 Feb 2023 13:06:03-root-loger.py-[line:125]-DEBUG-[日志信息]: _keep_alive
Tue, 14 Feb 2023 13:06:08-root-loger.py-[line:125]-DEBUG-[日志信息]: _keep_alive
Tue, 14 Feb 2023 13:06:13-root-loger.py-[line:125]-DEBUG-[日志信息]: _keep_alive
Tue, 14 Feb 2023 13:06:18-root-loger.py-[line:125]-DEBUG-[日志信息]: _keep_alive
Tue, 14 Feb 2023 13:06:23-root-loger.py-[line:125]-DEBUG-[日志信息]: _keep_alive
Tue, 14 Feb 2023 13:06:28-root-loger.py-[line:125]-DEBUG-[日志信息]: _keep_alive
Tue, 14 Feb 2023 13:06:33-root-loger.py-[line:125]-DEBUG-[日志信息]: _keep_alive
Tue, 14 Feb 2023 13:06:38-root-loger.py-[line:125]-DEBUG-[日志信息]: _keep_alive
Tue, 14 Feb 2023 13:06:43-root-loger.py-[line:125]-DEBUG-[日志信息]: _keep_alive
Tue, 14 Feb 2023 13:06:48-root-loger.py-[line:125]-DEBUG-[日志信息]: _keep_alive
Tue, 14 Feb 2023 13:06:53-root-loger.py-[line:125]-DEBUG-[日志信息]: _keep_alive
Tue, 14 Feb 2023 13:06:58-root-loger.py-[line:125]-DEBUG-[日志信息]: _keep_alive
Tue, 14 Feb 2023 13:07:03-root-loger.py-[line:125]-DEBUG-[日志信息]: _keep_alive
Tue, 14 Feb 2023 13:07:08-root-loger.py-[line:125]-DEBUG-[日志信息]: _keep_alive
Tue, 14 Feb 2023 13:07:13-root-loger.py-[line:125]-DEBUG-[日志信息]: _keep_alive
Tue, 14 Feb 2023 13:07:18-root-loger.py-[line:125]-DEBUG-[日志信息]: _keep_alive
Tue, 14 Feb 2023 13:07:23-root-loger.py-[line:125]-DEBUG-[日志信息]: _keep_alive
Tue, 14 Feb 2023 13:07:28-root-loger.py-[line:125]-DEBUG-[日志信息]: _keep_alive
Tue, 14 Feb 2023 13:07:33-root-loger.py-[line:125]-DEBUG-[日志信息]: _keep_alive
Tue, 14 Feb 2023 13:07:38-root-loger.py-[line:125]-DEBUG-[日志信息]: _keep_alive
Tue, 14 Feb 2023 13:07:43-root-loger.py-[line:125]-DEBUG-[日志信息]: _keep_alive
Tue, 14 Feb 2023 13:07:48-root-loger.py-[line:125]-DEBUG-[日志信息]: _keep_alive
Tue, 14 Feb 2023 13:07:53-root-loger.py-[line:125]-DEBUG-[日志信息]: _keep_alive
Tue, 14 Feb 2023 13:07:58-root-loger.py-[line:125]-DEBUG-[日志信息]: _keep_alive
Tue, 14 Feb 2023 13:08:03-root-loger.py-[line:125]-DEBUG-[日志信息]: _keep_alive
Tue, 14 Feb 2023 13:08:08-root-loger.py-[line:125]-DEBUG-[日志信息]: _keep_alive
Tue, 14 Feb 2023 13:08:13-root-loger.py-[line:125]-DEBUG-[日志信息]: _keep_alive
Tue, 14 Feb 2023 13:08:18-root-loger.py-[line:125]-DEBUG-[日志信息]: _keep_alive
Tue, 14 Feb 2023 13:08:23-root-loger.py-[line:125]-DEBUG-[日志信息]: _keep_alive
Tue, 14 Feb 2023 13:08:28-root-loger.py-[line:125]-DEBUG-[日志信息]: _keep_alive
Tue, 14 Feb 2023 13:08:33-root-loger.py-[line:125]-DEBUG-[日志信息]: _keep_alive
Tue, 14 Feb 2023 13:08:38-root-loger.py-[line:125]-DEBUG-[日志信息]: _keep_alive
Tue, 14 Feb 2023 13:08:43-root-loger.py-[line:125]-DEBUG-[日志信息]: _keep_alive
Tue, 14 Feb 2023 13:08:48-root-loger.py-[line:125]-DEBUG-[日志信息]: _keep_alive
Tue, 14 Feb 2023 13:08:53-root-loger.py-[line:125]-DEBUG-[日志信息]: _keep_alive
Tue, 14 Feb 2023 13:08:58-root-loger.py-[line:125]-DEBUG-[日志信息]: _keep_alive
Tue, 14 Feb 2023 13:09:03-root-loger.py-[line:125]-DEBUG-[日志信息]: _keep_alive
Tue, 14 Feb 2023 13:09:08-root-loger.py-[line:125]-DEBUG-[日志信息]: _keep_alive
Tue, 14 Feb 2023 13:09:13-root-loger.py-[line:125]-DEBUG-[日志信息]: _keep_alive
Tue, 14 Feb 2023 13:09:15-root-loger.py-[line:123]-INFO-[日志信息]: close
Tue, 14 Feb 2023 13:09:15-root-loger.py-[line:123]-INFO-[日志信息]: shutdown
Tue, 14 Feb 2023 13:09:15-root-loger.py-[line:123]-INFO-[日志信息]: 退出程序
Tue, 14 Feb 2023 13:29:15-root-loger.py-[line:123]-INFO-[日志信息]: 数据更新时间:2023-02-14 13:29:15
Tue, 14 Feb 2023 13:29:15-root-loger.py-[line:123]-INFO-[日志信息]: 数据库连接成功
Tue, 14 Feb 2023 13:29:30-root-loger.py-[line:125]-DEBUG-[日志信息]: _keep_alive
Tue, 14 Feb 2023 13:29:35-root-loger.py-[line:125]-DEBUG-[日志信息]: _keep_alive
Tue, 14 Feb 2023 13:29:40-root-loger.py-[line:125]-DEBUG-[日志信息]: _keep_alive
Tue, 14 Feb 2023 13:29:45-root-loger.py-[line:125]-DEBUG-[日志信息]: _keep_alive
Tue, 14 Feb 2023 13:29:50-root-loger.py-[line:125]-DEBUG-[日志信息]: _keep_alive
Tue, 14 Feb 2023 13:29:55-root-loger.py-[line:125]-DEBUG-[日志信息]: _keep_alive
Tue, 14 Feb 2023 13:30:00-root-loger.py-[line:125]-DEBUG-[日志信息]: _keep_alive
Tue, 14 Feb 2023 13:30:05-root-loger.py-[line:125]-DEBUG-[日志信息]: _keep_alive
Tue, 14 Feb 2023 13:30:10-root-loger.py-[line:125]-DEBUG-[日志信息]: _keep_alive
Tue, 14 Feb 2023 13:30:15-root-loger.py-[line:125]-DEBUG-[日志信息]: _keep_alive
Tue, 14 Feb 2023 13:30:20-root-loger.py-[line:125]-DEBUG-[日志信息]: _keep_alive
Tue, 14 Feb 2023 13:30:25-root-loger.py-[line:125]-DEBUG-[日志信息]: _keep_alive
Tue, 14 Feb 2023 13:30:30-root-loger.py-[line:125]-DEBUG-[日志信息]: _keep_alive
Tue, 14 Feb 2023 13:30:35-root-loger.py-[line:125]-DEBUG-[日志信息]: _keep_alive
Tue, 14 Feb 2023 13:30:40-root-loger.py-[line:125]-DEBUG-[日志信息]: _keep_alive
Tue, 14 Feb 2023 13:30:45-root-loger.py-[line:125]-DEBUG-[日志信息]: _keep_alive
Tue, 14 Feb 2023 13:30:50-root-loger.py-[line:125]-DEBUG-[日志信息]: _keep_alive
Tue, 14 Feb 2023 13:30:55-root-loger.py-[line:125]-DEBUG-[日志信息]: _keep_alive
Tue, 14 Feb 2023 13:31:00-root-loger.py-[line:125]-DEBUG-[日志信息]: _keep_alive
Tue, 14 Feb 2023 13:31:05-root-loger.py-[line:125]-DEBUG-[日志信息]: _keep_alive
Tue, 14 Feb 2023 13:31:10-root-loger.py-[line:125]-DEBUG-[日志信息]: _keep_alive
Tue, 14 Feb 2023 13:31:15-root-loger.py-[line:125]-DEBUG-[日志信息]: _keep_alive
Tue, 14 Feb 2023 13:31:20-root-loger.py-[line:125]-DEBUG-[日志信息]: _keep_alive
Tue, 14 Feb 2023 13:31:25-root-loger.py-[line:125]-DEBUG-[日志信息]: _keep_alive
Tue, 14 Feb 2023 13:31:30-root-loger.py-[line:125]-DEBUG-[日志信息]: _keep_alive
Tue, 14 Feb 2023 13:31:35-root-loger.py-[line:125]-DEBUG-[日志信息]: _keep_alive
Tue, 14 Feb 2023 13:31:40-root-loger.py-[line:125]-DEBUG-[日志信息]: _keep_alive
Tue, 14 Feb 2023 13:31:45-root-loger.py-[line:125]-DEBUG-[日志信息]: _keep_alive
Tue, 14 Feb 2023 13:31:50-root-loger.py-[line:125]-DEBUG-[日志信息]: _keep_alive
Tue, 14 Feb 2023 13:31:55-root-loger.py-[line:125]-DEBUG-[日志信息]: _keep_alive
Tue, 14 Feb 2023 13:32:00-root-loger.py-[line:125]-DEBUG-[日志信息]: _keep_alive
Tue, 14 Feb 2023 13:32:05-root-loger.py-[line:125]-DEBUG-[日志信息]: _keep_alive
Tue, 14 Feb 2023 13:32:10-root-loger.py-[line:125]-DEBUG-[日志信息]: _keep_alive
Tue, 14 Feb 2023 13:32:15-root-loger.py-[line:125]-DEBUG-[日志信息]: _keep_alive
Tue, 14 Feb 2023 13:32:20-root-loger.py-[line:125]-DEBUG-[日志信息]: _keep_alive
Tue, 14 Feb 2023 13:32:25-root-loger.py-[line:125]-DEBUG-[日志信息]: _keep_alive
Tue, 14 Feb 2023 13:32:30-root-loger.py-[line:125]-DEBUG-[日志信息]: _keep_alive
Tue, 14 Feb 2023 13:32:35-root-loger.py-[line:125]-DEBUG-[日志信息]: _keep_alive
Tue, 14 Feb 2023 13:32:40-root-loger.py-[line:125]-DEBUG-[日志信息]: _keep_alive
Tue, 14 Feb 2023 13:32:45-root-loger.py-[line:125]-DEBUG-[日志信息]: _keep_alive
Tue, 14 Feb 2023 13:32:50-root-loger.py-[line:125]-DEBUG-[日志信息]: _keep_alive
Tue, 14 Feb 2023 13:32:55-root-loger.py-[line:125]-DEBUG-[日志信息]: _keep_alive
Tue, 14 Feb 2023 13:33:00-root-loger.py-[line:125]-DEBUG-[日志信息]: _keep_alive
Tue, 14 Feb 2023 13:33:05-root-loger.py-[line:125]-DEBUG-[日志信息]: _keep_alive
Tue, 14 Feb 2023 13:33:10-root-loger.py-[line:125]-DEBUG-[日志信息]: _keep_alive
Tue, 14 Feb 2023 13:33:15-root-loger.py-[line:125]-DEBUG-[日志信息]: _keep_alive
Tue, 14 Feb 2023 13:33:20-root-loger.py-[line:125]-DEBUG-[日志信息]: _keep_alive
Tue, 14 Feb 2023 13:33:25-root-loger.py-[line:125]-DEBUG-[日志信息]: _keep_alive
Tue, 14 Feb 2023 13:33:30-root-loger.py-[line:125]-DEBUG-[日志信息]: _keep_alive
Tue, 14 Feb 2023 13:33:35-root-loger.py-[line:125]-DEBUG-[日志信息]: _keep_alive
Tue, 14 Feb 2023 13:33:40-root-loger.py-[line:125]-DEBUG-[日志信息]: _keep_alive
Tue, 14 Feb 2023 13:33:45-root-loger.py-[line:125]-DEBUG-[日志信息]: _keep_alive
Tue, 14 Feb 2023 13:33:50-root-loger.py-[line:125]-DEBUG-[日志信息]: _keep_alive
Tue, 14 Feb 2023 13:33:55-root-loger.py-[line:125]-DEBUG-[日志信息]: _keep_alive
Tue, 14 Feb 2023 13:34:00-root-loger.py-[line:125]-DEBUG-[日志信息]: _keep_alive
Tue, 14 Feb 2023 13:34:05-root-loger.py-[line:125]-DEBUG-[日志信息]: _keep_alive
Tue, 14 Feb 2023 13:34:10-root-loger.py-[line:125]-DEBUG-[日志信息]: _keep_alive
Tue, 14 Feb 2023 13:34:15-root-loger.py-[line:125]-DEBUG-[日志信息]: _keep_alive
Tue, 14 Feb 2023 13:34:20-root-loger.py-[line:125]-DEBUG-[日志信息]: _keep_alive
Tue, 14 Feb 2023 13:34:25-root-loger.py-[line:125]-DEBUG-[日志信息]: _keep_alive
Tue, 14 Feb 2023 13:34:30-root-loger.py-[line:125]-DEBUG-[日志信息]: _keep_alive
Tue, 14 Feb 2023 13:34:35-root-loger.py-[line:125]-DEBUG-[日志信息]: _keep_alive
Tue, 14 Feb 2023 13:34:40-root-loger.py-[line:125]-DEBUG-[日志信息]: _keep_alive
Tue, 14 Feb 2023 13:34:45-root-loger.py-[line:125]-DEBUG-[日志信息]: _keep_alive
Tue, 14 Feb 2023 13:34:50-root-loger.py-[line:125]-DEBUG-[日志信息]: _keep_alive
Tue, 14 Feb 2023 13:34:55-root-loger.py-[line:125]-DEBUG-[日志信息]: _keep_alive
Tue, 14 Feb 2023 13:35:00-root-loger.py-[line:125]-DEBUG-[日志信息]: _keep_alive
Tue, 14 Feb 2023 13:35:05-root-loger.py-[line:125]-DEBUG-[日志信息]: _keep_alive
Tue, 14 Feb 2023 13:35:10-root-loger.py-[line:125]-DEBUG-[日志信息]: _keep_alive
Tue, 14 Feb 2023 13:35:15-root-loger.py-[line:125]-DEBUG-[日志信息]: _keep_alive
Tue, 14 Feb 2023 13:35:20-root-loger.py-[line:125]-DEBUG-[日志信息]: _keep_alive
Tue, 14 Feb 2023 13:35:25-root-loger.py-[line:125]-DEBUG-[日志信息]: _keep_alive
Tue, 14 Feb 2023 13:35:30-root-loger.py-[line:125]-DEBUG-[日志信息]: _keep_alive
Tue, 14 Feb 2023 13:35:35-root-loger.py-[line:125]-DEBUG-[日志信息]: _keep_alive
Tue, 14 Feb 2023 13:35:40-root-loger.py-[line:125]-DEBUG-[日志信息]: _keep_alive
Tue, 14 Feb 2023 13:35:45-root-loger.py-[line:125]-DEBUG-[日志信息]: _keep_alive
Tue, 14 Feb 2023 13:35:50-root-loger.py-[line:125]-DEBUG-[日志信息]: _keep_alive
Tue, 14 Feb 2023 13:35:55-root-loger.py-[line:125]-DEBUG-[日志信息]: _keep_alive
Tue, 14 Feb 2023 13:36:00-root-loger.py-[line:125]-DEBUG-[日志信息]: _keep_alive
Tue, 14 Feb 2023 13:36:05-root-loger.py-[line:125]-DEBUG-[日志信息]: _keep_alive
Tue, 14 Feb 2023 13:36:10-root-loger.py-[line:125]-DEBUG-[日志信息]: _keep_alive
Tue, 14 Feb 2023 13:36:15-root-loger.py-[line:125]-DEBUG-[日志信息]: _keep_alive
Tue, 14 Feb 2023 13:36:20-root-loger.py-[line:125]-DEBUG-[日志信息]: _keep_alive
Tue, 14 Feb 2023 13:36:25-root-loger.py-[line:125]-DEBUG-[日志信息]: _keep_alive
Tue, 14 Feb 2023 13:36:30-root-loger.py-[line:125]-DEBUG-[日志信息]: _keep_alive
Tue, 14 Feb 2023 13:36:35-root-loger.py-[line:125]-DEBUG-[日志信息]: _keep_alive
Tue, 14 Feb 2023 13:36:40-root-loger.py-[line:125]-DEBUG-[日志信息]: _keep_alive
Tue, 14 Feb 2023 13:36:45-root-loger.py-[line:125]-DEBUG-[日志信息]: _keep_alive
Tue, 14 Feb 2023 13:36:50-root-loger.py-[line:125]-DEBUG-[日志信息]: _keep_alive
Tue, 14 Feb 2023 13:36:55-root-loger.py-[line:125]-DEBUG-[日志信息]: _keep_alive
Tue, 14 Feb 2023 13:37:00-root-loger.py-[line:125]-DEBUG-[日志信息]: _keep_alive
Tue, 14 Feb 2023 13:37:05-root-loger.py-[line:125]-DEBUG-[日志信息]: _keep_alive
Tue, 14 Feb 2023 13:37:10-root-loger.py-[line:125]-DEBUG-[日志信息]: _keep_alive
Tue, 14 Feb 2023 13:37:15-root-loger.py-[line:125]-DEBUG-[日志信息]: _keep_alive
Tue, 14 Feb 2023 13:37:20-root-loger.py-[line:125]-DEBUG-[日志信息]: _keep_alive
Tue, 14 Feb 2023 13:37:25-root-loger.py-[line:125]-DEBUG-[日志信息]: _keep_alive
Tue, 14 Feb 2023 13:37:30-root-loger.py-[line:125]-DEBUG-[日志信息]: _keep_alive
Tue, 14 Feb 2023 13:37:35-root-loger.py-[line:125]-DEBUG-[日志信息]: _keep_alive
Tue, 14 Feb 2023 13:37:40-root-loger.py-[line:125]-DEBUG-[日志信息]: _keep_alive
Tue, 14 Feb 2023 13:37:45-root-loger.py-[line:125]-DEBUG-[日志信息]: _keep_alive
Tue, 14 Feb 2023 13:37:50-root-loger.py-[line:125]-DEBUG-[日志信息]: _keep_alive
Tue, 14 Feb 2023 13:37:55-root-loger.py-[line:125]-DEBUG-[日志信息]: _keep_alive
Tue, 14 Feb 2023 13:38:00-root-loger.py-[line:125]-DEBUG-[日志信息]: _keep_alive
Tue, 14 Feb 2023 13:38:05-root-loger.py-[line:125]-DEBUG-[日志信息]: _keep_alive
Tue, 14 Feb 2023 13:38:10-root-loger.py-[line:125]-DEBUG-[日志信息]: _keep_alive
Tue, 14 Feb 2023 13:38:15-root-loger.py-[line:125]-DEBUG-[日志信息]: _keep_alive
Tue, 14 Feb 2023 13:38:20-root-loger.py-[line:125]-DEBUG-[日志信息]: _keep_alive
Tue, 14 Feb 2023 13:38:25-root-loger.py-[line:125]-DEBUG-[日志信息]: _keep_alive
Tue, 14 Feb 2023 13:38:30-root-loger.py-[line:125]-DEBUG-[日志信息]: _keep_alive
Tue, 14 Feb 2023 13:38:35-root-loger.py-[line:125]-DEBUG-[日志信息]: _keep_alive
Tue, 14 Feb 2023 13:38:36-root-loger.py-[line:123]-INFO-[日志信息]: close
Tue, 14 Feb 2023 13:38:36-root-loger.py-[line:123]-INFO-[日志信息]: shutdown
Tue, 14 Feb 2023 13:38:36-root-loger.py-[line:123]-INFO-[日志信息]: 退出程序
Tue, 14 Feb 2023 14:56:57-root-loger.py-[line:123]-INFO-[日志信息]: 数据更新时间:2023-02-14 14:56:57
Tue, 14 Feb 2023 14:56:57-root-loger.py-[line:123]-INFO-[日志信息]: 数据库连接成功
Tue, 14 Feb 2023 14:57:04-root-loger.py-[line:123]-INFO-[日志信息]: close
Tue, 14 Feb 2023 14:57:04-root-loger.py-[line:123]-INFO-[日志信息]: shutdown
Tue, 14 Feb 2023 14:57:04-root-loger.py-[line:123]-INFO-[日志信息]: 退出程序
Tue, 14 Feb 2023 14:58:03-root-loger.py-[line:123]-INFO-[日志信息]: 数据更新时间:2023-02-14 14:58:03
Tue, 14 Feb 2023 14:58:03-root-loger.py-[line:123]-INFO-[日志信息]: 数据库连接成功
Tue, 14 Feb 2023 14:58:11-root-loger.py-[line:123]-INFO-[日志信息]: close
Tue, 14 Feb 2023 14:58:11-root-loger.py-[line:123]-INFO-[日志信息]: shutdown
Tue, 14 Feb 2023 14:58:11-root-loger.py-[line:123]-INFO-[日志信息]: 退出程序
Tue, 14 Feb 2023 14:58:21-root-loger.py-[line:123]-INFO-[日志信息]: 数据更新时间:2023-02-14 14:58:21
Tue, 14 Feb 2023 14:58:21-root-loger.py-[line:123]-INFO-[日志信息]: 数据库连接成功
Tue, 14 Feb 2023 14:58:28-root-loger.py-[line:123]-INFO-[日志信息]: close
Tue, 14 Feb 2023 14:58:28-root-loger.py-[line:123]-INFO-[日志信息]: shutdown
Tue, 14 Feb 2023 14:58:28-root-loger.py-[line:123]-INFO-[日志信息]: 退出程序
Tue, 14 Feb 2023 14:58:32-root-loger.py-[line:123]-INFO-[日志信息]: 数据更新时间:2023-02-14 14:58:32
Tue, 14 Feb 2023 14:58:32-root-loger.py-[line:123]-INFO-[日志信息]: 数据库连接成功
Tue, 14 Feb 2023 14:58:36-root-loger.py-[line:123]-INFO-[日志信息]: close
Tue, 14 Feb 2023 14:58:36-root-loger.py-[line:123]-INFO-[日志信息]: shutdown
Tue, 14 Feb 2023 14:58:36-root-loger.py-[line:123]-INFO-[日志信息]: 退出程序
Tue, 14 Feb 2023 15:01:44-root-loger.py-[line:123]-INFO-[日志信息]: 数据更新时间:2023-02-14 15:01:44
Tue, 14 Feb 2023 15:01:44-root-loger.py-[line:123]-INFO-[日志信息]: 数据库连接成功
Tue, 14 Feb 2023 15:01:50-root-loger.py-[line:123]-INFO-[日志信息]: close
Tue, 14 Feb 2023 15:01:50-root-loger.py-[line:123]-INFO-[日志信息]: shutdown
Tue, 14 Feb 2023 15:01:50-root-loger.py-[line:123]-INFO-[日志信息]: 退出程序
Tue, 14 Feb 2023 15:02:11-root-loger.py-[line:123]-INFO-[日志信息]: 数据更新时间:2023-02-14 15:02:11
Tue, 14 Feb 2023 15:02:11-root-loger.py-[line:123]-INFO-[日志信息]: 数据库连接成功
Tue, 14 Feb 2023 15:02:21-root-loger.py-[line:123]-INFO-[日志信息]: close
Tue, 14 Feb 2023 15:02:21-root-loger.py-[line:123]-INFO-[日志信息]: shutdown
Tue, 14 Feb 2023 15:02:21-root-loger.py-[line:123]-INFO-[日志信息]: 退出程序
Tue, 14 Feb 2023 15:02:54-root-loger.py-[line:123]-INFO-[日志信息]: 数据更新时间:2023-02-14 15:02:54
Tue, 14 Feb 2023 15:02:54-root-loger.py-[line:123]-INFO-[日志信息]: 数据库连接成功
Tue, 14 Feb 2023 15:03:00-root-loger.py-[line:123]-INFO-[日志信息]: close
Tue, 14 Feb 2023 15:03:00-root-loger.py-[line:123]-INFO-[日志信息]: shutdown
Tue, 14 Feb 2023 15:03:00-root-loger.py-[line:123]-INFO-[日志信息]: 退出程序
Tue, 14 Feb 2023 15:05:29-root-loger.py-[line:123]-INFO-[日志信息]: 数据更新时间:2023-02-14 15:05:29
Tue, 14 Feb 2023 15:05:29-root-loger.py-[line:123]-INFO-[日志信息]: 数据库连接成功
Tue, 14 Feb 2023 15:05:44-root-loger.py-[line:125]-DEBUG-[日志信息]: _keep_alive
Tue, 14 Feb 2023 15:05:49-root-loger.py-[line:125]-DEBUG-[日志信息]: _keep_alive
Tue, 14 Feb 2023 15:05:53-root-loger.py-[line:123]-INFO-[日志信息]: close
Tue, 14 Feb 2023 15:05:53-root-loger.py-[line:123]-INFO-[日志信息]: shutdown
Tue, 14 Feb 2023 15:05:53-root-loger.py-[line:123]-INFO-[日志信息]: 退出程序
Tue, 14 Feb 2023 15:09:11-root-loger.py-[line:123]-INFO-[日志信息]: 数据更新时间:2023-02-14 15:09:11
Tue, 14 Feb 2023 15:09:11-root-loger.py-[line:123]-INFO-[日志信息]: 数据库连接成功
Tue, 14 Feb 2023 15:09:21-root-loger.py-[line:123]-INFO-[日志信息]: close
Tue, 14 Feb 2023 15:09:21-root-loger.py-[line:123]-INFO-[日志信息]: shutdown
Tue, 14 Feb 2023 15:09:21-root-loger.py-[line:123]-INFO-[日志信息]: 退出程序
Tue, 14 Feb 2023 15:09:32-root-loger.py-[line:123]-INFO-[日志信息]: 数据更新时间:2023-02-14 15:09:32
Tue, 14 Feb 2023 15:09:32-root-loger.py-[line:123]-INFO-[日志信息]: 数据库连接成功
Tue, 14 Feb 2023 15:09:41-root-loger.py-[line:123]-INFO-[日志信息]: close
Tue, 14 Feb 2023 15:09:41-root-loger.py-[line:123]-INFO-[日志信息]: shutdown
Tue, 14 Feb 2023 15:09:42-root-loger.py-[line:123]-INFO-[日志信息]: 退出程序
