Mon, 13 Feb 2023 15:10:03-root-loger.py-[line:123]-INFO-[日志信息]: 数据更新时间:2023-02-13 15:10:03
Mon, 13 Feb 2023 15:10:03-root-loger.py-[line:123]-INFO-[日志信息]: 数据库连接成功
Mon, 13 Feb 2023 15:10:13-root-loger.py-[line:125]-DEBUG-[日志信息]: _keep_alive
Mon, 13 Feb 2023 15:10:18-root-loger.py-[line:125]-DEBUG-[日志信息]: _keep_alive
Mon, 13 Feb 2023 15:10:23-root-loger.py-[line:125]-DEBUG-[日志信息]: _keep_alive
Mon, 13 Feb 2023 15:10:28-root-loger.py-[line:125]-DEBUG-[日志信息]: _keep_alive
Mon, 13 Feb 2023 15:10:33-root-loger.py-[line:125]-DEBUG-[日志信息]: _keep_alive
Mon, 13 Feb 2023 15:10:37-root-loger.py-[line:123]-INFO-[日志信息]: close
Mon, 13 Feb 2023 15:10:37-root-loger.py-[line:123]-INFO-[日志信息]: shutdown
Mon, 13 Feb 2023 15:10:37-root-loger.py-[line:123]-INFO-[日志信息]: 退出程序
Mon, 13 Feb 2023 15:14:27-root-loger.py-[line:123]-INFO-[日志信息]: 数据更新时间:2023-02-13 15:14:27
Mon, 13 Feb 2023 15:14:27-root-loger.py-[line:123]-INFO-[日志信息]: 数据库连接成功
Mon, 13 Feb 2023 15:14:35-root-loger.py-[line:123]-INFO-[日志信息]: close
Mon, 13 Feb 2023 15:14:35-root-loger.py-[line:123]-INFO-[日志信息]: shutdown
Mon, 13 Feb 2023 15:14:35-root-loger.py-[line:123]-INFO-[日志信息]: 退出程序
Mon, 13 Feb 2023 15:14:46-root-loger.py-[line:123]-INFO-[日志信息]: 数据更新时间:2023-02-13 15:14:46
Mon, 13 Feb 2023 15:14:46-root-loger.py-[line:123]-INFO-[日志信息]: 数据库连接成功
Mon, 13 Feb 2023 15:14:56-root-loger.py-[line:125]-DEBUG-[日志信息]: _keep_alive
Mon, 13 Feb 2023 15:14:59-root-loger.py-[line:123]-INFO-[日志信息]: close
Mon, 13 Feb 2023 15:14:59-root-loger.py-[line:123]-INFO-[日志信息]: shutdown
Mon, 13 Feb 2023 15:14:59-root-loger.py-[line:123]-INFO-[日志信息]: 退出程序
Mon, 13 Feb 2023 15:51:12-root-loger.py-[line:123]-INFO-[日志信息]: 数据更新时间:2023-02-13 15:51:12
Mon, 13 Feb 2023 15:51:12-root-loger.py-[line:123]-INFO-[日志信息]: 数据库连接成功
Mon, 13 Feb 2023 15:51:22-root-loger.py-[line:125]-DEBUG-[日志信息]: _keep_alive
Mon, 13 Feb 2023 15:51:37-root-loger.py-[line:125]-DEBUG-[日志信息]: _keep_alive
Mon, 13 Feb 2023 15:51:42-root-loger.py-[line:125]-DEBUG-[日志信息]: _keep_alive
Mon, 13 Feb 2023 15:51:44-root-loger.py-[line:123]-INFO-[日志信息]: close
Mon, 13 Feb 2023 15:51:44-root-loger.py-[line:123]-INFO-[日志信息]: shutdown
Mon, 13 Feb 2023 15:51:44-root-loger.py-[line:123]-INFO-[日志信息]: 退出程序
Mon, 13 Feb 2023 15:59:39-root-loger.py-[line:123]-INFO-[日志信息]: 数据更新时间:2023-02-13 15:59:39
Mon, 13 Feb 2023 15:59:39-root-loger.py-[line:123]-INFO-[日志信息]: 数据库连接成功
Mon, 13 Feb 2023 15:59:49-root-loger.py-[line:125]-DEBUG-[日志信息]: _keep_alive
Mon, 13 Feb 2023 15:59:54-root-loger.py-[line:125]-DEBUG-[日志信息]: _keep_alive
Mon, 13 Feb 2023 15:59:59-root-loger.py-[line:125]-DEBUG-[日志信息]: _keep_alive
Mon, 13 Feb 2023 16:00:04-root-loger.py-[line:125]-DEBUG-[日志信息]: _keep_alive
Mon, 13 Feb 2023 16:00:09-root-loger.py-[line:125]-DEBUG-[日志信息]: _keep_alive
Mon, 13 Feb 2023 16:00:14-root-loger.py-[line:125]-DEBUG-[日志信息]: _keep_alive
Mon, 13 Feb 2023 16:00:19-root-loger.py-[line:125]-DEBUG-[日志信息]: _keep_alive
Mon, 13 Feb 2023 16:00:24-root-loger.py-[line:125]-DEBUG-[日志信息]: _keep_alive
Mon, 13 Feb 2023 16:00:29-root-loger.py-[line:125]-DEBUG-[日志信息]: _keep_alive
Mon, 13 Feb 2023 16:00:34-root-loger.py-[line:125]-DEBUG-[日志信息]: _keep_alive
Mon, 13 Feb 2023 16:00:39-root-loger.py-[line:125]-DEBUG-[日志信息]: _keep_alive
Mon, 13 Feb 2023 16:00:44-root-loger.py-[line:125]-DEBUG-[日志信息]: _keep_alive
Mon, 13 Feb 2023 16:00:49-root-loger.py-[line:125]-DEBUG-[日志信息]: _keep_alive
Mon, 13 Feb 2023 16:00:54-root-loger.py-[line:125]-DEBUG-[日志信息]: _keep_alive
Mon, 13 Feb 2023 16:00:59-root-loger.py-[line:125]-DEBUG-[日志信息]: _keep_alive
Mon, 13 Feb 2023 16:01:04-root-loger.py-[line:125]-DEBUG-[日志信息]: _keep_alive
Mon, 13 Feb 2023 16:01:09-root-loger.py-[line:125]-DEBUG-[日志信息]: _keep_alive
Mon, 13 Feb 2023 16:01:14-root-loger.py-[line:125]-DEBUG-[日志信息]: _keep_alive
Mon, 13 Feb 2023 16:01:19-root-loger.py-[line:125]-DEBUG-[日志信息]: _keep_alive
Mon, 13 Feb 2023 16:01:24-root-loger.py-[line:125]-DEBUG-[日志信息]: _keep_alive
Mon, 13 Feb 2023 16:01:29-root-loger.py-[line:125]-DEBUG-[日志信息]: _keep_alive
Mon, 13 Feb 2023 16:01:34-root-loger.py-[line:125]-DEBUG-[日志信息]: _keep_alive
Mon, 13 Feb 2023 16:01:39-root-loger.py-[line:125]-DEBUG-[日志信息]: _keep_alive
Mon, 13 Feb 2023 16:01:44-root-loger.py-[line:125]-DEBUG-[日志信息]: _keep_alive
Mon, 13 Feb 2023 16:01:49-root-loger.py-[line:125]-DEBUG-[日志信息]: _keep_alive
Mon, 13 Feb 2023 16:01:54-root-loger.py-[line:125]-DEBUG-[日志信息]: _keep_alive
Mon, 13 Feb 2023 16:01:59-root-loger.py-[line:125]-DEBUG-[日志信息]: _keep_alive
Mon, 13 Feb 2023 16:02:04-root-loger.py-[line:125]-DEBUG-[日志信息]: _keep_alive
Mon, 13 Feb 2023 16:02:09-root-loger.py-[line:125]-DEBUG-[日志信息]: _keep_alive
Mon, 13 Feb 2023 16:02:14-root-loger.py-[line:125]-DEBUG-[日志信息]: _keep_alive
Mon, 13 Feb 2023 16:02:19-root-loger.py-[line:125]-DEBUG-[日志信息]: _keep_alive
Mon, 13 Feb 2023 16:02:24-root-loger.py-[line:125]-DEBUG-[日志信息]: _keep_alive
Mon, 13 Feb 2023 16:02:29-root-loger.py-[line:125]-DEBUG-[日志信息]: _keep_alive
Mon, 13 Feb 2023 16:02:34-root-loger.py-[line:125]-DEBUG-[日志信息]: _keep_alive
Mon, 13 Feb 2023 16:02:39-root-loger.py-[line:125]-DEBUG-[日志信息]: _keep_alive
Mon, 13 Feb 2023 16:02:44-root-loger.py-[line:125]-DEBUG-[日志信息]: _keep_alive
Mon, 13 Feb 2023 16:02:49-root-loger.py-[line:125]-DEBUG-[日志信息]: _keep_alive
Mon, 13 Feb 2023 16:02:54-root-loger.py-[line:125]-DEBUG-[日志信息]: _keep_alive
Mon, 13 Feb 2023 16:02:59-root-loger.py-[line:125]-DEBUG-[日志信息]: _keep_alive
Mon, 13 Feb 2023 16:03:04-root-loger.py-[line:125]-DEBUG-[日志信息]: _keep_alive
Mon, 13 Feb 2023 16:03:09-root-loger.py-[line:125]-DEBUG-[日志信息]: _keep_alive
Mon, 13 Feb 2023 16:03:14-root-loger.py-[line:125]-DEBUG-[日志信息]: _keep_alive
Mon, 13 Feb 2023 16:03:19-root-loger.py-[line:125]-DEBUG-[日志信息]: _keep_alive
Mon, 13 Feb 2023 16:03:24-root-loger.py-[line:125]-DEBUG-[日志信息]: _keep_alive
Mon, 13 Feb 2023 16:03:29-root-loger.py-[line:125]-DEBUG-[日志信息]: _keep_alive
Mon, 13 Feb 2023 16:03:34-root-loger.py-[line:125]-DEBUG-[日志信息]: _keep_alive
Mon, 13 Feb 2023 16:03:39-root-loger.py-[line:125]-DEBUG-[日志信息]: _keep_alive
Mon, 13 Feb 2023 16:03:44-root-loger.py-[line:125]-DEBUG-[日志信息]: _keep_alive
Mon, 13 Feb 2023 16:03:49-root-loger.py-[line:125]-DEBUG-[日志信息]: _keep_alive
Mon, 13 Feb 2023 16:03:54-root-loger.py-[line:125]-DEBUG-[日志信息]: _keep_alive
Mon, 13 Feb 2023 16:03:59-root-loger.py-[line:125]-DEBUG-[日志信息]: _keep_alive
Mon, 13 Feb 2023 16:04:04-root-loger.py-[line:125]-DEBUG-[日志信息]: _keep_alive
Mon, 13 Feb 2023 16:04:09-root-loger.py-[line:125]-DEBUG-[日志信息]: _keep_alive
Mon, 13 Feb 2023 16:04:14-root-loger.py-[line:125]-DEBUG-[日志信息]: _keep_alive
Mon, 13 Feb 2023 16:04:19-root-loger.py-[line:125]-DEBUG-[日志信息]: _keep_alive
Mon, 13 Feb 2023 16:04:24-root-loger.py-[line:125]-DEBUG-[日志信息]: _keep_alive
Mon, 13 Feb 2023 16:04:29-root-loger.py-[line:125]-DEBUG-[日志信息]: _keep_alive
Mon, 13 Feb 2023 16:04:34-root-loger.py-[line:125]-DEBUG-[日志信息]: _keep_alive
Mon, 13 Feb 2023 16:04:39-root-loger.py-[line:125]-DEBUG-[日志信息]: _keep_alive
Mon, 13 Feb 2023 16:04:44-root-loger.py-[line:125]-DEBUG-[日志信息]: _keep_alive
Mon, 13 Feb 2023 16:04:49-root-loger.py-[line:125]-DEBUG-[日志信息]: _keep_alive
Mon, 13 Feb 2023 16:04:54-root-loger.py-[line:125]-DEBUG-[日志信息]: _keep_alive
Mon, 13 Feb 2023 16:04:59-root-loger.py-[line:125]-DEBUG-[日志信息]: _keep_alive
Mon, 13 Feb 2023 16:05:04-root-loger.py-[line:125]-DEBUG-[日志信息]: _keep_alive
Mon, 13 Feb 2023 16:05:09-root-loger.py-[line:125]-DEBUG-[日志信息]: _keep_alive
Mon, 13 Feb 2023 16:05:14-root-loger.py-[line:125]-DEBUG-[日志信息]: _keep_alive
Mon, 13 Feb 2023 16:05:19-root-loger.py-[line:125]-DEBUG-[日志信息]: _keep_alive
Mon, 13 Feb 2023 16:05:24-root-loger.py-[line:125]-DEBUG-[日志信息]: _keep_alive
Mon, 13 Feb 2023 16:05:29-root-loger.py-[line:125]-DEBUG-[日志信息]: _keep_alive
Mon, 13 Feb 2023 16:05:34-root-loger.py-[line:125]-DEBUG-[日志信息]: _keep_alive
Mon, 13 Feb 2023 16:05:39-root-loger.py-[line:125]-DEBUG-[日志信息]: _keep_alive
Mon, 13 Feb 2023 16:05:44-root-loger.py-[line:125]-DEBUG-[日志信息]: _keep_alive
Mon, 13 Feb 2023 16:05:49-root-loger.py-[line:125]-DEBUG-[日志信息]: _keep_alive
Mon, 13 Feb 2023 16:05:54-root-loger.py-[line:125]-DEBUG-[日志信息]: _keep_alive
Mon, 13 Feb 2023 16:05:59-root-loger.py-[line:125]-DEBUG-[日志信息]: _keep_alive
Mon, 13 Feb 2023 16:06:04-root-loger.py-[line:125]-DEBUG-[日志信息]: _keep_alive
Mon, 13 Feb 2023 16:06:09-root-loger.py-[line:125]-DEBUG-[日志信息]: _keep_alive
Mon, 13 Feb 2023 16:06:14-root-loger.py-[line:125]-DEBUG-[日志信息]: _keep_alive
Mon, 13 Feb 2023 16:06:19-root-loger.py-[line:125]-DEBUG-[日志信息]: _keep_alive
Mon, 13 Feb 2023 16:06:24-root-loger.py-[line:125]-DEBUG-[日志信息]: _keep_alive
Mon, 13 Feb 2023 16:06:29-root-loger.py-[line:125]-DEBUG-[日志信息]: _keep_alive
Mon, 13 Feb 2023 16:06:34-root-loger.py-[line:125]-DEBUG-[日志信息]: _keep_alive
Mon, 13 Feb 2023 16:06:39-root-loger.py-[line:125]-DEBUG-[日志信息]: _keep_alive
Mon, 13 Feb 2023 16:06:44-root-loger.py-[line:125]-DEBUG-[日志信息]: _keep_alive
Mon, 13 Feb 2023 16:06:49-root-loger.py-[line:125]-DEBUG-[日志信息]: _keep_alive
Mon, 13 Feb 2023 16:06:54-root-loger.py-[line:125]-DEBUG-[日志信息]: _keep_alive
Mon, 13 Feb 2023 16:06:59-root-loger.py-[line:125]-DEBUG-[日志信息]: _keep_alive
Mon, 13 Feb 2023 16:07:04-root-loger.py-[line:125]-DEBUG-[日志信息]: _keep_alive
Mon, 13 Feb 2023 16:07:09-root-loger.py-[line:125]-DEBUG-[日志信息]: _keep_alive
Mon, 13 Feb 2023 16:07:14-root-loger.py-[line:125]-DEBUG-[日志信息]: _keep_alive
Mon, 13 Feb 2023 16:07:19-root-loger.py-[line:125]-DEBUG-[日志信息]: _keep_alive
Mon, 13 Feb 2023 16:07:24-root-loger.py-[line:125]-DEBUG-[日志信息]: _keep_alive
Mon, 13 Feb 2023 16:07:29-root-loger.py-[line:125]-DEBUG-[日志信息]: _keep_alive
Mon, 13 Feb 2023 16:07:34-root-loger.py-[line:125]-DEBUG-[日志信息]: _keep_alive
Mon, 13 Feb 2023 16:07:39-root-loger.py-[line:125]-DEBUG-[日志信息]: _keep_alive
Mon, 13 Feb 2023 16:07:44-root-loger.py-[line:125]-DEBUG-[日志信息]: _keep_alive
Mon, 13 Feb 2023 16:07:49-root-loger.py-[line:125]-DEBUG-[日志信息]: _keep_alive
Mon, 13 Feb 2023 16:07:54-root-loger.py-[line:125]-DEBUG-[日志信息]: _keep_alive
Mon, 13 Feb 2023 16:07:59-root-loger.py-[line:125]-DEBUG-[日志信息]: _keep_alive
Mon, 13 Feb 2023 16:08:04-root-loger.py-[line:125]-DEBUG-[日志信息]: _keep_alive
Mon, 13 Feb 2023 16:08:09-root-loger.py-[line:125]-DEBUG-[日志信息]: _keep_alive
Mon, 13 Feb 2023 16:08:14-root-loger.py-[line:125]-DEBUG-[日志信息]: _keep_alive
Mon, 13 Feb 2023 16:08:19-root-loger.py-[line:125]-DEBUG-[日志信息]: _keep_alive
Mon, 13 Feb 2023 16:08:24-root-loger.py-[line:125]-DEBUG-[日志信息]: _keep_alive
Mon, 13 Feb 2023 16:08:29-root-loger.py-[line:125]-DEBUG-[日志信息]: _keep_alive
Mon, 13 Feb 2023 16:08:34-root-loger.py-[line:125]-DEBUG-[日志信息]: _keep_alive
Mon, 13 Feb 2023 16:08:39-root-loger.py-[line:125]-DEBUG-[日志信息]: _keep_alive
Mon, 13 Feb 2023 16:08:44-root-loger.py-[line:125]-DEBUG-[日志信息]: _keep_alive
Mon, 13 Feb 2023 16:08:49-root-loger.py-[line:125]-DEBUG-[日志信息]: _keep_alive
Mon, 13 Feb 2023 16:08:54-root-loger.py-[line:125]-DEBUG-[日志信息]: _keep_alive
Mon, 13 Feb 2023 16:08:59-root-loger.py-[line:125]-DEBUG-[日志信息]: _keep_alive
Mon, 13 Feb 2023 16:09:04-root-loger.py-[line:125]-DEBUG-[日志信息]: _keep_alive
Mon, 13 Feb 2023 16:09:09-root-loger.py-[line:125]-DEBUG-[日志信息]: _keep_alive
Mon, 13 Feb 2023 16:09:14-root-loger.py-[line:125]-DEBUG-[日志信息]: _keep_alive
Mon, 13 Feb 2023 16:09:19-root-loger.py-[line:125]-DEBUG-[日志信息]: _keep_alive
Mon, 13 Feb 2023 16:09:24-root-loger.py-[line:125]-DEBUG-[日志信息]: _keep_alive
Mon, 13 Feb 2023 16:09:29-root-loger.py-[line:125]-DEBUG-[日志信息]: _keep_alive
Mon, 13 Feb 2023 16:09:34-root-loger.py-[line:125]-DEBUG-[日志信息]: _keep_alive
Mon, 13 Feb 2023 16:09:39-root-loger.py-[line:125]-DEBUG-[日志信息]: _keep_alive
Mon, 13 Feb 2023 16:09:44-root-loger.py-[line:125]-DEBUG-[日志信息]: _keep_alive
Mon, 13 Feb 2023 16:09:49-root-loger.py-[line:125]-DEBUG-[日志信息]: _keep_alive
Mon, 13 Feb 2023 16:09:54-root-loger.py-[line:125]-DEBUG-[日志信息]: _keep_alive
Mon, 13 Feb 2023 16:10:29-root-loger.py-[line:125]-DEBUG-[日志信息]: _keep_alive
Mon, 13 Feb 2023 16:10:34-root-loger.py-[line:125]-DEBUG-[日志信息]: _keep_alive
Mon, 13 Feb 2023 19:41:34-root-loger.py-[line:125]-DEBUG-[日志信息]: _keep_alive
Mon, 13 Feb 2023 19:41:39-root-loger.py-[line:125]-DEBUG-[日志信息]: _keep_alive
Mon, 13 Feb 2023 19:41:44-root-loger.py-[line:125]-DEBUG-[日志信息]: _keep_alive
Mon, 13 Feb 2023 19:41:49-root-loger.py-[line:125]-DEBUG-[日志信息]: _keep_alive
Mon, 13 Feb 2023 20:00:24-root-loger.py-[line:125]-DEBUG-[日志信息]: _keep_alive
