Sun, 12 Feb 2023 19:27:30-root-loger.py-[line:123]-INFO-[日志信息]: 数据库连接成功
Sun, 12 Feb 2023 19:29:02-root-loger.py-[line:123]-INFO-[日志信息]: 数据库连接成功
Sun, 12 Feb 2023 19:30:18-root-loger.py-[line:123]-INFO-[日志信息]: 数据库连接成功
Sun, 12 Feb 2023 19:31:44-root-loger.py-[line:123]-INFO-[日志信息]: 数据库连接成功
Sun, 12 Feb 2023 19:32:17-root-loger.py-[line:123]-INFO-[日志信息]: 数据库连接成功
Sun, 12 Feb 2023 19:32:27-root-loger.py-[line:125]-DEBUG-[日志信息]: _keep_alive
Sun, 12 Feb 2023 19:47:28-root-loger.py-[line:123]-INFO-[日志信息]: 数据库连接成功
Sun, 12 Feb 2023 19:49:19-root-loger.py-[line:123]-INFO-[日志信息]: 数据库连接成功
Sun, 12 Feb 2023 19:50:06-root-loger.py-[line:123]-INFO-[日志信息]: 数据库连接成功
Sun, 12 Feb 2023 19:50:44-root-loger.py-[line:123]-INFO-[日志信息]: 数据库连接成功
Sun, 12 Feb 2023 19:51:23-root-loger.py-[line:123]-INFO-[日志信息]: 数据更新时间:2023-02-12 19:51:23
Sun, 12 Feb 2023 19:51:23-root-loger.py-[line:123]-INFO-[日志信息]: 数据库连接成功
Sun, 12 Feb 2023 19:51:59-root-loger.py-[line:123]-INFO-[日志信息]: 数据更新时间:2023-02-12 19:51:59
Sun, 12 Feb 2023 19:51:59-root-loger.py-[line:123]-INFO-[日志信息]: 数据库连接成功
Sun, 12 Feb 2023 19:52:09-root-loger.py-[line:125]-DEBUG-[日志信息]: _keep_alive
Sun, 12 Feb 2023 19:52:14-root-loger.py-[line:125]-DEBUG-[日志信息]: _keep_alive
Sun, 12 Feb 2023 19:52:35-root-loger.py-[line:123]-INFO-[日志信息]: 数据更新时间:2023-02-12 19:52:35
Sun, 12 Feb 2023 19:52:35-root-loger.py-[line:123]-INFO-[日志信息]: 数据库连接成功
Sun, 12 Feb 2023 19:53:10-root-loger.py-[line:123]-INFO-[日志信息]: 数据更新时间:2023-02-12 19:53:10
Sun, 12 Feb 2023 19:53:10-root-loger.py-[line:123]-INFO-[日志信息]: 数据库连接成功
Sun, 12 Feb 2023 19:53:20-root-loger.py-[line:125]-DEBUG-[日志信息]: _keep_alive
Sun, 12 Feb 2023 19:53:34-root-loger.py-[line:123]-INFO-[日志信息]: 数据更新时间:2023-02-12 19:53:34
Sun, 12 Feb 2023 19:53:34-root-loger.py-[line:123]-INFO-[日志信息]: 数据库连接成功
Sun, 12 Feb 2023 19:53:45-root-loger.py-[line:123]-INFO-[日志信息]: 数据更新时间:2023-02-12 19:53:45
Sun, 12 Feb 2023 19:53:45-root-loger.py-[line:123]-INFO-[日志信息]: 数据库连接成功
Sun, 12 Feb 2023 19:53:55-root-loger.py-[line:125]-DEBUG-[日志信息]: _keep_alive
Sun, 12 Feb 2023 19:54:23-root-loger.py-[line:123]-INFO-[日志信息]: 数据更新时间:2023-02-12 19:54:23
Sun, 12 Feb 2023 19:54:23-root-loger.py-[line:123]-INFO-[日志信息]: 数据库连接成功
Sun, 12 Feb 2023 19:54:33-root-loger.py-[line:125]-DEBUG-[日志信息]: _keep_alive
Sun, 12 Feb 2023 19:54:38-root-loger.py-[line:125]-DEBUG-[日志信息]: _keep_alive
Sun, 12 Feb 2023 19:54:43-root-loger.py-[line:125]-DEBUG-[日志信息]: _keep_alive
Sun, 12 Feb 2023 19:54:48-root-loger.py-[line:125]-DEBUG-[日志信息]: _keep_alive
Sun, 12 Feb 2023 19:54:53-root-loger.py-[line:125]-DEBUG-[日志信息]: _keep_alive
Sun, 12 Feb 2023 19:54:58-root-loger.py-[line:125]-DEBUG-[日志信息]: _keep_alive
Sun, 12 Feb 2023 19:55:03-root-loger.py-[line:125]-DEBUG-[日志信息]: _keep_alive
Sun, 12 Feb 2023 19:55:08-root-loger.py-[line:125]-DEBUG-[日志信息]: _keep_alive
Sun, 12 Feb 2023 19:55:25-root-loger.py-[line:123]-INFO-[日志信息]: 数据更新时间:2023-02-12 19:55:25
Sun, 12 Feb 2023 19:55:25-root-loger.py-[line:123]-INFO-[日志信息]: 数据库连接成功
Sun, 12 Feb 2023 19:55:31-root-loger.py-[line:123]-INFO-[日志信息]: 数据更新时间:2023-02-12 19:55:31
Sun, 12 Feb 2023 19:55:31-root-loger.py-[line:123]-INFO-[日志信息]: 数据库连接成功
Sun, 12 Feb 2023 19:56:00-root-loger.py-[line:123]-INFO-[日志信息]: 数据更新时间:2023-02-12 19:56:00
Sun, 12 Feb 2023 19:56:00-root-loger.py-[line:123]-INFO-[日志信息]: 数据库连接成功
Sun, 12 Feb 2023 19:56:11-root-loger.py-[line:123]-INFO-[日志信息]: 数据更新时间:2023-02-12 19:56:11
Sun, 12 Feb 2023 19:56:11-root-loger.py-[line:123]-INFO-[日志信息]: 数据库连接成功
Sun, 12 Feb 2023 19:56:18-root-loger.py-[line:123]-INFO-[日志信息]: 数据更新时间:2023-02-12 19:56:18
Sun, 12 Feb 2023 19:56:18-root-loger.py-[line:123]-INFO-[日志信息]: 数据库连接成功
Sun, 12 Feb 2023 19:56:43-root-loger.py-[line:123]-INFO-[日志信息]: 数据更新时间:2023-02-12 19:56:43
Sun, 12 Feb 2023 19:56:43-root-loger.py-[line:123]-INFO-[日志信息]: 数据库连接成功
Sun, 12 Feb 2023 19:57:00-root-loger.py-[line:123]-INFO-[日志信息]: 数据更新时间:2023-02-12 19:57:00
Sun, 12 Feb 2023 19:57:00-root-loger.py-[line:123]-INFO-[日志信息]: 数据库连接成功
Sun, 12 Feb 2023 19:57:30-root-loger.py-[line:123]-INFO-[日志信息]: 数据更新时间:2023-02-12 19:57:30
Sun, 12 Feb 2023 19:57:30-root-loger.py-[line:123]-INFO-[日志信息]: 数据库连接成功
Sun, 12 Feb 2023 19:58:10-root-loger.py-[line:123]-INFO-[日志信息]: 数据更新时间:2023-02-12 19:58:10
Sun, 12 Feb 2023 19:58:10-root-loger.py-[line:123]-INFO-[日志信息]: 数据库连接成功
Sun, 12 Feb 2023 20:01:09-root-loger.py-[line:123]-INFO-[日志信息]: 数据更新时间:2023-02-12 20:01:09
Sun, 12 Feb 2023 20:01:09-root-loger.py-[line:123]-INFO-[日志信息]: 数据库连接成功
Sun, 12 Feb 2023 20:01:19-root-loger.py-[line:125]-DEBUG-[日志信息]: _keep_alive
Sun, 12 Feb 2023 20:03:33-root-loger.py-[line:123]-INFO-[日志信息]: 数据更新时间:2023-02-12 20:03:33
Sun, 12 Feb 2023 20:03:33-root-loger.py-[line:123]-INFO-[日志信息]: 数据库连接成功
Sun, 12 Feb 2023 20:05:17-root-loger.py-[line:123]-INFO-[日志信息]: 数据更新时间:2023-02-12 20:05:17
Sun, 12 Feb 2023 20:05:17-root-loger.py-[line:123]-INFO-[日志信息]: 数据库连接成功
Sun, 12 Feb 2023 20:05:27-root-loger.py-[line:125]-DEBUG-[日志信息]: _keep_alive
Sun, 12 Feb 2023 20:05:32-root-loger.py-[line:123]-INFO-[日志信息]: 数据更新时间:2023-02-12 20:05:32
Sun, 12 Feb 2023 20:05:32-root-loger.py-[line:123]-INFO-[日志信息]: 数据库连接成功
Sun, 12 Feb 2023 20:08:58-root-loger.py-[line:123]-INFO-[日志信息]: 数据更新时间:2023-02-12 20:08:58
Sun, 12 Feb 2023 20:08:58-root-loger.py-[line:123]-INFO-[日志信息]: 数据库连接成功
Sun, 12 Feb 2023 20:13:19-root-loger.py-[line:123]-INFO-[日志信息]: 数据更新时间:2023-02-12 20:13:19
Sun, 12 Feb 2023 20:13:19-root-loger.py-[line:123]-INFO-[日志信息]: 数据库连接成功
Sun, 12 Feb 2023 20:13:29-root-loger.py-[line:125]-DEBUG-[日志信息]: _keep_alive
Sun, 12 Feb 2023 20:13:34-root-loger.py-[line:125]-DEBUG-[日志信息]: _keep_alive
Sun, 12 Feb 2023 20:14:44-root-loger.py-[line:123]-INFO-[日志信息]: 数据更新时间:2023-02-12 20:14:44
Sun, 12 Feb 2023 20:14:44-root-loger.py-[line:123]-INFO-[日志信息]: 数据库连接成功
Sun, 12 Feb 2023 20:15:44-root-loger.py-[line:123]-INFO-[日志信息]: 数据更新时间:2023-02-12 20:15:44
Sun, 12 Feb 2023 20:15:44-root-loger.py-[line:123]-INFO-[日志信息]: 数据库连接成功
Sun, 12 Feb 2023 20:16:00-root-loger.py-[line:123]-INFO-[日志信息]: 数据更新时间:2023-02-12 20:16:00
Sun, 12 Feb 2023 20:16:00-root-loger.py-[line:123]-INFO-[日志信息]: 数据库连接成功
Sun, 12 Feb 2023 20:16:28-root-loger.py-[line:123]-INFO-[日志信息]: 数据更新时间:2023-02-12 20:16:28
Sun, 12 Feb 2023 20:16:28-root-loger.py-[line:123]-INFO-[日志信息]: 数据库连接成功
Sun, 12 Feb 2023 20:16:38-root-loger.py-[line:125]-DEBUG-[日志信息]: _keep_alive
Sun, 12 Feb 2023 20:16:43-root-loger.py-[line:125]-DEBUG-[日志信息]: _keep_alive
Sun, 12 Feb 2023 20:20:21-root-loger.py-[line:123]-INFO-[日志信息]: 数据更新时间:2023-02-12 20:20:21
Sun, 12 Feb 2023 20:20:21-root-loger.py-[line:123]-INFO-[日志信息]: 数据库连接成功
Sun, 12 Feb 2023 20:21:48-root-loger.py-[line:123]-INFO-[日志信息]: 数据更新时间:2023-02-12 20:21:48
Sun, 12 Feb 2023 20:21:48-root-loger.py-[line:123]-INFO-[日志信息]: 数据库连接成功
Sun, 12 Feb 2023 20:21:58-root-loger.py-[line:125]-DEBUG-[日志信息]: _keep_alive
Sun, 12 Feb 2023 20:22:03-root-loger.py-[line:125]-DEBUG-[日志信息]: _keep_alive
Sun, 12 Feb 2023 20:22:54-root-loger.py-[line:123]-INFO-[日志信息]: 数据更新时间:2023-02-12 20:22:54
Sun, 12 Feb 2023 20:22:54-root-loger.py-[line:123]-INFO-[日志信息]: 数据库连接成功
Sun, 12 Feb 2023 20:23:09-root-loger.py-[line:125]-DEBUG-[日志信息]: _keep_alive
Sun, 12 Feb 2023 20:23:14-root-loger.py-[line:125]-DEBUG-[日志信息]: _keep_alive
Sun, 12 Feb 2023 20:23:19-root-loger.py-[line:125]-DEBUG-[日志信息]: _keep_alive
Sun, 12 Feb 2023 20:23:24-root-loger.py-[line:125]-DEBUG-[日志信息]: _keep_alive
Sun, 12 Feb 2023 20:23:29-root-loger.py-[line:125]-DEBUG-[日志信息]: _keep_alive
Sun, 12 Feb 2023 20:23:34-root-loger.py-[line:125]-DEBUG-[日志信息]: _keep_alive
Sun, 12 Feb 2023 20:23:39-root-loger.py-[line:125]-DEBUG-[日志信息]: _keep_alive
Sun, 12 Feb 2023 20:23:44-root-loger.py-[line:125]-DEBUG-[日志信息]: _keep_alive
Sun, 12 Feb 2023 20:23:49-root-loger.py-[line:125]-DEBUG-[日志信息]: _keep_alive
Sun, 12 Feb 2023 20:23:54-root-loger.py-[line:125]-DEBUG-[日志信息]: _keep_alive
Sun, 12 Feb 2023 20:23:59-root-loger.py-[line:125]-DEBUG-[日志信息]: _keep_alive
Sun, 12 Feb 2023 20:24:04-root-loger.py-[line:125]-DEBUG-[日志信息]: _keep_alive
Sun, 12 Feb 2023 20:24:09-root-loger.py-[line:125]-DEBUG-[日志信息]: _keep_alive
Sun, 12 Feb 2023 20:24:14-root-loger.py-[line:125]-DEBUG-[日志信息]: _keep_alive
Sun, 12 Feb 2023 20:24:19-root-loger.py-[line:125]-DEBUG-[日志信息]: _keep_alive
Sun, 12 Feb 2023 20:24:24-root-loger.py-[line:125]-DEBUG-[日志信息]: _keep_alive
Sun, 12 Feb 2023 20:24:29-root-loger.py-[line:125]-DEBUG-[日志信息]: _keep_alive
Sun, 12 Feb 2023 20:24:34-root-loger.py-[line:125]-DEBUG-[日志信息]: _keep_alive
Sun, 12 Feb 2023 20:24:39-root-loger.py-[line:125]-DEBUG-[日志信息]: _keep_alive
Sun, 12 Feb 2023 20:24:44-root-loger.py-[line:125]-DEBUG-[日志信息]: _keep_alive
Sun, 12 Feb 2023 20:24:49-root-loger.py-[line:125]-DEBUG-[日志信息]: _keep_alive
Sun, 12 Feb 2023 20:24:54-root-loger.py-[line:125]-DEBUG-[日志信息]: _keep_alive
Sun, 12 Feb 2023 20:24:59-root-loger.py-[line:125]-DEBUG-[日志信息]: _keep_alive
Sun, 12 Feb 2023 20:25:04-root-loger.py-[line:125]-DEBUG-[日志信息]: _keep_alive
Sun, 12 Feb 2023 20:25:09-root-loger.py-[line:125]-DEBUG-[日志信息]: _keep_alive
Sun, 12 Feb 2023 20:25:14-root-loger.py-[line:125]-DEBUG-[日志信息]: _keep_alive
Sun, 12 Feb 2023 20:25:19-root-loger.py-[line:125]-DEBUG-[日志信息]: _keep_alive
Sun, 12 Feb 2023 20:25:24-root-loger.py-[line:125]-DEBUG-[日志信息]: _keep_alive
Sun, 12 Feb 2023 20:25:29-root-loger.py-[line:125]-DEBUG-[日志信息]: _keep_alive
Sun, 12 Feb 2023 20:25:34-root-loger.py-[line:125]-DEBUG-[日志信息]: _keep_alive
Sun, 12 Feb 2023 20:25:39-root-loger.py-[line:125]-DEBUG-[日志信息]: _keep_alive
Sun, 12 Feb 2023 20:25:44-root-loger.py-[line:125]-DEBUG-[日志信息]: _keep_alive
Sun, 12 Feb 2023 20:25:49-root-loger.py-[line:125]-DEBUG-[日志信息]: _keep_alive
Sun, 12 Feb 2023 20:25:54-root-loger.py-[line:125]-DEBUG-[日志信息]: _keep_alive
Sun, 12 Feb 2023 20:25:59-root-loger.py-[line:125]-DEBUG-[日志信息]: _keep_alive
Sun, 12 Feb 2023 20:26:04-root-loger.py-[line:125]-DEBUG-[日志信息]: _keep_alive
Sun, 12 Feb 2023 20:26:09-root-loger.py-[line:125]-DEBUG-[日志信息]: _keep_alive
Sun, 12 Feb 2023 20:26:14-root-loger.py-[line:125]-DEBUG-[日志信息]: _keep_alive
Sun, 12 Feb 2023 20:26:19-root-loger.py-[line:125]-DEBUG-[日志信息]: _keep_alive
Sun, 12 Feb 2023 20:26:24-root-loger.py-[line:125]-DEBUG-[日志信息]: _keep_alive
Sun, 12 Feb 2023 20:26:29-root-loger.py-[line:125]-DEBUG-[日志信息]: _keep_alive
Sun, 12 Feb 2023 20:26:34-root-loger.py-[line:125]-DEBUG-[日志信息]: _keep_alive
Sun, 12 Feb 2023 20:26:39-root-loger.py-[line:125]-DEBUG-[日志信息]: _keep_alive
Sun, 12 Feb 2023 20:26:44-root-loger.py-[line:125]-DEBUG-[日志信息]: _keep_alive
Sun, 12 Feb 2023 20:26:49-root-loger.py-[line:125]-DEBUG-[日志信息]: _keep_alive
Sun, 12 Feb 2023 20:26:54-root-loger.py-[line:125]-DEBUG-[日志信息]: _keep_alive
Sun, 12 Feb 2023 20:26:59-root-loger.py-[line:125]-DEBUG-[日志信息]: _keep_alive
Sun, 12 Feb 2023 20:27:04-root-loger.py-[line:125]-DEBUG-[日志信息]: _keep_alive
Sun, 12 Feb 2023 20:27:09-root-loger.py-[line:125]-DEBUG-[日志信息]: _keep_alive
Sun, 12 Feb 2023 20:27:14-root-loger.py-[line:125]-DEBUG-[日志信息]: _keep_alive
Sun, 12 Feb 2023 20:27:19-root-loger.py-[line:125]-DEBUG-[日志信息]: _keep_alive
Sun, 12 Feb 2023 20:27:24-root-loger.py-[line:125]-DEBUG-[日志信息]: _keep_alive
Sun, 12 Feb 2023 20:27:29-root-loger.py-[line:125]-DEBUG-[日志信息]: _keep_alive
Sun, 12 Feb 2023 20:27:34-root-loger.py-[line:125]-DEBUG-[日志信息]: _keep_alive
Sun, 12 Feb 2023 20:27:39-root-loger.py-[line:125]-DEBUG-[日志信息]: _keep_alive
Sun, 12 Feb 2023 20:27:44-root-loger.py-[line:125]-DEBUG-[日志信息]: _keep_alive
Sun, 12 Feb 2023 20:27:49-root-loger.py-[line:125]-DEBUG-[日志信息]: _keep_alive
Sun, 12 Feb 2023 20:27:54-root-loger.py-[line:125]-DEBUG-[日志信息]: _keep_alive
Sun, 12 Feb 2023 20:27:59-root-loger.py-[line:125]-DEBUG-[日志信息]: _keep_alive
Sun, 12 Feb 2023 20:28:04-root-loger.py-[line:125]-DEBUG-[日志信息]: _keep_alive
Sun, 12 Feb 2023 20:28:09-root-loger.py-[line:125]-DEBUG-[日志信息]: _keep_alive
Sun, 12 Feb 2023 20:28:14-root-loger.py-[line:125]-DEBUG-[日志信息]: _keep_alive
Sun, 12 Feb 2023 20:28:19-root-loger.py-[line:125]-DEBUG-[日志信息]: _keep_alive
Sun, 12 Feb 2023 20:28:24-root-loger.py-[line:125]-DEBUG-[日志信息]: _keep_alive
Sun, 12 Feb 2023 20:28:29-root-loger.py-[line:125]-DEBUG-[日志信息]: _keep_alive
Sun, 12 Feb 2023 20:28:34-root-loger.py-[line:125]-DEBUG-[日志信息]: _keep_alive
Sun, 12 Feb 2023 20:28:39-root-loger.py-[line:125]-DEBUG-[日志信息]: _keep_alive
Sun, 12 Feb 2023 20:28:44-root-loger.py-[line:125]-DEBUG-[日志信息]: _keep_alive
Sun, 12 Feb 2023 20:28:49-root-loger.py-[line:125]-DEBUG-[日志信息]: _keep_alive
Sun, 12 Feb 2023 20:28:54-root-loger.py-[line:125]-DEBUG-[日志信息]: _keep_alive
Sun, 12 Feb 2023 20:28:59-root-loger.py-[line:125]-DEBUG-[日志信息]: _keep_alive
Sun, 12 Feb 2023 20:29:04-root-loger.py-[line:125]-DEBUG-[日志信息]: _keep_alive
Sun, 12 Feb 2023 20:29:09-root-loger.py-[line:125]-DEBUG-[日志信息]: _keep_alive
Sun, 12 Feb 2023 20:29:14-root-loger.py-[line:125]-DEBUG-[日志信息]: _keep_alive
Sun, 12 Feb 2023 20:29:19-root-loger.py-[line:125]-DEBUG-[日志信息]: _keep_alive
Sun, 12 Feb 2023 20:29:24-root-loger.py-[line:125]-DEBUG-[日志信息]: _keep_alive
Sun, 12 Feb 2023 20:29:29-root-loger.py-[line:125]-DEBUG-[日志信息]: _keep_alive
Sun, 12 Feb 2023 20:29:34-root-loger.py-[line:125]-DEBUG-[日志信息]: _keep_alive
Sun, 12 Feb 2023 20:29:39-root-loger.py-[line:125]-DEBUG-[日志信息]: _keep_alive
Sun, 12 Feb 2023 20:29:44-root-loger.py-[line:125]-DEBUG-[日志信息]: _keep_alive
Sun, 12 Feb 2023 20:29:49-root-loger.py-[line:125]-DEBUG-[日志信息]: _keep_alive
Sun, 12 Feb 2023 20:29:54-root-loger.py-[line:125]-DEBUG-[日志信息]: _keep_alive
Sun, 12 Feb 2023 20:29:59-root-loger.py-[line:125]-DEBUG-[日志信息]: _keep_alive
Sun, 12 Feb 2023 20:30:04-root-loger.py-[line:125]-DEBUG-[日志信息]: _keep_alive
Sun, 12 Feb 2023 20:30:09-root-loger.py-[line:125]-DEBUG-[日志信息]: _keep_alive
Sun, 12 Feb 2023 20:30:14-root-loger.py-[line:125]-DEBUG-[日志信息]: _keep_alive
Sun, 12 Feb 2023 20:30:19-root-loger.py-[line:125]-DEBUG-[日志信息]: _keep_alive
Sun, 12 Feb 2023 20:30:24-root-loger.py-[line:125]-DEBUG-[日志信息]: _keep_alive
Sun, 12 Feb 2023 20:30:29-root-loger.py-[line:125]-DEBUG-[日志信息]: _keep_alive
Sun, 12 Feb 2023 20:30:34-root-loger.py-[line:125]-DEBUG-[日志信息]: _keep_alive
Sun, 12 Feb 2023 20:30:39-root-loger.py-[line:125]-DEBUG-[日志信息]: _keep_alive
Sun, 12 Feb 2023 20:30:44-root-loger.py-[line:125]-DEBUG-[日志信息]: _keep_alive
Sun, 12 Feb 2023 20:30:49-root-loger.py-[line:125]-DEBUG-[日志信息]: _keep_alive
Sun, 12 Feb 2023 20:30:54-root-loger.py-[line:125]-DEBUG-[日志信息]: _keep_alive
Sun, 12 Feb 2023 20:30:59-root-loger.py-[line:125]-DEBUG-[日志信息]: _keep_alive
Sun, 12 Feb 2023 20:31:04-root-loger.py-[line:125]-DEBUG-[日志信息]: _keep_alive
Sun, 12 Feb 2023 20:31:09-root-loger.py-[line:125]-DEBUG-[日志信息]: _keep_alive
Sun, 12 Feb 2023 20:31:14-root-loger.py-[line:125]-DEBUG-[日志信息]: _keep_alive
Sun, 12 Feb 2023 20:31:19-root-loger.py-[line:125]-DEBUG-[日志信息]: _keep_alive
Sun, 12 Feb 2023 20:31:24-root-loger.py-[line:125]-DEBUG-[日志信息]: _keep_alive
Sun, 12 Feb 2023 20:31:29-root-loger.py-[line:125]-DEBUG-[日志信息]: _keep_alive
Sun, 12 Feb 2023 20:31:34-root-loger.py-[line:125]-DEBUG-[日志信息]: _keep_alive
Sun, 12 Feb 2023 20:31:39-root-loger.py-[line:125]-DEBUG-[日志信息]: _keep_alive
Sun, 12 Feb 2023 20:31:44-root-loger.py-[line:125]-DEBUG-[日志信息]: _keep_alive
Sun, 12 Feb 2023 20:31:49-root-loger.py-[line:125]-DEBUG-[日志信息]: _keep_alive
Sun, 12 Feb 2023 20:31:54-root-loger.py-[line:125]-DEBUG-[日志信息]: _keep_alive
Sun, 12 Feb 2023 20:31:59-root-loger.py-[line:125]-DEBUG-[日志信息]: _keep_alive
Sun, 12 Feb 2023 20:32:04-root-loger.py-[line:125]-DEBUG-[日志信息]: _keep_alive
Sun, 12 Feb 2023 20:32:09-root-loger.py-[line:125]-DEBUG-[日志信息]: _keep_alive
Sun, 12 Feb 2023 20:32:14-root-loger.py-[line:125]-DEBUG-[日志信息]: _keep_alive
Sun, 12 Feb 2023 20:32:19-root-loger.py-[line:125]-DEBUG-[日志信息]: _keep_alive
Sun, 12 Feb 2023 20:32:24-root-loger.py-[line:125]-DEBUG-[日志信息]: _keep_alive
Sun, 12 Feb 2023 20:32:29-root-loger.py-[line:125]-DEBUG-[日志信息]: _keep_alive
Sun, 12 Feb 2023 20:32:34-root-loger.py-[line:125]-DEBUG-[日志信息]: _keep_alive
Sun, 12 Feb 2023 20:32:39-root-loger.py-[line:125]-DEBUG-[日志信息]: _keep_alive
Sun, 12 Feb 2023 20:32:44-root-loger.py-[line:125]-DEBUG-[日志信息]: _keep_alive
Sun, 12 Feb 2023 20:32:49-root-loger.py-[line:125]-DEBUG-[日志信息]: _keep_alive
Sun, 12 Feb 2023 20:32:54-root-loger.py-[line:125]-DEBUG-[日志信息]: _keep_alive
Sun, 12 Feb 2023 20:32:59-root-loger.py-[line:125]-DEBUG-[日志信息]: _keep_alive
Sun, 12 Feb 2023 20:33:04-root-loger.py-[line:125]-DEBUG-[日志信息]: _keep_alive
Sun, 12 Feb 2023 20:33:09-root-loger.py-[line:125]-DEBUG-[日志信息]: _keep_alive
Sun, 12 Feb 2023 20:33:14-root-loger.py-[line:125]-DEBUG-[日志信息]: _keep_alive
Sun, 12 Feb 2023 20:33:19-root-loger.py-[line:125]-DEBUG-[日志信息]: _keep_alive
Sun, 12 Feb 2023 20:33:24-root-loger.py-[line:125]-DEBUG-[日志信息]: _keep_alive
Sun, 12 Feb 2023 20:33:31-root-loger.py-[line:123]-INFO-[日志信息]: 数据更新时间:2023-02-12 20:33:31
Sun, 12 Feb 2023 20:33:31-root-loger.py-[line:123]-INFO-[日志信息]: 数据库连接成功
Sun, 12 Feb 2023 20:33:41-root-loger.py-[line:125]-DEBUG-[日志信息]: _keep_alive
Sun, 12 Feb 2023 20:33:50-root-loger.py-[line:123]-INFO-[日志信息]: 数据更新时间:2023-02-12 20:33:50
Sun, 12 Feb 2023 20:33:50-root-loger.py-[line:123]-INFO-[日志信息]: 数据库连接成功
Sun, 12 Feb 2023 20:34:09-root-loger.py-[line:123]-INFO-[日志信息]: 数据更新时间:2023-02-12 20:34:09
Sun, 12 Feb 2023 20:34:09-root-loger.py-[line:123]-INFO-[日志信息]: 数据库连接成功
Sun, 12 Feb 2023 20:34:16-root-loger.py-[line:123]-INFO-[日志信息]: 数据更新时间:2023-02-12 20:34:16
Sun, 12 Feb 2023 20:34:16-root-loger.py-[line:123]-INFO-[日志信息]: 数据库连接成功
Sun, 12 Feb 2023 20:34:26-root-loger.py-[line:125]-DEBUG-[日志信息]: _keep_alive
Sun, 12 Feb 2023 20:34:31-root-loger.py-[line:125]-DEBUG-[日志信息]: _keep_alive
Sun, 12 Feb 2023 20:34:36-root-loger.py-[line:125]-DEBUG-[日志信息]: _keep_alive
Sun, 12 Feb 2023 20:34:41-root-loger.py-[line:125]-DEBUG-[日志信息]: _keep_alive
Sun, 12 Feb 2023 20:34:46-root-loger.py-[line:125]-DEBUG-[日志信息]: _keep_alive
Sun, 12 Feb 2023 20:34:51-root-loger.py-[line:125]-DEBUG-[日志信息]: _keep_alive
Sun, 12 Feb 2023 20:34:56-root-loger.py-[line:125]-DEBUG-[日志信息]: _keep_alive
Sun, 12 Feb 2023 20:35:01-root-loger.py-[line:125]-DEBUG-[日志信息]: _keep_alive
Sun, 12 Feb 2023 20:35:06-root-loger.py-[line:125]-DEBUG-[日志信息]: _keep_alive
Sun, 12 Feb 2023 20:35:11-root-loger.py-[line:125]-DEBUG-[日志信息]: _keep_alive
Sun, 12 Feb 2023 20:35:16-root-loger.py-[line:125]-DEBUG-[日志信息]: _keep_alive
Sun, 12 Feb 2023 20:35:21-root-loger.py-[line:125]-DEBUG-[日志信息]: _keep_alive
Sun, 12 Feb 2023 20:35:26-root-loger.py-[line:125]-DEBUG-[日志信息]: _keep_alive
Sun, 12 Feb 2023 20:35:31-root-loger.py-[line:125]-DEBUG-[日志信息]: _keep_alive
Sun, 12 Feb 2023 20:35:36-root-loger.py-[line:125]-DEBUG-[日志信息]: _keep_alive
Sun, 12 Feb 2023 20:35:41-root-loger.py-[line:125]-DEBUG-[日志信息]: _keep_alive
Sun, 12 Feb 2023 20:35:46-root-loger.py-[line:125]-DEBUG-[日志信息]: _keep_alive
Sun, 12 Feb 2023 20:35:51-root-loger.py-[line:125]-DEBUG-[日志信息]: _keep_alive
Sun, 12 Feb 2023 20:35:56-root-loger.py-[line:125]-DEBUG-[日志信息]: _keep_alive
Sun, 12 Feb 2023 20:36:01-root-loger.py-[line:125]-DEBUG-[日志信息]: _keep_alive
Sun, 12 Feb 2023 20:36:06-root-loger.py-[line:125]-DEBUG-[日志信息]: _keep_alive
Sun, 12 Feb 2023 20:36:09-root-loger.py-[line:123]-INFO-[日志信息]: 数据更新时间:2023-02-12 20:36:09
Sun, 12 Feb 2023 20:36:09-root-loger.py-[line:123]-INFO-[日志信息]: 数据库连接成功
Sun, 12 Feb 2023 20:43:09-root-loger.py-[line:123]-INFO-[日志信息]: 数据更新时间:2023-02-12 20:43:09
Sun, 12 Feb 2023 20:43:09-root-loger.py-[line:123]-INFO-[日志信息]: 数据库连接成功
Sun, 12 Feb 2023 20:43:37-root-loger.py-[line:123]-INFO-[日志信息]: 数据更新时间:2023-02-12 20:43:37
Sun, 12 Feb 2023 20:43:37-root-loger.py-[line:123]-INFO-[日志信息]: 数据库连接成功
Sun, 12 Feb 2023 20:43:52-root-loger.py-[line:125]-DEBUG-[日志信息]: _keep_alive
Sun, 12 Feb 2023 20:43:57-root-loger.py-[line:125]-DEBUG-[日志信息]: _keep_alive
Sun, 12 Feb 2023 20:44:02-root-loger.py-[line:125]-DEBUG-[日志信息]: _keep_alive
Sun, 12 Feb 2023 20:44:07-root-loger.py-[line:125]-DEBUG-[日志信息]: _keep_alive
Sun, 12 Feb 2023 20:44:12-root-loger.py-[line:125]-DEBUG-[日志信息]: _keep_alive
Sun, 12 Feb 2023 20:44:17-root-loger.py-[line:125]-DEBUG-[日志信息]: _keep_alive
Sun, 12 Feb 2023 20:44:22-root-loger.py-[line:125]-DEBUG-[日志信息]: _keep_alive
Sun, 12 Feb 2023 20:44:27-root-loger.py-[line:125]-DEBUG-[日志信息]: _keep_alive
Sun, 12 Feb 2023 20:45:58-root-loger.py-[line:123]-INFO-[日志信息]: 数据更新时间:2023-02-12 20:45:58
Sun, 12 Feb 2023 20:45:58-root-loger.py-[line:123]-INFO-[日志信息]: 数据库连接成功
Sun, 12 Feb 2023 20:46:00-root-loger.py-[line:123]-INFO-[日志信息]: close
Sun, 12 Feb 2023 20:46:00-root-loger.py-[line:123]-INFO-[日志信息]: shutdown
Sun, 12 Feb 2023 20:46:00-root-loger.py-[line:123]-INFO-[日志信息]: 退出程序
