Tue, 14 Feb 2023 10:26:58-root-loger.py-[line:123]-INFO-[日志信息]: 数据更新时间:2023-02-14 10:26:58
Tue, 14 Feb 2023 10:26:58-root-loger.py-[line:123]-INFO-[日志信息]: 数据库连接成功
Tue, 14 Feb 2023 10:27:12-root-loger.py-[line:123]-INFO-[日志信息]: close
Tue, 14 Feb 2023 10:27:12-root-loger.py-[line:123]-INFO-[日志信息]: shutdown
Tue, 14 Feb 2023 10:27:12-root-loger.py-[line:123]-INFO-[日志信息]: 退出程序
Tue, 14 Feb 2023 10:33:31-root-loger.py-[line:123]-INFO-[日志信息]: 数据更新时间:2023-02-14 10:33:31
Tue, 14 Feb 2023 10:33:31-root-loger.py-[line:123]-INFO-[日志信息]: 数据库连接成功
Tue, 14 Feb 2023 10:33:46-root-loger.py-[line:125]-DEBUG-[日志信息]: _keep_alive
Tue, 14 Feb 2023 10:33:51-root-loger.py-[line:125]-DEBUG-[日志信息]: _keep_alive
Tue, 14 Feb 2023 10:33:56-root-loger.py-[line:125]-DEBUG-[日志信息]: _keep_alive
Tue, 14 Feb 2023 10:34:01-root-loger.py-[line:125]-DEBUG-[日志信息]: _keep_alive
Tue, 14 Feb 2023 10:34:06-root-loger.py-[line:125]-DEBUG-[日志信息]: _keep_alive
Tue, 14 Feb 2023 10:34:11-root-loger.py-[line:125]-DEBUG-[日志信息]: _keep_alive
Tue, 14 Feb 2023 10:34:16-root-loger.py-[line:125]-DEBUG-[日志信息]: _keep_alive
Tue, 14 Feb 2023 10:34:21-root-loger.py-[line:125]-DEBUG-[日志信息]: _keep_alive
Tue, 14 Feb 2023 10:34:26-root-loger.py-[line:125]-DEBUG-[日志信息]: _keep_alive
Tue, 14 Feb 2023 10:34:31-root-loger.py-[line:125]-DEBUG-[日志信息]: _keep_alive
Tue, 14 Feb 2023 10:34:36-root-loger.py-[line:125]-DEBUG-[日志信息]: _keep_alive
Tue, 14 Feb 2023 10:34:41-root-loger.py-[line:125]-DEBUG-[日志信息]: _keep_alive
Tue, 14 Feb 2023 10:34:46-root-loger.py-[line:125]-DEBUG-[日志信息]: _keep_alive
Tue, 14 Feb 2023 10:34:51-root-loger.py-[line:125]-DEBUG-[日志信息]: _keep_alive
Tue, 14 Feb 2023 10:34:56-root-loger.py-[line:125]-DEBUG-[日志信息]: _keep_alive
Tue, 14 Feb 2023 10:35:01-root-loger.py-[line:125]-DEBUG-[日志信息]: _keep_alive
Tue, 14 Feb 2023 10:35:06-root-loger.py-[line:125]-DEBUG-[日志信息]: _keep_alive
Tue, 14 Feb 2023 10:35:11-root-loger.py-[line:125]-DEBUG-[日志信息]: _keep_alive
Tue, 14 Feb 2023 10:35:16-root-loger.py-[line:125]-DEBUG-[日志信息]: _keep_alive
Tue, 14 Feb 2023 10:35:21-root-loger.py-[line:125]-DEBUG-[日志信息]: _keep_alive
Tue, 14 Feb 2023 10:35:26-root-loger.py-[line:125]-DEBUG-[日志信息]: _keep_alive
Tue, 14 Feb 2023 10:35:31-root-loger.py-[line:125]-DEBUG-[日志信息]: _keep_alive
Tue, 14 Feb 2023 10:35:36-root-loger.py-[line:125]-DEBUG-[日志信息]: _keep_alive
Tue, 14 Feb 2023 10:35:41-root-loger.py-[line:125]-DEBUG-[日志信息]: _keep_alive
Tue, 14 Feb 2023 10:35:46-root-loger.py-[line:125]-DEBUG-[日志信息]: _keep_alive
Tue, 14 Feb 2023 10:35:51-root-loger.py-[line:125]-DEBUG-[日志信息]: _keep_alive
Tue, 14 Feb 2023 10:35:56-root-loger.py-[line:125]-DEBUG-[日志信息]: _keep_alive
Tue, 14 Feb 2023 10:36:01-root-loger.py-[line:125]-DEBUG-[日志信息]: _keep_alive
Tue, 14 Feb 2023 10:36:06-root-loger.py-[line:125]-DEBUG-[日志信息]: _keep_alive
Tue, 14 Feb 2023 10:36:11-root-loger.py-[line:125]-DEBUG-[日志信息]: _keep_alive
Tue, 14 Feb 2023 10:36:16-root-loger.py-[line:125]-DEBUG-[日志信息]: _keep_alive
Tue, 14 Feb 2023 10:36:21-root-loger.py-[line:125]-DEBUG-[日志信息]: _keep_alive
Tue, 14 Feb 2023 10:36:26-root-loger.py-[line:125]-DEBUG-[日志信息]: _keep_alive
Tue, 14 Feb 2023 10:36:31-root-loger.py-[line:125]-DEBUG-[日志信息]: _keep_alive
Tue, 14 Feb 2023 10:36:36-root-loger.py-[line:125]-DEBUG-[日志信息]: _keep_alive
Tue, 14 Feb 2023 10:36:41-root-loger.py-[line:125]-DEBUG-[日志信息]: _keep_alive
Tue, 14 Feb 2023 10:36:46-root-loger.py-[line:125]-DEBUG-[日志信息]: _keep_alive
Tue, 14 Feb 2023 10:36:51-root-loger.py-[line:125]-DEBUG-[日志信息]: _keep_alive
Tue, 14 Feb 2023 10:36:56-root-loger.py-[line:125]-DEBUG-[日志信息]: _keep_alive
Tue, 14 Feb 2023 10:37:01-root-loger.py-[line:125]-DEBUG-[日志信息]: _keep_alive
Tue, 14 Feb 2023 10:37:06-root-loger.py-[line:125]-DEBUG-[日志信息]: _keep_alive
Tue, 14 Feb 2023 10:37:11-root-loger.py-[line:125]-DEBUG-[日志信息]: _keep_alive
Tue, 14 Feb 2023 10:37:16-root-loger.py-[line:125]-DEBUG-[日志信息]: _keep_alive
Tue, 14 Feb 2023 10:37:21-root-loger.py-[line:125]-DEBUG-[日志信息]: _keep_alive
Tue, 14 Feb 2023 10:37:26-root-loger.py-[line:125]-DEBUG-[日志信息]: _keep_alive
Tue, 14 Feb 2023 10:37:29-root-loger.py-[line:123]-INFO-[日志信息]: close
Tue, 14 Feb 2023 10:37:29-root-loger.py-[line:123]-INFO-[日志信息]: shutdown
Tue, 14 Feb 2023 10:37:29-root-loger.py-[line:123]-INFO-[日志信息]: 退出程序
